<?xml version="1.0" encoding="UTF-8"?>
<coverage generated="1632315516699" clover="3.2.0">
  <project timestamp="1632315516699" name="All files">
    <metrics statements="391" coveredstatements="365" conditionals="112" coveredconditionals="90" methods="141" coveredmethods="106" elements="644" coveredelements="561" complexity="0" loc="391" ncloc="391" packages="7" files="23" classes="23"/>
    <package name="react">
      <metrics statements="16" coveredstatements="15" conditionals="2" coveredconditionals="1" methods="6" coveredmethods="5"/>
      <file name="BadgesArea.tsx" path="/Users/anabaptistao/Documents/Badges e Frente de loja/badges/react/BadgesArea.tsx">
        <metrics statements="6" coveredstatements="6" conditionals="0" coveredconditionals="0" methods="3" coveredmethods="3"/>
        <line num="12" count="1" type="stmt"/>
        <line num="13" count="5" type="stmt"/>
        <line num="17" count="5" type="stmt"/>
        <line num="19" count="5" type="stmt"/>
        <line num="31" count="1" type="stmt"/>
        <line num="38" count="1" type="stmt"/>
      </file>
      <file name="BadgesStore.tsx" path="/Users/anabaptistao/Documents/Badges e Frente de loja/badges/react/BadgesStore.tsx">
        <metrics statements="10" coveredstatements="9" conditionals="2" coveredconditionals="1" methods="3" coveredmethods="2"/>
        <line num="9" count="1" type="stmt"/>
        <line num="11" count="1" type="stmt"/>
        <line num="12" count="1" type="stmt"/>
        <line num="14" count="1" type="stmt"/>
        <line num="16" count="1" type="stmt"/>
        <line num="17" count="1" type="cond" truecount="1" falsecount="1"/>
        <line num="19" count="1" type="stmt"/>
        <line num="22" count="1" type="stmt"/>
        <line num="29" count="1" type="stmt"/>
        <line num="32" count="0" type="stmt"/>
      </file>
    </package>
    <package name="react.AddBadges">
      <metrics statements="7" coveredstatements="7" conditionals="4" coveredconditionals="4" methods="2" coveredmethods="2"/>
      <file name="index.tsx" path="/Users/anabaptistao/Documents/Badges e Frente de loja/badges/react/AddBadges/index.tsx">
        <metrics statements="7" coveredstatements="7" conditionals="4" coveredconditionals="4" methods="2" coveredmethods="2"/>
        <line num="15" count="2" type="stmt"/>
        <line num="16" count="24" type="stmt"/>
        <line num="18" count="24" type="stmt"/>
        <line num="19" count="24" type="cond" truecount="2" falsecount="0"/>
        <line num="21" count="2" type="cond" truecount="2" falsecount="0"/>
        <line num="23" count="1" type="stmt"/>
        <line num="26" count="24" type="stmt"/>
      </file>
    </package>
    <package name="react.Components">
      <metrics statements="87" coveredstatements="82" conditionals="14" coveredconditionals="14" methods="31" coveredmethods="28"/>
      <file name="alert.tsx" path="/Users/anabaptistao/Documents/Badges e Frente de loja/badges/react/Components/alert.tsx">
        <metrics statements="8" coveredstatements="8" conditionals="4" coveredconditionals="4" methods="1" coveredmethods="1"/>
        <line num="10" count="5" type="stmt"/>
        <line num="11" count="41" type="stmt"/>
        <line num="13" count="41" type="stmt"/>
        <line num="15" count="41" type="cond" truecount="2" falsecount="0"/>
        <line num="16" count="1" type="stmt"/>
        <line num="23" count="40" type="cond" truecount="2" falsecount="0"/>
        <line num="24" count="19" type="stmt"/>
        <line num="31" count="21" type="stmt"/>
      </file>
      <file name="button.tsx" path="/Users/anabaptistao/Documents/Badges e Frente de loja/badges/react/Components/button.tsx">
        <metrics statements="7" coveredstatements="7" conditionals="0" coveredconditionals="0" methods="4" coveredmethods="4"/>
        <line num="9" count="5" type="stmt"/>
        <line num="10" count="45" type="stmt"/>
        <line num="12" count="45" type="stmt"/>
        <line num="14" count="45" type="stmt"/>
        <line num="21" count="1" type="stmt"/>
        <line num="28" count="1" type="stmt"/>
        <line num="35" count="1" type="stmt"/>
      </file>
      <file name="buttonSave.tsx" path="/Users/anabaptistao/Documents/Badges e Frente de loja/badges/react/Components/buttonSave.tsx">
        <metrics statements="4" coveredstatements="4" conditionals="0" coveredconditionals="0" methods="1" coveredmethods="1"/>
        <line num="9" count="3" type="stmt"/>
        <line num="10" count="26" type="stmt"/>
        <line num="12" count="26" type="stmt"/>
        <line num="14" count="26" type="stmt"/>
      </file>
      <file name="conditions.tsx" path="/Users/anabaptistao/Documents/Badges e Frente de loja/badges/react/Components/conditions.tsx">
        <metrics statements="6" coveredstatements="5" conditionals="0" coveredconditionals="0" methods="2" coveredmethods="1"/>
        <line num="10" count="5" type="stmt"/>
        <line num="11" count="40" type="stmt"/>
        <line num="13" count="40" type="stmt"/>
        <line num="15" count="40" type="stmt"/>
        <line num="17" count="40" type="stmt"/>
        <line num="25" count="0" type="stmt"/>
      </file>
      <file name="divider.tsx" path="/Users/anabaptistao/Documents/Badges e Frente de loja/badges/react/Components/divider.tsx">
        <metrics statements="2" coveredstatements="2" conditionals="0" coveredconditionals="0" methods="1" coveredmethods="1"/>
        <line num="5" count="5" type="stmt"/>
        <line num="6" count="39" type="stmt"/>
      </file>
      <file name="file.tsx" path="/Users/anabaptistao/Documents/Badges e Frente de loja/badges/react/Components/file.tsx">
        <metrics statements="4" coveredstatements="4" conditionals="0" coveredconditionals="0" methods="1" coveredmethods="1"/>
        <line num="9" count="3" type="stmt"/>
        <line num="10" count="23" type="stmt"/>
        <line num="11" count="23" type="stmt"/>
        <line num="13" count="23" type="stmt"/>
      </file>
      <file name="imageEdit.tsx" path="/Users/anabaptistao/Documents/Badges e Frente de loja/badges/react/Components/imageEdit.tsx">
        <metrics statements="10" coveredstatements="10" conditionals="4" coveredconditionals="4" methods="3" coveredmethods="3"/>
        <line num="9" count="4" type="stmt"/>
        <line num="10" count="14" type="stmt"/>
        <line num="12" count="14" type="stmt"/>
        <line num="14" count="14" type="cond" truecount="2" falsecount="0"/>
        <line num="15" count="2" type="stmt"/>
        <line num="23" count="1" type="stmt"/>
        <line num="24" count="1" type="stmt"/>
        <line num="33" count="12" type="stmt"/>
        <line num="58" count="1" type="stmt"/>
        <line num="59" count="1" type="stmt"/>
      </file>
      <file name="input.tsx" path="/Users/anabaptistao/Documents/Badges e Frente de loja/badges/react/Components/input.tsx">
        <metrics statements="10" coveredstatements="10" conditionals="2" coveredconditionals="2" methods="3" coveredmethods="3"/>
        <line num="14" count="5" type="stmt"/>
        <line num="15" count="45" type="stmt"/>
        <line num="17" count="45" type="stmt"/>
        <line num="19" count="45" type="stmt"/>
        <line num="20" count="1" type="stmt"/>
        <line num="23" count="45" type="stmt"/>
        <line num="24" count="1" type="stmt"/>
        <line num="27" count="45" type="cond" truecount="2" falsecount="0"/>
        <line num="28" count="40" type="stmt"/>
        <line num="41" count="5" type="stmt"/>
      </file>
      <file name="modalDelete.tsx" path="/Users/anabaptistao/Documents/Badges e Frente de loja/badges/react/Components/modalDelete.tsx">
        <metrics statements="11" coveredstatements="9" conditionals="0" coveredconditionals="0" methods="5" coveredmethods="4"/>
        <line num="9" count="3" type="stmt"/>
        <line num="10" count="4" type="stmt"/>
        <line num="12" count="4" type="stmt"/>
        <line num="15" count="1" type="stmt"/>
        <line num="18" count="4" type="stmt"/>
        <line num="30" count="1" type="stmt"/>
        <line num="31" count="1" type="stmt"/>
        <line num="42" count="1" type="stmt"/>
        <line num="43" count="1" type="stmt"/>
        <line num="52" count="0" type="stmt"/>
        <line num="53" count="0" type="stmt"/>
      </file>
      <file name="modalEdit.tsx" path="/Users/anabaptistao/Documents/Badges e Frente de loja/badges/react/Components/modalEdit.tsx">
        <metrics statements="16" coveredstatements="14" conditionals="4" coveredconditionals="4" methods="6" coveredmethods="5"/>
        <line num="18" count="3" type="stmt"/>
        <line num="19" count="7" type="stmt"/>
        <line num="21" count="7" type="stmt"/>
        <line num="22" count="7" type="cond" truecount="2" falsecount="0"/>
        <line num="24" count="2" type="cond" truecount="2" falsecount="0"/>
        <line num="26" count="1" type="stmt"/>
        <line num="29" count="7" type="stmt"/>
        <line num="32" count="1" type="stmt"/>
        <line num="33" count="1" type="stmt"/>
        <line num="36" count="7" type="stmt"/>
        <line num="48" count="1" type="stmt"/>
        <line num="49" count="1" type="stmt"/>
        <line num="60" count="1" type="stmt"/>
        <line num="61" count="1" type="stmt"/>
        <line num="70" count="0" type="stmt"/>
        <line num="71" count="0" type="stmt"/>
      </file>
      <file name="textarea.tsx" path="/Users/anabaptistao/Documents/Badges e Frente de loja/badges/react/Components/textarea.tsx">
        <metrics statements="5" coveredstatements="5" conditionals="0" coveredconditionals="0" methods="2" coveredmethods="2"/>
        <line num="9" count="5" type="stmt"/>
        <line num="10" count="5" type="stmt"/>
        <line num="12" count="5" type="stmt"/>
        <line num="14" count="5" type="stmt"/>
        <line num="20" count="1" type="stmt"/>
      </file>
      <file name="validations.tsx" path="/Users/anabaptistao/Documents/Badges e Frente de loja/badges/react/Components/validations.tsx">
        <metrics statements="4" coveredstatements="4" conditionals="0" coveredconditionals="0" methods="2" coveredmethods="2"/>
        <line num="6" count="5" type="stmt"/>
        <line num="7" count="40" type="stmt"/>
        <line num="9" count="40" type="stmt"/>
        <line num="12" count="21" type="stmt"/>
      </file>
    </package>
    <package name="react.Context">
      <metrics statements="1" coveredstatements="1" conditionals="0" coveredconditionals="0" methods="20" coveredmethods="0"/>
      <file name="context.tsx" path="/Users/anabaptistao/Documents/Badges e Frente de loja/badges/react/Context/context.tsx">
        <metrics statements="1" coveredstatements="1" conditionals="0" coveredconditionals="0" methods="20" coveredmethods="0"/>
        <line num="65" count="17" type="stmt"/>
      </file>
    </package>
    <package name="react.EditBadges">
      <metrics statements="29" coveredstatements="25" conditionals="6" coveredconditionals="5" methods="12" coveredmethods="8"/>
      <file name="index.tsx" path="/Users/anabaptistao/Documents/Badges e Frente de loja/badges/react/EditBadges/index.tsx">
        <metrics statements="29" coveredstatements="25" conditionals="6" coveredconditionals="5" methods="12" coveredmethods="8"/>
        <line num="11" count="2" type="stmt"/>
        <line num="12" count="15" type="stmt"/>
        <line num="13" count="15" type="stmt"/>
        <line num="14" count="15" type="stmt"/>
        <line num="25" count="15" type="stmt"/>
        <line num="27" count="0" type="stmt"/>
        <line num="29" count="0" type="stmt"/>
        <line num="33" count="0" type="stmt"/>
        <line num="36" count="0" type="stmt"/>
        <line num="42" count="1" type="stmt"/>
        <line num="43" count="1" type="stmt"/>
        <line num="44" count="1" type="stmt"/>
        <line num="46" count="1" type="stmt"/>
        <line num="50" count="1" type="cond" truecount="1" falsecount="1"/>
        <line num="51" count="1" type="stmt"/>
        <line num="53" count="1" type="stmt"/>
        <line num="55" count="1" type="stmt"/>
        <line num="57" count="1" type="stmt"/>
        <line num="65" count="2" type="stmt"/>
        <line num="73" count="1" type="stmt"/>
        <line num="79" count="15" type="cond" truecount="2" falsecount="0"/>
        <line num="80" count="14" type="cond" truecount="2" falsecount="0"/>
        <line num="82" count="13" type="stmt"/>
        <line num="92" count="1" type="stmt"/>
        <line num="93" count="1" type="stmt"/>
        <line num="96" count="1" type="stmt"/>
        <line num="97" count="1" type="stmt"/>
        <line num="102" count="1" type="stmt"/>
        <line num="103" count="1" type="stmt"/>
      </file>
    </package>
    <package name="react.Provider">
      <metrics statements="174" coveredstatements="172" conditionals="48" coveredconditionals="42" methods="33" coveredmethods="33"/>
      <file name="provider.tsx" path="/Users/anabaptistao/Documents/Badges e Frente de loja/badges/react/Provider/provider.tsx">
        <metrics statements="174" coveredstatements="172" conditionals="48" coveredconditionals="42" methods="33" coveredmethods="33"/>
        <line num="29" count="2" type="stmt"/>
        <line num="30" count="221" type="stmt"/>
        <line num="31" count="221" type="stmt"/>
        <line num="32" count="221" type="stmt"/>
        <line num="33" count="221" type="stmt"/>
        <line num="34" count="221" type="stmt"/>
        <line num="35" count="221" type="stmt"/>
        <line num="36" count="221" type="stmt"/>
        <line num="37" count="221" type="stmt"/>
        <line num="42" count="221" type="stmt"/>
        <line num="49" count="221" type="stmt"/>
        <line num="50" count="221" type="stmt"/>
        <line num="51" count="221" type="stmt"/>
        <line num="52" count="221" type="stmt"/>
        <line num="53" count="221" type="stmt"/>
        <line num="54" count="221" type="stmt"/>
        <line num="56" count="221" type="stmt"/>
        <line num="57" count="221" type="stmt"/>
        <line num="59" count="221" type="stmt"/>
        <line num="61" count="221" type="stmt"/>
        <line num="62" count="221" type="stmt"/>
        <line num="63" count="221" type="stmt"/>
        <line num="64" count="221" type="stmt"/>
        <line num="66" count="221" type="stmt"/>
        <line num="67" count="221" type="stmt"/>
        <line num="68" count="221" type="stmt"/>
        <line num="69" count="221" type="stmt"/>
        <line num="70" count="221" type="stmt"/>
        <line num="71" count="221" type="stmt"/>
        <line num="73" count="221" type="stmt"/>
        <line num="74" count="29" type="cond" truecount="2" falsecount="0"/>
        <line num="76" count="8" type="stmt"/>
        <line num="78" count="8" type="stmt"/>
        <line num="80" count="16" type="stmt"/>
        <line num="84" count="8" type="stmt"/>
        <line num="87" count="221" type="stmt"/>
        <line num="88" count="29" type="cond" truecount="2" falsecount="0"/>
        <line num="89" count="8" type="stmt"/>
        <line num="91" count="8" type="stmt"/>
        <line num="93" count="16" type="stmt"/>
        <line num="97" count="8" type="stmt"/>
        <line num="100" count="221" type="stmt"/>
        <line num="101" count="29" type="cond" truecount="2" falsecount="0"/>
        <line num="102" count="8" type="stmt"/>
        <line num="104" count="8" type="stmt"/>
        <line num="106" count="24" type="stmt"/>
        <line num="110" count="8" type="stmt"/>
        <line num="113" count="221" type="stmt"/>
        <line num="114" count="29" type="cond" truecount="2" falsecount="0"/>
        <line num="115" count="8" type="stmt"/>
        <line num="117" count="8" type="stmt"/>
        <line num="119" count="8" type="stmt"/>
        <line num="123" count="8" type="stmt"/>
        <line num="126" count="221" type="stmt"/>
        <line num="127" count="29" type="cond" truecount="2" falsecount="0"/>
        <line num="128" count="8" type="stmt"/>
        <line num="130" count="8" type="stmt"/>
        <line num="132" count="8" type="stmt"/>
        <line num="136" count="8" type="stmt"/>
        <line num="139" count="221" type="stmt"/>
        <line num="140" count="29" type="cond" truecount="2" falsecount="0"/>
        <line num="141" count="8" type="stmt"/>
        <line num="143" count="8" type="stmt"/>
        <line num="145" count="16" type="stmt"/>
        <line num="149" count="8" type="stmt"/>
        <line num="152" count="221" type="stmt"/>
        <line num="153" count="21" type="cond" truecount="2" falsecount="0"/>
        <line num="154" count="11" type="stmt"/>
        <line num="156" count="11" type="stmt"/>
        <line num="159" count="10" type="stmt"/>
        <line num="162" count="221" type="stmt"/>
        <line num="163" count="23" type="stmt"/>
        <line num="171" count="221" type="stmt"/>
        <line num="172" count="21" type="stmt"/>
        <line num="174" count="12" type="stmt"/>
        <line num="186" count="221" type="stmt"/>
        <line num="187" count="31" type="stmt"/>
        <line num="194" count="221" type="stmt"/>
        <line num="195" count="1" type="stmt"/>
        <line num="199" count="4" type="stmt"/>
        <line num="203" count="1" type="stmt"/>
        <line num="207" count="1" type="stmt"/>
        <line num="211" count="2" type="stmt"/>
        <line num="215" count="1" type="cond" truecount="1" falsecount="1"/>
        <line num="216" count="1" type="stmt"/>
        <line num="220" count="1" type="cond" truecount="1" falsecount="1"/>
        <line num="222" count="0" type="stmt"/>
        <line num="227" count="6" type="stmt"/>
        <line num="229" count="6" type="cond" truecount="2" falsecount="0"/>
        <line num="230" count="1" type="stmt"/>
        <line num="233" count="6" type="stmt"/>
        <line num="235" count="6" type="stmt"/>
        <line num="237" count="6" type="cond" truecount="2" falsecount="0"/>
        <line num="239" count="6" type="cond" truecount="2" falsecount="0"/>
        <line num="240" count="1" type="stmt"/>
        <line num="243" count="6" type="cond" truecount="2" falsecount="0"/>
        <line num="245" count="1" type="stmt"/>
        <line num="247" count="1" type="stmt"/>
        <line num="251" count="4" type="stmt"/>
        <line num="252" count="4" type="stmt"/>
        <line num="253" count="4" type="stmt"/>
        <line num="255" count="4" type="cond" truecount="2" falsecount="0"/>
        <line num="256" count="3" type="stmt"/>
        <line num="257" count="3" type="stmt"/>
        <line num="259" count="3" type="stmt"/>
        <line num="260" count="3" type="stmt"/>
        <line num="261" count="3" type="stmt"/>
        <line num="263" count="3" type="stmt"/>
        <line num="265" count="3" type="cond" truecount="2" falsecount="0"/>
        <line num="266" count="1" type="stmt"/>
        <line num="268" count="2" type="stmt"/>
        <line num="271" count="3" type="stmt"/>
        <line num="273" count="3" type="stmt"/>
        <line num="275" count="3" type="stmt"/>
        <line num="277" count="3" type="stmt"/>
        <line num="282" count="3" type="stmt"/>
        <line num="286" count="3" type="cond" truecount="2" falsecount="0"/>
        <line num="287" count="1" type="stmt"/>
        <line num="289" count="1" type="stmt"/>
        <line num="292" count="2" type="stmt"/>
        <line num="294" count="2" type="stmt"/>
        <line num="298" count="4" type="stmt"/>
        <line num="299" count="4" type="stmt"/>
        <line num="303" count="3" type="stmt"/>
        <line num="305" count="3" type="stmt"/>
        <line num="309" count="3" type="cond" truecount="2" falsecount="0"/>
        <line num="310" count="1" type="stmt"/>
        <line num="311" count="1" type="stmt"/>
        <line num="312" count="1" type="stmt"/>
        <line num="314" count="2" type="stmt"/>
        <line num="319" count="3" type="stmt"/>
        <line num="320" count="3" type="stmt"/>
        <line num="322" count="3" type="stmt"/>
        <line num="328" count="4" type="stmt"/>
        <line num="336" count="3" type="stmt"/>
        <line num="341" count="3" type="stmt"/>
        <line num="342" count="3" type="cond" truecount="2" falsecount="0"/>
        <line num="343" count="1" type="stmt"/>
        <line num="344" count="1" type="stmt"/>
        <line num="345" count="2" type="cond" truecount="2" falsecount="0"/>
        <line num="346" count="1" type="stmt"/>
        <line num="347" count="1" type="stmt"/>
        <line num="349" count="1" type="stmt"/>
        <line num="350" count="1" type="stmt"/>
        <line num="351" count="1" type="stmt"/>
        <line num="354" count="3" type="stmt"/>
        <line num="355" count="3" type="stmt"/>
        <line num="359" count="2" type="stmt"/>
        <line num="361" count="2" type="stmt"/>
        <line num="363" count="2" type="cond" truecount="1" falsecount="1"/>
        <line num="364" count="2" type="stmt"/>
        <line num="366" count="2" type="stmt"/>
        <line num="367" count="2" type="stmt"/>
        <line num="368" count="2" type="stmt"/>
        <line num="370" count="2" type="stmt"/>
        <line num="372" count="2" type="cond" truecount="1" falsecount="1"/>
        <line num="376" count="0" type="stmt"/>
        <line num="378" count="2" type="stmt"/>
        <line num="381" count="2" type="stmt"/>
        <line num="383" count="2" type="stmt"/>
        <line num="387" count="2" type="cond" truecount="2" falsecount="0"/>
        <line num="388" count="1" type="stmt"/>
        <line num="389" count="1" type="stmt"/>
        <line num="390" count="1" type="stmt"/>
        <line num="391" count="1" type="stmt"/>
        <line num="393" count="1" type="stmt"/>
        <line num="399" count="1" type="stmt"/>
        <line num="400" count="1" type="stmt"/>
        <line num="402" count="1" type="stmt"/>
        <line num="403" count="1" type="stmt"/>
        <line num="404" count="1" type="stmt"/>
        <line num="405" count="1" type="stmt"/>
        <line num="407" count="1" type="stmt"/>
        <line num="413" count="221" type="stmt"/>
      </file>
    </package>
    <package name="react.utils">
      <metrics statements="77" coveredstatements="63" conditionals="38" coveredconditionals="24" methods="37" coveredmethods="30"/>
      <file name="autoComplete.tsx" path="/Users/anabaptistao/Documents/Badges e Frente de loja/badges/react/utils/autoComplete.tsx">
        <metrics statements="27" coveredstatements="15" conditionals="14" coveredconditionals="4" methods="10" coveredmethods="5"/>
        <line num="23" count="7" type="stmt"/>
        <line num="32" count="2" type="stmt"/>
        <line num="33" count="2" type="stmt"/>
        <line num="34" count="2" type="stmt"/>
        <line num="36" count="2" type="stmt"/>
        <line num="38" count="2" type="stmt"/>
        <line num="39" count="2" type="stmt"/>
        <line num="56" count="2" type="stmt"/>
        <line num="58" count="2" type="stmt"/>
        <line num="59" count="2" type="cond" truecount="1" falsecount="1"/>
        <line num="62" count="2" type="stmt"/>
        <line num="63" count="2" type="cond" truecount="1" falsecount="1"/>
        <line num="64" count="2" type="stmt"/>
        <line num="67" count="0" type="stmt"/>
        <line num="72" count="0" type="cond" truecount="0" falsecount="2"/>
        <line num="80" count="2" type="stmt"/>
        <line num="82" count="0" type="cond" truecount="0" falsecount="2"/>
        <line num="83" count="0" type="stmt"/>
        <line num="84" count="0" type="cond" truecount="0" falsecount="2"/>
        <line num="85" count="0" type="stmt"/>
        <line num="88" count="0" type="stmt"/>
        <line num="89" count="0" type="stmt"/>
        <line num="90" count="0" type="stmt"/>
        <line num="91" count="0" type="stmt"/>
        <line num="94" count="0" type="stmt"/>
        <line num="97" count="0" type="stmt"/>
        <line num="102" count="2" type="stmt"/>
      </file>
      <file name="buttonOptions.tsx" path="/Users/anabaptistao/Documents/Badges e Frente de loja/badges/react/utils/buttonOptions.tsx">
        <metrics statements="6" coveredstatements="6" conditionals="14" coveredconditionals="12" methods="3" coveredmethods="3"/>
        <line num="1" count="16" type="stmt"/>
        <line num="4" count="3" type="cond" truecount="4" falsecount="0"/>
        <line num="9" count="16" type="stmt"/>
        <line num="12" count="1" type="cond" truecount="3" falsecount="2"/>
        <line num="17" count="16" type="stmt"/>
        <line num="20" count="5" type="cond" truecount="5" falsecount="0"/>
      </file>
      <file name="conditionsProps.tsx" path="/Users/anabaptistao/Documents/Badges e Frente de loja/badges/react/utils/conditionsProps.tsx">
        <metrics statements="26" coveredstatements="26" conditionals="6" coveredconditionals="6" methods="8" coveredmethods="8"/>
        <line num="5" count="2" type="stmt"/>
        <line num="11" count="4" type="stmt"/>
        <line num="12" count="4" type="stmt"/>
        <line num="13" count="3" type="stmt"/>
        <line num="16" count="4" type="stmt"/>
        <line num="18" count="4" type="stmt"/>
        <line num="27" count="3" type="stmt"/>
        <line num="28" count="3" type="stmt"/>
        <line num="32" count="3" type="stmt"/>
        <line num="34" count="3" type="stmt"/>
        <line num="36" count="3" type="stmt"/>
        <line num="44" count="3" type="stmt"/>
        <line num="48" count="3" type="cond" truecount="2" falsecount="0"/>
        <line num="49" count="1" type="stmt"/>
        <line num="52" count="2" type="cond" truecount="2" falsecount="0"/>
        <line num="53" count="1" type="stmt"/>
        <line num="56" count="1" type="stmt"/>
        <line num="60" count="1" type="stmt"/>
        <line num="74" count="3" type="stmt"/>
        <line num="76" count="3" type="stmt"/>
        <line num="77" count="4" type="cond" truecount="2" falsecount="0"/>
        <line num="78" count="2" type="stmt"/>
        <line num="86" count="2" type="stmt"/>
        <line num="88" count="2" type="stmt"/>
        <line num="97" count="2" type="stmt"/>
        <line num="101" count="3" type="stmt"/>
      </file>
      <file name="optionsConditions.tsx" path="/Users/anabaptistao/Documents/Badges e Frente de loja/badges/react/utils/optionsConditions.tsx">
        <metrics statements="14" coveredstatements="14" conditionals="0" coveredconditionals="0" methods="13" coveredmethods="13"/>
        <line num="9" count="46" type="stmt"/>
        <line num="11" count="46" type="stmt"/>
        <line num="18" count="1" type="stmt"/>
        <line num="23" count="1" type="stmt"/>
        <line num="33" count="1" type="stmt"/>
        <line num="38" count="1" type="stmt"/>
        <line num="48" count="1" type="stmt"/>
        <line num="53" count="1" type="stmt"/>
        <line num="64" count="1" type="stmt"/>
        <line num="71" count="1" type="stmt"/>
        <line num="82" count="1" type="stmt"/>
        <line num="87" count="1" type="stmt"/>
        <line num="98" count="1" type="stmt"/>
        <line num="105" count="1" type="stmt"/>
      </file>
      <file name="specificationValues.tsx" path="/Users/anabaptistao/Documents/Badges e Frente de loja/badges/react/utils/specificationValues.tsx">
        <metrics statements="4" coveredstatements="2" conditionals="4" coveredconditionals="2" methods="3" coveredmethods="1"/>
        <line num="10" count="7" type="stmt"/>
        <line num="17" count="2" type="stmt"/>
        <line num="23" count="0" type="stmt"/>
        <line num="41" count="0" type="stmt"/>
      </file>
    </package>
  </project>
</coverage>
