{
  "/Users/anabaptistao/Documents/Badges e Frente de loja/badges/react/BadgesArea.tsx": {
    "path": "/Users/anabaptistao/Documents/Badges e Frente de loja/badges/react/BadgesArea.tsx",
    "statementMap": {
      "0": {
        "start": { "line": 12, "column": 23 },
        "end": { "line": 48, "column": 1 }
      },
      "1": {
        "start": { "line": 13, "column": 24 },
        "end": { "line": 15, "column": 4 }
      },
      "2": {
        "start": { "line": 17, "column": 15 },
        "end": { "line": 17, "column": 24 }
      },
      "3": {
        "start": { "line": 19, "column": 2 },
        "end": { "line": 47, "column": 3 }
      },
      "4": {
        "start": { "line": 31, "column": 31 },
        "end": { "line": 31, "column": 56 }
      },
      "5": {
        "start": { "line": 38, "column": 31 },
        "end": { "line": 38, "column": 56 }
      }
    },
    "fnMap": {
      "0": {
        "name": "(anonymous_0)",
        "decl": {
          "start": { "line": 12, "column": 23 },
          "end": { "line": 12, "column": 24 }
        },
        "loc": {
          "start": { "line": 12, "column": 29 },
          "end": { "line": 48, "column": 1 }
        },
        "line": 12
      },
      "1": {
        "name": "(anonymous_1)",
        "decl": {
          "start": { "line": 31, "column": 25 },
          "end": { "line": 31, "column": 26 }
        },
        "loc": {
          "start": { "line": 31, "column": 31 },
          "end": { "line": 31, "column": 56 }
        },
        "line": 31
      },
      "2": {
        "name": "(anonymous_2)",
        "decl": {
          "start": { "line": 38, "column": 25 },
          "end": { "line": 38, "column": 26 }
        },
        "loc": {
          "start": { "line": 38, "column": 31 },
          "end": { "line": 38, "column": 56 }
        },
        "line": 38
      }
    },
    "branchMap": {},
    "s": { "0": 0, "1": 0, "2": 0, "3": 0, "4": 0, "5": 0 },
    "f": { "0": 0, "1": 0, "2": 0 },
    "b": {}
  },
  "/Users/anabaptistao/Documents/Badges e Frente de loja/badges/react/BadgesStore.tsx": {
    "path": "/Users/anabaptistao/Documents/Badges e Frente de loja/badges/react/BadgesStore.tsx",
    "statementMap": {
      "0": {
        "start": { "line": 7, "column": 20 },
        "end": { "line": 7, "column": 79 }
      },
      "1": {
        "start": { "line": 9, "column": 49 },
        "end": { "line": 25, "column": 1 }
      },
      "2": {
        "start": { "line": 10, "column": 37 },
        "end": { "line": 10, "column": 63 }
      },
      "3": {
        "start": { "line": 12, "column": 32 },
        "end": { "line": 16, "column": 3 }
      },
      "4": {
        "start": { "line": 18, "column": 2 },
        "end": { "line": 24, "column": 3 }
      },
      "5": {
        "start": { "line": 21, "column": 8 },
        "end": { "line": 21, "column": 54 }
      }
    },
    "fnMap": {
      "0": {
        "name": "(anonymous_0)",
        "decl": {
          "start": { "line": 9, "column": 49 },
          "end": { "line": 9, "column": 50 }
        },
        "loc": {
          "start": { "line": 9, "column": 65 },
          "end": { "line": 25, "column": 1 }
        },
        "line": 9
      },
      "1": {
        "name": "(anonymous_1)",
        "decl": {
          "start": { "line": 20, "column": 33 },
          "end": { "line": 20, "column": 34 }
        },
        "loc": {
          "start": { "line": 20, "column": 51 },
          "end": { "line": 22, "column": 7 }
        },
        "line": 20
      }
    },
    "branchMap": {},
    "s": { "0": 0, "1": 0, "2": 0, "3": 0, "4": 0, "5": 0 },
    "f": { "0": 0, "1": 0 },
    "b": {}
  },
  "/Users/anabaptistao/Documents/Badges e Frente de loja/badges/react/AddBadges/index.tsx": {
    "path": "/Users/anabaptistao/Documents/Badges e Frente de loja/badges/react/AddBadges/index.tsx",
    "statementMap": {
      "0": {
        "start": { "line": 15, "column": 21 },
        "end": { "line": 38, "column": 1 }
      },
      "1": {
        "start": { "line": 16, "column": 19 },
        "end": { "line": 16, "column": 38 }
      },
      "2": {
        "start": { "line": 18, "column": 21 },
        "end": { "line": 24, "column": 8 }
      },
      "3": {
        "start": { "line": 19, "column": 4 },
        "end": { "line": 19, "column": 48 }
      },
      "4": {
        "start": { "line": 19, "column": 28 },
        "end": { "line": 19, "column": 48 }
      },
      "5": {
        "start": { "line": 21, "column": 4 },
        "end": { "line": 21, "column": 61 }
      },
      "6": {
        "start": { "line": 21, "column": 27 },
        "end": { "line": 21, "column": 61 }
      },
      "7": {
        "start": { "line": 23, "column": 4 },
        "end": { "line": 23, "column": 23 }
      },
      "8": {
        "start": { "line": 26, "column": 2 },
        "end": { "line": 37, "column": 3 }
      }
    },
    "fnMap": {
      "0": {
        "name": "(anonymous_0)",
        "decl": {
          "start": { "line": 15, "column": 21 },
          "end": { "line": 15, "column": 22 }
        },
        "loc": {
          "start": { "line": 15, "column": 27 },
          "end": { "line": 38, "column": 1 }
        },
        "line": 15
      },
      "1": {
        "name": "(anonymous_1)",
        "decl": {
          "start": { "line": 18, "column": 33 },
          "end": { "line": 18, "column": 34 }
        },
        "loc": {
          "start": { "line": 18, "column": 43 },
          "end": { "line": 24, "column": 3 }
        },
        "line": 18
      }
    },
    "branchMap": {
      "0": {
        "loc": {
          "start": { "line": 19, "column": 4 },
          "end": { "line": 19, "column": 48 }
        },
        "type": "if",
        "locations": [
          {
            "start": { "line": 19, "column": 4 },
            "end": { "line": 19, "column": 48 }
          },
          {
            "start": { "line": 19, "column": 4 },
            "end": { "line": 19, "column": 48 }
          }
        ],
        "line": 19
      },
      "1": {
        "loc": {
          "start": { "line": 21, "column": 4 },
          "end": { "line": 21, "column": 61 }
        },
        "type": "if",
        "locations": [
          {
            "start": { "line": 21, "column": 4 },
            "end": { "line": 21, "column": 61 }
          },
          {
            "start": { "line": 21, "column": 4 },
            "end": { "line": 21, "column": 61 }
          }
        ],
        "line": 21
      }
    },
    "s": {
      "0": 1,
      "1": 4,
      "2": 4,
      "3": 4,
      "4": 2,
      "5": 2,
      "6": 1,
      "7": 1,
      "8": 4
    },
    "f": { "0": 4, "1": 4 },
    "b": { "0": [2, 2], "1": [1, 1] },
    "_coverageSchema": "1a1c01bbd47fc00a2c39e90264f33305004495a9",
    "hash": "bde1878b0392c67430f519f0e7d333a74c76867e"
  },
  "/Users/anabaptistao/Documents/Badges e Frente de loja/badges/react/Components/alert.tsx": {
    "path": "/Users/anabaptistao/Documents/Badges e Frente de loja/badges/react/Components/alert.tsx",
    "statementMap": {
      "0": {
        "start": { "line": 10, "column": 22 },
        "end": { "line": 32, "column": 1 }
      },
      "1": {
        "start": { "line": 11, "column": 15 },
        "end": { "line": 11, "column": 24 }
      },
      "2": {
        "start": { "line": 13, "column": 19 },
        "end": { "line": 13, "column": 38 }
      },
      "3": {
        "start": { "line": 15, "column": 2 },
        "end": { "line": 21, "column": 3 }
      },
      "4": {
        "start": { "line": 16, "column": 4 },
        "end": { "line": 20, "column": 5 }
      },
      "5": {
        "start": { "line": 23, "column": 2 },
        "end": { "line": 29, "column": 3 }
      },
      "6": {
        "start": { "line": 24, "column": 4 },
        "end": { "line": 28, "column": 5 }
      },
      "7": {
        "start": { "line": 31, "column": 2 },
        "end": { "line": 31, "column": 13 }
      }
    },
    "fnMap": {
      "0": {
        "name": "(anonymous_0)",
        "decl": {
          "start": { "line": 10, "column": 22 },
          "end": { "line": 10, "column": 23 }
        },
        "loc": {
          "start": { "line": 10, "column": 28 },
          "end": { "line": 32, "column": 1 }
        },
        "line": 10
      }
    },
    "branchMap": {
      "0": {
        "loc": {
          "start": { "line": 15, "column": 2 },
          "end": { "line": 21, "column": 3 }
        },
        "type": "if",
        "locations": [
          {
            "start": { "line": 15, "column": 2 },
            "end": { "line": 21, "column": 3 }
          },
          {
            "start": { "line": 15, "column": 2 },
            "end": { "line": 21, "column": 3 }
          }
        ],
        "line": 15
      },
      "1": {
        "loc": {
          "start": { "line": 23, "column": 2 },
          "end": { "line": 29, "column": 3 }
        },
        "type": "if",
        "locations": [
          {
            "start": { "line": 23, "column": 2 },
            "end": { "line": 29, "column": 3 }
          },
          {
            "start": { "line": 23, "column": 2 },
            "end": { "line": 29, "column": 3 }
          }
        ],
        "line": 23
      }
    },
    "s": {
      "0": 4,
      "1": 21,
      "2": 21,
      "3": 21,
      "4": 1,
      "5": 20,
      "6": 19,
      "7": 1
    },
    "f": { "0": 21 },
    "b": { "0": [1, 20], "1": [19, 1] },
    "_coverageSchema": "1a1c01bbd47fc00a2c39e90264f33305004495a9",
    "hash": "113f344214c7420b576b3c70be46c736bd670765"
  },
  "/Users/anabaptistao/Documents/Badges e Frente de loja/badges/react/Components/button.tsx": {
    "path": "/Users/anabaptistao/Documents/Badges e Frente de loja/badges/react/Components/button.tsx",
    "statementMap": {
      "0": {
        "start": { "line": 9, "column": 23 },
        "end": { "line": 44, "column": 1 }
      },
      "1": {
        "start": { "line": 10, "column": 19 },
        "end": { "line": 10, "column": 38 }
      },
      "2": {
        "start": { "line": 12, "column": 15 },
        "end": { "line": 12, "column": 24 }
      },
      "3": {
        "start": { "line": 14, "column": 2 },
        "end": { "line": 43, "column": 3 }
      },
      "4": {
        "start": { "line": 21, "column": 27 },
        "end": { "line": 21, "column": 54 }
      },
      "5": {
        "start": { "line": 28, "column": 27 },
        "end": { "line": 28, "column": 53 }
      },
      "6": {
        "start": { "line": 35, "column": 27 },
        "end": { "line": 35, "column": 53 }
      }
    },
    "fnMap": {
      "0": {
        "name": "(anonymous_0)",
        "decl": {
          "start": { "line": 9, "column": 23 },
          "end": { "line": 9, "column": 24 }
        },
        "loc": {
          "start": { "line": 9, "column": 29 },
          "end": { "line": 44, "column": 1 }
        },
        "line": 9
      },
      "1": {
        "name": "(anonymous_1)",
        "decl": {
          "start": { "line": 21, "column": 21 },
          "end": { "line": 21, "column": 22 }
        },
        "loc": {
          "start": { "line": 21, "column": 27 },
          "end": { "line": 21, "column": 54 }
        },
        "line": 21
      },
      "2": {
        "name": "(anonymous_2)",
        "decl": {
          "start": { "line": 28, "column": 21 },
          "end": { "line": 28, "column": 22 }
        },
        "loc": {
          "start": { "line": 28, "column": 27 },
          "end": { "line": 28, "column": 53 }
        },
        "line": 28
      },
      "3": {
        "name": "(anonymous_3)",
        "decl": {
          "start": { "line": 35, "column": 21 },
          "end": { "line": 35, "column": 22 }
        },
        "loc": {
          "start": { "line": 35, "column": 27 },
          "end": { "line": 35, "column": 53 }
        },
        "line": 35
      }
    },
    "branchMap": {},
    "s": { "0": 4, "1": 25, "2": 25, "3": 25, "4": 1, "5": 1, "6": 1 },
    "f": { "0": 25, "1": 1, "2": 1, "3": 1 },
    "b": {},
    "_coverageSchema": "1a1c01bbd47fc00a2c39e90264f33305004495a9",
    "hash": "3817760768322096f3e7e23cd50d8dd5ea68b952"
  },
  "/Users/anabaptistao/Documents/Badges e Frente de loja/badges/react/Components/buttonSave.tsx": {
    "path": "/Users/anabaptistao/Documents/Badges e Frente de loja/badges/react/Components/buttonSave.tsx",
    "statementMap": {
      "0": {
        "start": { "line": 9, "column": 27 },
        "end": { "line": 23, "column": 1 }
      },
      "1": {
        "start": { "line": 10, "column": 19 },
        "end": { "line": 10, "column": 38 }
      },
      "2": {
        "start": { "line": 12, "column": 15 },
        "end": { "line": 12, "column": 24 }
      },
      "3": {
        "start": { "line": 14, "column": 2 },
        "end": { "line": 22, "column": 3 }
      }
    },
    "fnMap": {
      "0": {
        "name": "(anonymous_0)",
        "decl": {
          "start": { "line": 9, "column": 27 },
          "end": { "line": 9, "column": 28 }
        },
        "loc": {
          "start": { "line": 9, "column": 33 },
          "end": { "line": 23, "column": 1 }
        },
        "line": 9
      }
    },
    "branchMap": {},
    "s": { "0": 2, "1": 6, "2": 6, "3": 6 },
    "f": { "0": 6 },
    "b": {},
    "_coverageSchema": "1a1c01bbd47fc00a2c39e90264f33305004495a9",
    "hash": "b3625008794584266fde54101c9af60fa123b069"
  },
  "/Users/anabaptistao/Documents/Badges e Frente de loja/badges/react/Components/conditions.tsx": {
    "path": "/Users/anabaptistao/Documents/Badges e Frente de loja/badges/react/Components/conditions.tsx",
    "statementMap": {
      "0": {
        "start": { "line": 10, "column": 27 },
        "end": { "line": 45, "column": 1 }
      },
      "1": {
        "start": { "line": 11, "column": 19 },
        "end": { "line": 11, "column": 38 }
      },
      "2": {
        "start": { "line": 13, "column": 24 },
        "end": { "line": 13, "column": 42 }
      },
      "3": {
        "start": { "line": 15, "column": 15 },
        "end": { "line": 15, "column": 24 }
      },
      "4": {
        "start": { "line": 17, "column": 2 },
        "end": { "line": 44, "column": 3 }
      },
      "5": {
        "start": { "line": 25, "column": 12 },
        "end": { "line": 25, "column": 54 }
      }
    },
    "fnMap": {
      "0": {
        "name": "(anonymous_0)",
        "decl": {
          "start": { "line": 10, "column": 27 },
          "end": { "line": 10, "column": 28 }
        },
        "loc": {
          "start": { "line": 10, "column": 33 },
          "end": { "line": 45, "column": 1 }
        },
        "line": 10
      },
      "1": {
        "name": "(anonymous_1)",
        "decl": {
          "start": { "line": 24, "column": 30 },
          "end": { "line": 24, "column": 31 }
        },
        "loc": {
          "start": { "line": 24, "column": 50 },
          "end": { "line": 26, "column": 11 }
        },
        "line": 24
      }
    },
    "branchMap": {},
    "s": { "0": 4, "1": 20, "2": 20, "3": 20, "4": 20, "5": 0 },
    "f": { "0": 20, "1": 0 },
    "b": {},
    "_coverageSchema": "1a1c01bbd47fc00a2c39e90264f33305004495a9",
    "hash": "417655f65b123ec0d2ab3d2986e4ba7fff196ffd"
  },
  "/Users/anabaptistao/Documents/Badges e Frente de loja/badges/react/Components/divider.tsx": {
    "path": "/Users/anabaptistao/Documents/Badges e Frente de loja/badges/react/Components/divider.tsx",
    "statementMap": {
      "0": {
        "start": { "line": 5, "column": 24 },
        "end": { "line": 11, "column": 1 }
      },
      "1": {
        "start": { "line": 6, "column": 2 },
        "end": { "line": 10, "column": 3 }
      }
    },
    "fnMap": {
      "0": {
        "name": "(anonymous_0)",
        "decl": {
          "start": { "line": 5, "column": 24 },
          "end": { "line": 5, "column": 25 }
        },
        "loc": {
          "start": { "line": 5, "column": 30 },
          "end": { "line": 11, "column": 1 }
        },
        "line": 5
      }
    },
    "branchMap": {},
    "s": { "0": 4, "1": 19 },
    "f": { "0": 19 },
    "b": {},
    "_coverageSchema": "1a1c01bbd47fc00a2c39e90264f33305004495a9",
    "hash": "04cdb1e3ca2a8bc881cfa6690b7eb8c30547e653"
  },
  "/Users/anabaptistao/Documents/Badges e Frente de loja/badges/react/Components/file.tsx": {
    "path": "/Users/anabaptistao/Documents/Badges e Frente de loja/badges/react/Components/file.tsx",
    "statementMap": {
      "0": {
        "start": { "line": 9, "column": 22 },
        "end": { "line": 38, "column": 1 }
      },
      "1": {
        "start": { "line": 10, "column": 19 },
        "end": { "line": 10, "column": 38 }
      },
      "2": {
        "start": { "line": 11, "column": 15 },
        "end": { "line": 11, "column": 24 }
      },
      "3": {
        "start": { "line": 13, "column": 2 },
        "end": { "line": 37, "column": 3 }
      }
    },
    "fnMap": {
      "0": {
        "name": "(anonymous_0)",
        "decl": {
          "start": { "line": 9, "column": 22 },
          "end": { "line": 9, "column": 23 }
        },
        "loc": {
          "start": { "line": 9, "column": 28 },
          "end": { "line": 38, "column": 1 }
        },
        "line": 9
      }
    },
    "branchMap": {},
    "s": { "0": 2, "1": 3, "2": 3, "3": 3 },
    "f": { "0": 3 },
    "b": {},
    "_coverageSchema": "1a1c01bbd47fc00a2c39e90264f33305004495a9",
    "hash": "efed6c19582f1e711c14623ad6e0a4597800ae3f"
  },
  "/Users/anabaptistao/Documents/Badges e Frente de loja/badges/react/Components/imageEdit.tsx": {
    "path": "/Users/anabaptistao/Documents/Badges e Frente de loja/badges/react/Components/imageEdit.tsx",
    "statementMap": {
      "0": {
        "start": { "line": 9, "column": 22 },
        "end": { "line": 69, "column": 1 }
      },
      "1": {
        "start": { "line": 10, "column": 19 },
        "end": { "line": 10, "column": 38 }
      },
      "2": {
        "start": { "line": 12, "column": 15 },
        "end": { "line": 12, "column": 24 }
      },
      "3": {
        "start": { "line": 14, "column": 2 },
        "end": { "line": 31, "column": 3 }
      },
      "4": {
        "start": { "line": 15, "column": 4 },
        "end": { "line": 30, "column": 5 }
      },
      "5": {
        "start": { "line": 23, "column": 12 },
        "end": { "line": 23, "column": 30 }
      },
      "6": {
        "start": { "line": 24, "column": 12 },
        "end": { "line": 24, "column": 40 }
      },
      "7": {
        "start": { "line": 33, "column": 2 },
        "end": { "line": 68, "column": 3 }
      },
      "8": {
        "start": { "line": 58, "column": 14 },
        "end": { "line": 58, "column": 32 }
      },
      "9": {
        "start": { "line": 59, "column": 14 },
        "end": { "line": 59, "column": 41 }
      }
    },
    "fnMap": {
      "0": {
        "name": "(anonymous_0)",
        "decl": {
          "start": { "line": 9, "column": 22 },
          "end": { "line": 9, "column": 23 }
        },
        "loc": {
          "start": { "line": 9, "column": 28 },
          "end": { "line": 69, "column": 1 }
        },
        "line": 9
      },
      "1": {
        "name": "(anonymous_1)",
        "decl": {
          "start": { "line": 22, "column": 19 },
          "end": { "line": 22, "column": 20 }
        },
        "loc": {
          "start": { "line": 22, "column": 42 },
          "end": { "line": 25, "column": 11 }
        },
        "line": 22
      },
      "2": {
        "name": "(anonymous_2)",
        "decl": {
          "start": { "line": 57, "column": 21 },
          "end": { "line": 57, "column": 22 }
        },
        "loc": {
          "start": { "line": 57, "column": 44 },
          "end": { "line": 60, "column": 13 }
        },
        "line": 57
      }
    },
    "branchMap": {
      "0": {
        "loc": {
          "start": { "line": 14, "column": 2 },
          "end": { "line": 31, "column": 3 }
        },
        "type": "if",
        "locations": [
          {
            "start": { "line": 14, "column": 2 },
            "end": { "line": 31, "column": 3 }
          },
          {
            "start": { "line": 14, "column": 2 },
            "end": { "line": 31, "column": 3 }
          }
        ],
        "line": 14
      },
      "1": {
        "loc": {
          "start": { "line": 55, "column": 9 },
          "end": { "line": 65, "column": 9 }
        },
        "type": "binary-expr",
        "locations": [
          {
            "start": { "line": 55, "column": 9 },
            "end": { "line": 55, "column": 29 }
          },
          {
            "start": { "line": 56, "column": 10 },
            "end": { "line": 64, "column": 19 }
          }
        ],
        "line": 55
      }
    },
    "s": {
      "0": 3,
      "1": 14,
      "2": 14,
      "3": 14,
      "4": 2,
      "5": 1,
      "6": 1,
      "7": 12,
      "8": 1,
      "9": 1
    },
    "f": { "0": 14, "1": 1, "2": 1 },
    "b": { "0": [2, 12], "1": [12, 3] },
    "_coverageSchema": "1a1c01bbd47fc00a2c39e90264f33305004495a9",
    "hash": "93906275de6e1d03d77ad5a5ade78087be541ca8"
  },
  "/Users/anabaptistao/Documents/Badges e Frente de loja/badges/react/Components/input.tsx": {
    "path": "/Users/anabaptistao/Documents/Badges e Frente de loja/badges/react/Components/input.tsx",
    "statementMap": {
      "0": {
        "start": { "line": 14, "column": 29 },
        "end": { "line": 54, "column": 1 }
      },
      "1": {
        "start": { "line": 15, "column": 19 },
        "end": { "line": 15, "column": 38 }
      },
      "2": {
        "start": { "line": 17, "column": 15 },
        "end": { "line": 17, "column": 24 }
      },
      "3": {
        "start": { "line": 19, "column": 26 },
        "end": { "line": 21, "column": 3 }
      },
      "4": {
        "start": { "line": 20, "column": 4 },
        "end": { "line": 20, "column": 40 }
      },
      "5": {
        "start": { "line": 23, "column": 26 },
        "end": { "line": 25, "column": 3 }
      },
      "6": {
        "start": { "line": 24, "column": 4 },
        "end": { "line": 24, "column": 40 }
      },
      "7": {
        "start": { "line": 27, "column": 2 },
        "end": { "line": 39, "column": 3 }
      },
      "8": {
        "start": { "line": 28, "column": 4 },
        "end": { "line": 38, "column": 5 }
      },
      "9": {
        "start": { "line": 41, "column": 2 },
        "end": { "line": 53, "column": 3 }
      }
    },
    "fnMap": {
      "0": {
        "name": "(anonymous_0)",
        "decl": {
          "start": { "line": 14, "column": 29 },
          "end": { "line": 14, "column": 30 }
        },
        "loc": {
          "start": { "line": 14, "column": 50 },
          "end": { "line": 54, "column": 1 }
        },
        "line": 14
      },
      "1": {
        "name": "(anonymous_1)",
        "decl": {
          "start": { "line": 19, "column": 26 },
          "end": { "line": 19, "column": 27 }
        },
        "loc": {
          "start": { "line": 19, "column": 74 },
          "end": { "line": 21, "column": 3 }
        },
        "line": 19
      },
      "2": {
        "name": "(anonymous_2)",
        "decl": {
          "start": { "line": 23, "column": 26 },
          "end": { "line": 23, "column": 27 }
        },
        "loc": {
          "start": { "line": 23, "column": 74 },
          "end": { "line": 25, "column": 3 }
        },
        "line": 23
      }
    },
    "branchMap": {
      "0": {
        "loc": {
          "start": { "line": 27, "column": 2 },
          "end": { "line": 39, "column": 3 }
        },
        "type": "if",
        "locations": [
          {
            "start": { "line": 27, "column": 2 },
            "end": { "line": 39, "column": 3 }
          },
          {
            "start": { "line": 27, "column": 2 },
            "end": { "line": 39, "column": 3 }
          }
        ],
        "line": 27
      }
    },
    "s": {
      "0": 4,
      "1": 25,
      "2": 25,
      "3": 25,
      "4": 1,
      "5": 25,
      "6": 1,
      "7": 25,
      "8": 20,
      "9": 5
    },
    "f": { "0": 25, "1": 1, "2": 1 },
    "b": { "0": [20, 5] },
    "_coverageSchema": "1a1c01bbd47fc00a2c39e90264f33305004495a9",
    "hash": "ea51e7dc81e5e6d6d0c1600e21ca5652df6ee720"
  },
  "/Users/anabaptistao/Documents/Badges e Frente de loja/badges/react/Components/modalDelete.tsx": {
    "path": "/Users/anabaptistao/Documents/Badges e Frente de loja/badges/react/Components/modalDelete.tsx",
    "statementMap": {
      "0": {
        "start": { "line": 9, "column": 24 },
        "end": { "line": 61, "column": 1 }
      },
      "1": {
        "start": { "line": 10, "column": 19 },
        "end": { "line": 10, "column": 38 }
      },
      "2": {
        "start": { "line": 12, "column": 15 },
        "end": { "line": 12, "column": 24 }
      },
      "3": {
        "start": { "line": 15, "column": 4 },
        "end": { "line": 15, "column": 34 }
      },
      "4": {
        "start": { "line": 18, "column": 2 },
        "end": { "line": 60, "column": 3 }
      },
      "5": {
        "start": { "line": 30, "column": 16 },
        "end": { "line": 30, "column": 34 }
      },
      "6": {
        "start": { "line": 31, "column": 16 },
        "end": { "line": 31, "column": 28 }
      },
      "7": {
        "start": { "line": 42, "column": 16 },
        "end": { "line": 42, "column": 34 }
      },
      "8": {
        "start": { "line": 43, "column": 16 },
        "end": { "line": 43, "column": 39 }
      },
      "9": {
        "start": { "line": 52, "column": 8 },
        "end": { "line": 52, "column": 24 }
      },
      "10": {
        "start": { "line": 53, "column": 8 },
        "end": { "line": 53, "column": 20 }
      }
    },
    "fnMap": {
      "0": {
        "name": "(anonymous_0)",
        "decl": {
          "start": { "line": 9, "column": 24 },
          "end": { "line": 9, "column": 25 }
        },
        "loc": {
          "start": { "line": 9, "column": 30 },
          "end": { "line": 61, "column": 1 }
        },
        "line": 9
      },
      "1": {
        "name": "closeModal",
        "decl": {
          "start": { "line": 14, "column": 11 },
          "end": { "line": 14, "column": 21 }
        },
        "loc": {
          "start": { "line": 14, "column": 24 },
          "end": { "line": 16, "column": 3 }
        },
        "line": 14
      },
      "2": {
        "name": "(anonymous_2)",
        "decl": {
          "start": { "line": 29, "column": 23 },
          "end": { "line": 29, "column": 24 }
        },
        "loc": {
          "start": { "line": 29, "column": 46 },
          "end": { "line": 32, "column": 15 }
        },
        "line": 29
      },
      "3": {
        "name": "(anonymous_3)",
        "decl": {
          "start": { "line": 41, "column": 23 },
          "end": { "line": 41, "column": 24 }
        },
        "loc": {
          "start": { "line": 41, "column": 46 },
          "end": { "line": 44, "column": 15 }
        },
        "line": 41
      },
      "4": {
        "name": "(anonymous_4)",
        "decl": {
          "start": { "line": 51, "column": 15 },
          "end": { "line": 51, "column": 16 }
        },
        "loc": {
          "start": { "line": 51, "column": 38 },
          "end": { "line": 54, "column": 7 }
        },
        "line": 51
      }
    },
    "branchMap": {},
    "s": {
      "0": 2,
      "1": 4,
      "2": 4,
      "3": 1,
      "4": 4,
      "5": 1,
      "6": 1,
      "7": 1,
      "8": 1,
      "9": 0,
      "10": 0
    },
    "f": { "0": 4, "1": 1, "2": 1, "3": 1, "4": 0 },
    "b": {},
    "_coverageSchema": "1a1c01bbd47fc00a2c39e90264f33305004495a9",
    "hash": "cc9fcc9ef6e03e1f9c282f78f46db90cca8b9be2"
  },
  "/Users/anabaptistao/Documents/Badges e Frente de loja/badges/react/Components/modalEdit.tsx": {
    "path": "/Users/anabaptistao/Documents/Badges e Frente de loja/badges/react/Components/modalEdit.tsx",
    "statementMap": {
      "0": {
        "start": { "line": 18, "column": 22 },
        "end": { "line": 83, "column": 1 }
      },
      "1": {
        "start": { "line": 19, "column": 19 },
        "end": { "line": 19, "column": 38 }
      },
      "2": {
        "start": { "line": 21, "column": 21 },
        "end": { "line": 27, "column": 8 }
      },
      "3": {
        "start": { "line": 22, "column": 4 },
        "end": { "line": 22, "column": 60 }
      },
      "4": {
        "start": { "line": 22, "column": 40 },
        "end": { "line": 22, "column": 60 }
      },
      "5": {
        "start": { "line": 24, "column": 4 },
        "end": { "line": 24, "column": 73 }
      },
      "6": {
        "start": { "line": 24, "column": 39 },
        "end": { "line": 24, "column": 73 }
      },
      "7": {
        "start": { "line": 26, "column": 4 },
        "end": { "line": 26, "column": 23 }
      },
      "8": {
        "start": { "line": 29, "column": 15 },
        "end": { "line": 29, "column": 24 }
      },
      "9": {
        "start": { "line": 32, "column": 4 },
        "end": { "line": 32, "column": 32 }
      },
      "10": {
        "start": { "line": 33, "column": 4 },
        "end": { "line": 33, "column": 25 }
      },
      "11": {
        "start": { "line": 36, "column": 2 },
        "end": { "line": 82, "column": 3 }
      },
      "12": {
        "start": { "line": 48, "column": 16 },
        "end": { "line": 48, "column": 32 }
      },
      "13": {
        "start": { "line": 49, "column": 16 },
        "end": { "line": 49, "column": 28 }
      },
      "14": {
        "start": { "line": 60, "column": 16 },
        "end": { "line": 60, "column": 32 }
      },
      "15": {
        "start": { "line": 61, "column": 16 },
        "end": { "line": 61, "column": 37 }
      },
      "16": {
        "start": { "line": 70, "column": 8 },
        "end": { "line": 70, "column": 24 }
      },
      "17": {
        "start": { "line": 71, "column": 8 },
        "end": { "line": 71, "column": 20 }
      }
    },
    "fnMap": {
      "0": {
        "name": "(anonymous_0)",
        "decl": {
          "start": { "line": 18, "column": 22 },
          "end": { "line": 18, "column": 23 }
        },
        "loc": {
          "start": { "line": 18, "column": 28 },
          "end": { "line": 83, "column": 1 }
        },
        "line": 18
      },
      "1": {
        "name": "(anonymous_1)",
        "decl": {
          "start": { "line": 21, "column": 33 },
          "end": { "line": 21, "column": 34 }
        },
        "loc": {
          "start": { "line": 21, "column": 43 },
          "end": { "line": 27, "column": 3 }
        },
        "line": 21
      },
      "2": {
        "name": "closeModal",
        "decl": {
          "start": { "line": 31, "column": 11 },
          "end": { "line": 31, "column": 21 }
        },
        "loc": {
          "start": { "line": 31, "column": 24 },
          "end": { "line": 34, "column": 3 }
        },
        "line": 31
      },
      "3": {
        "name": "(anonymous_3)",
        "decl": {
          "start": { "line": 47, "column": 23 },
          "end": { "line": 47, "column": 24 }
        },
        "loc": {
          "start": { "line": 47, "column": 46 },
          "end": { "line": 50, "column": 15 }
        },
        "line": 47
      },
      "4": {
        "name": "(anonymous_4)",
        "decl": {
          "start": { "line": 59, "column": 23 },
          "end": { "line": 59, "column": 24 }
        },
        "loc": {
          "start": { "line": 59, "column": 46 },
          "end": { "line": 62, "column": 15 }
        },
        "line": 59
      },
      "5": {
        "name": "(anonymous_5)",
        "decl": {
          "start": { "line": 69, "column": 15 },
          "end": { "line": 69, "column": 16 }
        },
        "loc": {
          "start": { "line": 69, "column": 38 },
          "end": { "line": 72, "column": 7 }
        },
        "line": 69
      }
    },
    "branchMap": {
      "0": {
        "loc": {
          "start": { "line": 22, "column": 4 },
          "end": { "line": 22, "column": 60 }
        },
        "type": "if",
        "locations": [
          {
            "start": { "line": 22, "column": 4 },
            "end": { "line": 22, "column": 60 }
          },
          {
            "start": { "line": 22, "column": 4 },
            "end": { "line": 22, "column": 60 }
          }
        ],
        "line": 22
      },
      "1": {
        "loc": {
          "start": { "line": 24, "column": 4 },
          "end": { "line": 24, "column": 73 }
        },
        "type": "if",
        "locations": [
          {
            "start": { "line": 24, "column": 4 },
            "end": { "line": 24, "column": 73 }
          },
          {
            "start": { "line": 24, "column": 4 },
            "end": { "line": 24, "column": 73 }
          }
        ],
        "line": 24
      }
    },
    "s": {
      "0": 2,
      "1": 7,
      "2": 7,
      "3": 7,
      "4": 5,
      "5": 2,
      "6": 1,
      "7": 1,
      "8": 7,
      "9": 1,
      "10": 1,
      "11": 7,
      "12": 1,
      "13": 1,
      "14": 1,
      "15": 1,
      "16": 0,
      "17": 0
    },
    "f": { "0": 7, "1": 7, "2": 1, "3": 1, "4": 1, "5": 0 },
    "b": { "0": [5, 2], "1": [1, 1] },
    "_coverageSchema": "1a1c01bbd47fc00a2c39e90264f33305004495a9",
    "hash": "5c8ed2e06cd4ec265a3ef2d56c048089c1cdb398"
  },
  "/Users/anabaptistao/Documents/Badges e Frente de loja/badges/react/Components/textarea.tsx": {
    "path": "/Users/anabaptistao/Documents/Badges e Frente de loja/badges/react/Components/textarea.tsx",
    "statementMap": {
      "0": {
        "start": { "line": 9, "column": 21 },
        "end": { "line": 28, "column": 1 }
      },
      "1": {
        "start": { "line": 10, "column": 19 },
        "end": { "line": 10, "column": 38 }
      },
      "2": {
        "start": { "line": 12, "column": 15 },
        "end": { "line": 12, "column": 24 }
      },
      "3": {
        "start": { "line": 14, "column": 2 },
        "end": { "line": 27, "column": 3 }
      },
      "4": {
        "start": { "line": 20, "column": 12 },
        "end": { "line": 20, "column": 44 }
      }
    },
    "fnMap": {
      "0": {
        "name": "(anonymous_0)",
        "decl": {
          "start": { "line": 9, "column": 21 },
          "end": { "line": 9, "column": 22 }
        },
        "loc": {
          "start": { "line": 9, "column": 27 },
          "end": { "line": 28, "column": 1 }
        },
        "line": 9
      },
      "1": {
        "name": "(anonymous_1)",
        "decl": {
          "start": { "line": 19, "column": 20 },
          "end": { "line": 19, "column": 21 }
        },
        "loc": {
          "start": { "line": 19, "column": 32 },
          "end": { "line": 21, "column": 11 }
        },
        "line": 19
      }
    },
    "branchMap": {},
    "s": { "0": 4, "1": 5, "2": 5, "3": 5, "4": 1 },
    "f": { "0": 5, "1": 1 },
    "b": {},
    "_coverageSchema": "1a1c01bbd47fc00a2c39e90264f33305004495a9",
    "hash": "f2386b3cdb61770d2ec2e6900be50a2cd9f618dd"
  },
  "/Users/anabaptistao/Documents/Badges e Frente de loja/badges/react/Components/validations.tsx": {
    "path": "/Users/anabaptistao/Documents/Badges e Frente de loja/badges/react/Components/validations.tsx",
    "statementMap": {
      "0": {
        "start": { "line": 6, "column": 27 },
        "end": { "line": 20, "column": 1 }
      },
      "1": {
        "start": { "line": 7, "column": 19 },
        "end": { "line": 7, "column": 38 }
      },
      "2": {
        "start": { "line": 9, "column": 2 },
        "end": { "line": 19, "column": 3 }
      },
      "3": {
        "start": { "line": 12, "column": 8 },
        "end": { "line": 16, "column": 9 }
      }
    },
    "fnMap": {
      "0": {
        "name": "(anonymous_0)",
        "decl": {
          "start": { "line": 6, "column": 27 },
          "end": { "line": 6, "column": 28 }
        },
        "loc": {
          "start": { "line": 6, "column": 33 },
          "end": { "line": 20, "column": 1 }
        },
        "line": 6
      },
      "1": {
        "name": "(anonymous_1)",
        "decl": {
          "start": { "line": 11, "column": 33 },
          "end": { "line": 11, "column": 34 }
        },
        "loc": {
          "start": { "line": 11, "column": 44 },
          "end": { "line": 17, "column": 7 }
        },
        "line": 11
      }
    },
    "branchMap": {},
    "s": { "0": 4, "1": 20, "2": 20, "3": 1 },
    "f": { "0": 20, "1": 1 },
    "b": {},
    "_coverageSchema": "1a1c01bbd47fc00a2c39e90264f33305004495a9",
    "hash": "74c85a248133a76cf6aebb662bd6ec97535c1c2a"
  },
  "/Users/anabaptistao/Documents/Badges e Frente de loja/badges/react/Context/context.tsx": {
    "path": "/Users/anabaptistao/Documents/Badges e Frente de loja/badges/react/Context/context.tsx",
    "statementMap": {
      "0": {
        "start": { "line": 62, "column": 16 },
        "end": { "line": 108, "column": 2 }
      }
    },
    "fnMap": {
      "0": {
        "name": "(anonymous_0)",
        "decl": {
          "start": { "line": 64, "column": 13 },
          "end": { "line": 64, "column": 14 }
        },
        "loc": {
          "start": { "line": 64, "column": 19 },
          "end": { "line": 64, "column": 21 }
        },
        "line": 64
      },
      "1": {
        "name": "(anonymous_1)",
        "decl": {
          "start": { "line": 66, "column": 11 },
          "end": { "line": 66, "column": 12 }
        },
        "loc": {
          "start": { "line": 66, "column": 17 },
          "end": { "line": 66, "column": 19 }
        },
        "line": 66
      },
      "2": {
        "name": "(anonymous_2)",
        "decl": {
          "start": { "line": 68, "column": 11 },
          "end": { "line": 68, "column": 12 }
        },
        "loc": {
          "start": { "line": 68, "column": 17 },
          "end": { "line": 68, "column": 19 }
        },
        "line": 68
      },
      "3": {
        "name": "(anonymous_3)",
        "decl": {
          "start": { "line": 69, "column": 14 },
          "end": { "line": 69, "column": 15 }
        },
        "loc": {
          "start": { "line": 69, "column": 20 },
          "end": { "line": 69, "column": 22 }
        },
        "line": 69
      },
      "4": {
        "name": "(anonymous_4)",
        "decl": {
          "start": { "line": 72, "column": 11 },
          "end": { "line": 72, "column": 12 }
        },
        "loc": {
          "start": { "line": 72, "column": 17 },
          "end": { "line": 72, "column": 19 }
        },
        "line": 72
      },
      "5": {
        "name": "(anonymous_5)",
        "decl": {
          "start": { "line": 74, "column": 25 },
          "end": { "line": 74, "column": 26 }
        },
        "loc": {
          "start": { "line": 74, "column": 31 },
          "end": { "line": 74, "column": 33 }
        },
        "line": 74
      },
      "6": {
        "name": "(anonymous_6)",
        "decl": {
          "start": { "line": 75, "column": 24 },
          "end": { "line": 75, "column": 25 }
        },
        "loc": {
          "start": { "line": 75, "column": 30 },
          "end": { "line": 75, "column": 32 }
        },
        "line": 75
      },
      "7": {
        "name": "(anonymous_7)",
        "decl": {
          "start": { "line": 78, "column": 20 },
          "end": { "line": 78, "column": 21 }
        },
        "loc": {
          "start": { "line": 78, "column": 26 },
          "end": { "line": 78, "column": 28 }
        },
        "line": 78
      },
      "8": {
        "name": "(anonymous_8)",
        "decl": {
          "start": { "line": 85, "column": 17 },
          "end": { "line": 85, "column": 18 }
        },
        "loc": {
          "start": { "line": 85, "column": 23 },
          "end": { "line": 85, "column": 25 }
        },
        "line": 85
      },
      "9": {
        "name": "(anonymous_9)",
        "decl": {
          "start": { "line": 88, "column": 16 },
          "end": { "line": 88, "column": 17 }
        },
        "loc": {
          "start": { "line": 88, "column": 22 },
          "end": { "line": 88, "column": 24 }
        },
        "line": 88
      },
      "10": {
        "name": "(anonymous_10)",
        "decl": {
          "start": { "line": 90, "column": 18 },
          "end": { "line": 90, "column": 19 }
        },
        "loc": {
          "start": { "line": 90, "column": 24 },
          "end": { "line": 90, "column": 26 }
        },
        "line": 90
      },
      "11": {
        "name": "(anonymous_11)",
        "decl": {
          "start": { "line": 91, "column": 15 },
          "end": { "line": 91, "column": 16 }
        },
        "loc": {
          "start": { "line": 91, "column": 21 },
          "end": { "line": 91, "column": 23 }
        },
        "line": 91
      },
      "12": {
        "name": "(anonymous_12)",
        "decl": {
          "start": { "line": 92, "column": 14 },
          "end": { "line": 92, "column": 15 }
        },
        "loc": {
          "start": { "line": 92, "column": 20 },
          "end": { "line": 92, "column": 22 }
        },
        "line": 92
      },
      "13": {
        "name": "(anonymous_13)",
        "decl": {
          "start": { "line": 93, "column": 13 },
          "end": { "line": 93, "column": 14 }
        },
        "loc": {
          "start": { "line": 93, "column": 19 },
          "end": { "line": 93, "column": 21 }
        },
        "line": 93
      },
      "14": {
        "name": "(anonymous_14)",
        "decl": {
          "start": { "line": 94, "column": 16 },
          "end": { "line": 94, "column": 17 }
        },
        "loc": {
          "start": { "line": 94, "column": 22 },
          "end": { "line": 94, "column": 24 }
        },
        "line": 94
      },
      "15": {
        "name": "(anonymous_15)",
        "decl": {
          "start": { "line": 97, "column": 16 },
          "end": { "line": 97, "column": 17 }
        },
        "loc": {
          "start": { "line": 97, "column": 22 },
          "end": { "line": 97, "column": 24 }
        },
        "line": 97
      },
      "16": {
        "name": "(anonymous_16)",
        "decl": {
          "start": { "line": 98, "column": 14 },
          "end": { "line": 98, "column": 15 }
        },
        "loc": {
          "start": { "line": 98, "column": 20 },
          "end": { "line": 98, "column": 22 }
        },
        "line": 98
      },
      "17": {
        "name": "(anonymous_17)",
        "decl": {
          "start": { "line": 99, "column": 8 },
          "end": { "line": 99, "column": 9 }
        },
        "loc": {
          "start": { "line": 99, "column": 14 },
          "end": { "line": 99, "column": 16 }
        },
        "line": 99
      },
      "18": {
        "name": "(anonymous_18)",
        "decl": {
          "start": { "line": 106, "column": 25 },
          "end": { "line": 106, "column": 26 }
        },
        "loc": {
          "start": { "line": 106, "column": 31 },
          "end": { "line": 106, "column": 33 }
        },
        "line": 106
      }
    },
    "branchMap": {},
    "s": { "0": 16 },
    "f": {
      "0": 0,
      "1": 0,
      "2": 0,
      "3": 0,
      "4": 0,
      "5": 0,
      "6": 0,
      "7": 0,
      "8": 0,
      "9": 0,
      "10": 0,
      "11": 0,
      "12": 0,
      "13": 0,
      "14": 0,
      "15": 0,
      "16": 0,
      "17": 0,
      "18": 0
    },
    "b": {},
    "_coverageSchema": "1a1c01bbd47fc00a2c39e90264f33305004495a9",
    "hash": "f5a4dbdaca38f1619e758eea2c5a4d1a15462f20"
  },
  "/Users/anabaptistao/Documents/Badges e Frente de loja/badges/react/EditBadges/index.tsx": {
    "path": "/Users/anabaptistao/Documents/Badges e Frente de loja/badges/react/EditBadges/index.tsx",
    "statementMap": {
      "0": {
        "start": { "line": 11, "column": 23 },
        "end": { "line": 114, "column": 1 }
      },
      "1": {
        "start": { "line": 12, "column": 15 },
        "end": { "line": 12, "column": 24 }
      },
      "2": {
        "start": { "line": 13, "column": 19 },
        "end": { "line": 13, "column": 38 }
      },
      "3": {
        "start": { "line": 14, "column": 24 },
        "end": { "line": 23, "column": 3 }
      },
      "4": {
        "start": { "line": 25, "column": 22 },
        "end": { "line": 39, "column": 3 }
      },
      "5": {
        "start": { "line": 27, "column": 19 },
        "end": { "line": 27, "column": 27 }
      },
      "6": {
        "start": { "line": 29, "column": 8 },
        "end": { "line": 29, "column": 53 }
      },
      "7": {
        "start": { "line": 33, "column": 19 },
        "end": { "line": 33, "column": 28 }
      },
      "8": {
        "start": { "line": 36, "column": 8 },
        "end": { "line": 36, "column": 40 }
      },
      "9": {
        "start": { "line": 42, "column": 20 },
        "end": { "line": 42, "column": 56 }
      },
      "10": {
        "start": { "line": 43, "column": 21 },
        "end": { "line": 43, "column": 59 }
      },
      "11": {
        "start": { "line": 44, "column": 19 },
        "end": { "line": 44, "column": 61 }
      },
      "12": {
        "start": { "line": 46, "column": 4 },
        "end": { "line": 46, "column": 39 }
      },
      "13": {
        "start": { "line": 50, "column": 4 },
        "end": { "line": 50, "column": 54 }
      },
      "14": {
        "start": { "line": 50, "column": 48 },
        "end": { "line": 50, "column": 54 }
      },
      "15": {
        "start": { "line": 51, "column": 20 },
        "end": { "line": 51, "column": 56 }
      },
      "16": {
        "start": { "line": 53, "column": 6 },
        "end": { "line": 53, "column": 77 }
      },
      "17": {
        "start": { "line": 55, "column": 19 },
        "end": { "line": 55, "column": 59 }
      },
      "18": {
        "start": { "line": 57, "column": 4 },
        "end": { "line": 57, "column": 39 }
      },
      "19": {
        "start": { "line": 65, "column": 4 },
        "end": { "line": 69, "column": 6 }
      },
      "20": {
        "start": { "line": 73, "column": 4 },
        "end": { "line": 76, "column": 6 }
      },
      "21": {
        "start": { "line": 79, "column": 2 },
        "end": { "line": 79, "column": 62 }
      },
      "22": {
        "start": { "line": 79, "column": 28 },
        "end": { "line": 79, "column": 62 }
      },
      "23": {
        "start": { "line": 80, "column": 2 },
        "end": { "line": 80, "column": 56 }
      },
      "24": {
        "start": { "line": 80, "column": 26 },
        "end": { "line": 80, "column": 56 }
      },
      "25": {
        "start": { "line": 82, "column": 2 },
        "end": { "line": 113, "column": 3 }
      },
      "26": {
        "start": { "line": 92, "column": 14 },
        "end": { "line": 92, "column": 32 }
      },
      "27": {
        "start": { "line": 93, "column": 14 },
        "end": { "line": 93, "column": 31 }
      },
      "28": {
        "start": { "line": 96, "column": 14 },
        "end": { "line": 96, "column": 32 }
      },
      "29": {
        "start": { "line": 97, "column": 14 },
        "end": { "line": 97, "column": 31 }
      },
      "30": {
        "start": { "line": 102, "column": 14 },
        "end": { "line": 102, "column": 32 }
      },
      "31": {
        "start": { "line": 103, "column": 14 },
        "end": { "line": 103, "column": 40 }
      }
    },
    "fnMap": {
      "0": {
        "name": "(anonymous_0)",
        "decl": {
          "start": { "line": 11, "column": 23 },
          "end": { "line": 11, "column": 24 }
        },
        "loc": {
          "start": { "line": 11, "column": 29 },
          "end": { "line": 114, "column": 1 }
        },
        "line": 11
      },
      "1": {
        "name": "(anonymous_1)",
        "decl": {
          "start": { "line": 27, "column": 13 },
          "end": { "line": 27, "column": 14 }
        },
        "loc": {
          "start": { "line": 27, "column": 19 },
          "end": { "line": 27, "column": 27 }
        },
        "line": 27
      },
      "2": {
        "name": "(anonymous_2)",
        "decl": {
          "start": { "line": 28, "column": 15 },
          "end": { "line": 28, "column": 16 }
        },
        "loc": {
          "start": { "line": 28, "column": 50 },
          "end": { "line": 30, "column": 7 }
        },
        "line": 28
      },
      "3": {
        "name": "(anonymous_3)",
        "decl": {
          "start": { "line": 33, "column": 13 },
          "end": { "line": 33, "column": 14 }
        },
        "loc": {
          "start": { "line": 33, "column": 19 },
          "end": { "line": 33, "column": 28 }
        },
        "line": 33
      },
      "4": {
        "name": "(anonymous_4)",
        "decl": {
          "start": { "line": 35, "column": 15 },
          "end": { "line": 35, "column": 16 }
        },
        "loc": {
          "start": { "line": 35, "column": 50 },
          "end": { "line": 37, "column": 7 }
        },
        "line": 35
      },
      "5": {
        "name": "handleNextClick",
        "decl": {
          "start": { "line": 41, "column": 11 },
          "end": { "line": 41, "column": 26 }
        },
        "loc": {
          "start": { "line": 41, "column": 29 },
          "end": { "line": 47, "column": 3 }
        },
        "line": 41
      },
      "6": {
        "name": "handlePrevClick",
        "decl": {
          "start": { "line": 49, "column": 11 },
          "end": { "line": 49, "column": 26 }
        },
        "loc": {
          "start": { "line": 49, "column": 29 },
          "end": { "line": 58, "column": 3 }
        },
        "line": 49
      },
      "7": {
        "name": "goToPage",
        "decl": {
          "start": { "line": 60, "column": 11 },
          "end": { "line": 60, "column": 19 }
        },
        "loc": {
          "start": { "line": 64, "column": 4 },
          "end": { "line": 70, "column": 3 }
        },
        "line": 64
      },
      "8": {
        "name": "handleRowsChange",
        "decl": {
          "start": { "line": 72, "column": 11 },
          "end": { "line": 72, "column": 27 }
        },
        "loc": {
          "start": { "line": 72, "column": 51 },
          "end": { "line": 77, "column": 3 }
        },
        "line": 72
      },
      "9": {
        "name": "(anonymous_9)",
        "decl": {
          "start": { "line": 91, "column": 25 },
          "end": { "line": 91, "column": 26 }
        },
        "loc": {
          "start": { "line": 91, "column": 48 },
          "end": { "line": 94, "column": 13 }
        },
        "line": 91
      },
      "10": {
        "name": "(anonymous_10)",
        "decl": {
          "start": { "line": 95, "column": 25 },
          "end": { "line": 95, "column": 26 }
        },
        "loc": {
          "start": { "line": 95, "column": 48 },
          "end": { "line": 98, "column": 13 }
        },
        "line": 95
      },
      "11": {
        "name": "(anonymous_11)",
        "decl": {
          "start": { "line": 101, "column": 26 },
          "end": { "line": 101, "column": 27 }
        },
        "loc": {
          "start": { "line": 101, "column": 64 },
          "end": { "line": 104, "column": 13 }
        },
        "line": 101
      }
    },
    "branchMap": {
      "0": {
        "loc": {
          "start": { "line": 50, "column": 4 },
          "end": { "line": 50, "column": 54 }
        },
        "type": "if",
        "locations": [
          {
            "start": { "line": 50, "column": 4 },
            "end": { "line": 50, "column": 54 }
          },
          {
            "start": { "line": 50, "column": 4 },
            "end": { "line": 50, "column": 54 }
          }
        ],
        "line": 50
      },
      "1": {
        "loc": {
          "start": { "line": 79, "column": 2 },
          "end": { "line": 79, "column": 62 }
        },
        "type": "if",
        "locations": [
          {
            "start": { "line": 79, "column": 2 },
            "end": { "line": 79, "column": 62 }
          },
          {
            "start": { "line": 79, "column": 2 },
            "end": { "line": 79, "column": 62 }
          }
        ],
        "line": 79
      },
      "2": {
        "loc": {
          "start": { "line": 80, "column": 2 },
          "end": { "line": 80, "column": 56 }
        },
        "type": "if",
        "locations": [
          {
            "start": { "line": 80, "column": 2 },
            "end": { "line": 80, "column": 56 }
          },
          {
            "start": { "line": 80, "column": 2 },
            "end": { "line": 80, "column": 56 }
          }
        ],
        "line": 80
      }
    },
    "s": {
      "0": 1,
      "1": 6,
      "2": 6,
      "3": 6,
      "4": 6,
      "5": 0,
      "6": 0,
      "7": 0,
      "8": 0,
      "9": 1,
      "10": 1,
      "11": 1,
      "12": 1,
      "13": 1,
      "14": 0,
      "15": 1,
      "16": 1,
      "17": 1,
      "18": 1,
      "19": 2,
      "20": 1,
      "21": 6,
      "22": 1,
      "23": 5,
      "24": 1,
      "25": 4,
      "26": 1,
      "27": 1,
      "28": 1,
      "29": 1,
      "30": 1,
      "31": 1
    },
    "f": {
      "0": 6,
      "1": 0,
      "2": 0,
      "3": 0,
      "4": 0,
      "5": 1,
      "6": 1,
      "7": 2,
      "8": 1,
      "9": 1,
      "10": 1,
      "11": 1
    },
    "b": { "0": [0, 1], "1": [1, 5], "2": [1, 4] },
    "_coverageSchema": "1a1c01bbd47fc00a2c39e90264f33305004495a9",
    "hash": "edca0b14eb79e002a082b49d9fbcc646c5a327fb"
  },
  "/Users/anabaptistao/Documents/Badges e Frente de loja/badges/react/Provider/provider.tsx": {
    "path": "/Users/anabaptistao/Documents/Badges e Frente de loja/badges/react/Provider/provider.tsx",
    "statementMap": {
      "0": {
        "start": { "line": 29, "column": 21 },
        "end": { "line": 464, "column": 1 }
      },
      "1": {
        "start": { "line": 30, "column": 15 },
        "end": { "line": 30, "column": 24 }
      },
      "2": {
        "start": { "line": 31, "column": 24 },
        "end": { "line": 31, "column": 48 }
      },
      "3": {
        "start": { "line": 32, "column": 30 },
        "end": { "line": 32, "column": 59 }
      },
      "4": {
        "start": { "line": 33, "column": 26 },
        "end": { "line": 33, "column": 38 }
      },
      "5": {
        "start": { "line": 34, "column": 26 },
        "end": { "line": 34, "column": 38 }
      },
      "6": {
        "start": { "line": 35, "column": 26 },
        "end": { "line": 35, "column": 65 }
      },
      "7": {
        "start": { "line": 36, "column": 26 },
        "end": { "line": 36, "column": 38 }
      },
      "8": {
        "start": { "line": 37, "column": 38 },
        "end": { "line": 40, "column": 4 }
      },
      "9": {
        "start": { "line": 42, "column": 39 },
        "end": { "line": 47, "column": 4 }
      },
      "10": {
        "start": { "line": 49, "column": 62 },
        "end": { "line": 49, "column": 73 }
      },
      "11": {
        "start": { "line": 50, "column": 36 },
        "end": { "line": 50, "column": 70 }
      },
      "12": {
        "start": { "line": 51, "column": 42 },
        "end": { "line": 51, "column": 66 }
      },
      "13": {
        "start": { "line": 52, "column": 40 },
        "end": { "line": 52, "column": 55 }
      },
      "14": {
        "start": { "line": 53, "column": 36 },
        "end": { "line": 53, "column": 51 }
      },
      "15": {
        "start": { "line": 54, "column": 36 },
        "end": { "line": 54, "column": 51 }
      },
      "16": {
        "start": { "line": 56, "column": 34 },
        "end": { "line": 56, "column": 52 }
      },
      "17": {
        "start": { "line": 57, "column": 30 },
        "end": { "line": 57, "column": 48 }
      },
      "18": {
        "start": { "line": 59, "column": 4 },
        "end": { "line": 59, "column": 46 }
      },
      "19": {
        "start": { "line": 61, "column": 37 },
        "end": { "line": 61, "column": 66 }
      },
      "20": {
        "start": { "line": 62, "column": 35 },
        "end": { "line": 62, "column": 62 }
      },
      "21": {
        "start": { "line": 63, "column": 35 },
        "end": { "line": 63, "column": 64 }
      },
      "22": {
        "start": { "line": 64, "column": 25 },
        "end": { "line": 64, "column": 48 }
      },
      "23": {
        "start": { "line": 66, "column": 38 },
        "end": { "line": 66, "column": 63 }
      },
      "24": {
        "start": { "line": 67, "column": 33 },
        "end": { "line": 67, "column": 55 }
      },
      "25": {
        "start": { "line": 68, "column": 36 },
        "end": { "line": 68, "column": 60 }
      },
      "26": {
        "start": { "line": 69, "column": 41 },
        "end": { "line": 69, "column": 70 }
      },
      "27": {
        "start": { "line": 70, "column": 38 },
        "end": { "line": 70, "column": 63 }
      },
      "28": {
        "start": { "line": 71, "column": 43 },
        "end": { "line": 71, "column": 73 }
      },
      "29": {
        "start": { "line": 73, "column": 23 },
        "end": { "line": 85, "column": 25 }
      },
      "30": {
        "start": { "line": 74, "column": 4 },
        "end": { "line": 74, "column": 47 }
      },
      "31": {
        "start": { "line": 74, "column": 41 },
        "end": { "line": 74, "column": 47 }
      },
      "32": {
        "start": { "line": 76, "column": 65 },
        "end": { "line": 76, "column": 67 }
      },
      "33": {
        "start": { "line": 78, "column": 4 },
        "end": { "line": 82, "column": 5 }
      },
      "34": {
        "start": { "line": 80, "column": 8 },
        "end": { "line": 80, "column": 68 }
      },
      "35": {
        "start": { "line": 84, "column": 4 },
        "end": { "line": 84, "column": 22 }
      },
      "36": {
        "start": { "line": 87, "column": 18 },
        "end": { "line": 98, "column": 20 }
      },
      "37": {
        "start": { "line": 88, "column": 4 },
        "end": { "line": 88, "column": 42 }
      },
      "38": {
        "start": { "line": 88, "column": 36 },
        "end": { "line": 88, "column": 42 }
      },
      "39": {
        "start": { "line": 89, "column": 65 },
        "end": { "line": 89, "column": 67 }
      },
      "40": {
        "start": { "line": 91, "column": 4 },
        "end": { "line": 95, "column": 5 }
      },
      "41": {
        "start": { "line": 93, "column": 8 },
        "end": { "line": 93, "column": 68 }
      },
      "42": {
        "start": { "line": 97, "column": 4 },
        "end": { "line": 97, "column": 22 }
      },
      "43": {
        "start": { "line": 100, "column": 21 },
        "end": { "line": 111, "column": 23 }
      },
      "44": {
        "start": { "line": 101, "column": 4 },
        "end": { "line": 101, "column": 45 }
      },
      "45": {
        "start": { "line": 101, "column": 39 },
        "end": { "line": 101, "column": 45 }
      },
      "46": {
        "start": { "line": 102, "column": 65 },
        "end": { "line": 102, "column": 67 }
      },
      "47": {
        "start": { "line": 104, "column": 4 },
        "end": { "line": 108, "column": 5 }
      },
      "48": {
        "start": { "line": 106, "column": 8 },
        "end": { "line": 106, "column": 68 }
      },
      "49": {
        "start": { "line": 110, "column": 4 },
        "end": { "line": 110, "column": 22 }
      },
      "50": {
        "start": { "line": 113, "column": 26 },
        "end": { "line": 124, "column": 28 }
      },
      "51": {
        "start": { "line": 114, "column": 4 },
        "end": { "line": 114, "column": 50 }
      },
      "52": {
        "start": { "line": 114, "column": 44 },
        "end": { "line": 114, "column": 50 }
      },
      "53": {
        "start": { "line": 115, "column": 65 },
        "end": { "line": 115, "column": 67 }
      },
      "54": {
        "start": { "line": 117, "column": 4 },
        "end": { "line": 121, "column": 5 }
      },
      "55": {
        "start": { "line": 119, "column": 8 },
        "end": { "line": 119, "column": 68 }
      },
      "56": {
        "start": { "line": 123, "column": 4 },
        "end": { "line": 123, "column": 22 }
      },
      "57": {
        "start": { "line": 126, "column": 23 },
        "end": { "line": 137, "column": 25 }
      },
      "58": {
        "start": { "line": 127, "column": 4 },
        "end": { "line": 127, "column": 47 }
      },
      "59": {
        "start": { "line": 127, "column": 41 },
        "end": { "line": 127, "column": 47 }
      },
      "60": {
        "start": { "line": 128, "column": 65 },
        "end": { "line": 128, "column": 67 }
      },
      "61": {
        "start": { "line": 130, "column": 4 },
        "end": { "line": 134, "column": 5 }
      },
      "62": {
        "start": { "line": 132, "column": 8 },
        "end": { "line": 132, "column": 68 }
      },
      "63": {
        "start": { "line": 136, "column": 4 },
        "end": { "line": 136, "column": 22 }
      },
      "64": {
        "start": { "line": 139, "column": 28 },
        "end": { "line": 150, "column": 30 }
      },
      "65": {
        "start": { "line": 140, "column": 4 },
        "end": { "line": 140, "column": 52 }
      },
      "66": {
        "start": { "line": 140, "column": 46 },
        "end": { "line": 140, "column": 52 }
      },
      "67": {
        "start": { "line": 141, "column": 65 },
        "end": { "line": 141, "column": 67 }
      },
      "68": {
        "start": { "line": 143, "column": 4 },
        "end": { "line": 147, "column": 5 }
      },
      "69": {
        "start": { "line": 145, "column": 8 },
        "end": { "line": 145, "column": 70 }
      },
      "70": {
        "start": { "line": 149, "column": 4 },
        "end": { "line": 149, "column": 22 }
      },
      "71": {
        "start": { "line": 152, "column": 29 },
        "end": { "line": 161, "column": 12 }
      },
      "72": {
        "start": { "line": 153, "column": 4 },
        "end": { "line": 153, "column": 34 }
      },
      "73": {
        "start": { "line": 154, "column": 4 },
        "end": { "line": 158, "column": 5 }
      },
      "74": {
        "start": { "line": 155, "column": 6 },
        "end": { "line": 155, "column": 73 }
      },
      "75": {
        "start": { "line": 157, "column": 6 },
        "end": { "line": 157, "column": 41 }
      },
      "76": {
        "start": { "line": 160, "column": 4 },
        "end": { "line": 160, "column": 13 }
      },
      "77": {
        "start": { "line": 163, "column": 2 },
        "end": { "line": 171, "column": 19 }
      },
      "78": {
        "start": { "line": 164, "column": 4 },
        "end": { "line": 164, "column": 30 }
      },
      "79": {
        "start": { "line": 165, "column": 4 },
        "end": { "line": 170, "column": 6 }
      },
      "80": {
        "start": { "line": 173, "column": 25 },
        "end": { "line": 184, "column": 26 }
      },
      "81": {
        "start": { "line": 174, "column": 4 },
        "end": { "line": 183, "column": 5 }
      },
      "82": {
        "start": { "line": 176, "column": 8 },
        "end": { "line": 181, "column": 9 }
      },
      "83": {
        "start": { "line": 188, "column": 6 },
        "end": { "line": 194, "column": 24 }
      },
      "84": {
        "start": { "line": 189, "column": 4 },
        "end": { "line": 193, "column": 5 }
      },
      "85": {
        "start": { "line": 196, "column": 27 },
        "end": { "line": 198, "column": 3 }
      },
      "86": {
        "start": { "line": 197, "column": 4 },
        "end": { "line": 197, "column": 42 }
      },
      "87": {
        "start": { "line": 201, "column": 4 },
        "end": { "line": 201, "column": 46 }
      },
      "88": {
        "start": { "line": 205, "column": 4 },
        "end": { "line": 205, "column": 73 }
      },
      "89": {
        "start": { "line": 209, "column": 4 },
        "end": { "line": 209, "column": 63 }
      },
      "90": {
        "start": { "line": 213, "column": 4 },
        "end": { "line": 213, "column": 52 }
      },
      "91": {
        "start": { "line": 217, "column": 4 },
        "end": { "line": 225, "column": 5 }
      },
      "92": {
        "start": { "line": 218, "column": 18 },
        "end": { "line": 220, "column": 8 }
      },
      "93": {
        "start": { "line": 222, "column": 6 },
        "end": { "line": 222, "column": 57 }
      },
      "94": {
        "start": { "line": 222, "column": 23 },
        "end": { "line": 222, "column": 57 }
      },
      "95": {
        "start": { "line": 224, "column": 6 },
        "end": { "line": 224, "column": 17 }
      },
      "96": {
        "start": { "line": 229, "column": 23 },
        "end": { "line": 229, "column": 25 }
      },
      "97": {
        "start": { "line": 231, "column": 4 },
        "end": { "line": 233, "column": 5 }
      },
      "98": {
        "start": { "line": 232, "column": 6 },
        "end": { "line": 232, "column": 61 }
      },
      "99": {
        "start": { "line": 235, "column": 27 },
        "end": { "line": 235, "column": 48 }
      },
      "100": {
        "start": { "line": 237, "column": 29 },
        "end": { "line": 237, "column": 74 }
      },
      "101": {
        "start": { "line": 239, "column": 4 },
        "end": { "line": 239, "column": 59 }
      },
      "102": {
        "start": { "line": 239, "column": 26 },
        "end": { "line": 239, "column": 59 }
      },
      "103": {
        "start": { "line": 241, "column": 4 },
        "end": { "line": 243, "column": 5 }
      },
      "104": {
        "start": { "line": 242, "column": 6 },
        "end": { "line": 242, "column": 72 }
      },
      "105": {
        "start": { "line": 245, "column": 4 },
        "end": { "line": 245, "column": 44 }
      },
      "106": {
        "start": { "line": 245, "column": 33 },
        "end": { "line": 245, "column": 44 }
      },
      "107": {
        "start": { "line": 247, "column": 4 },
        "end": { "line": 247, "column": 31 }
      },
      "108": {
        "start": { "line": 249, "column": 4 },
        "end": { "line": 249, "column": 16 }
      },
      "109": {
        "start": { "line": 253, "column": 4 },
        "end": { "line": 253, "column": 42 }
      },
      "110": {
        "start": { "line": 254, "column": 4 },
        "end": { "line": 254, "column": 25 }
      },
      "111": {
        "start": { "line": 255, "column": 21 },
        "end": { "line": 255, "column": 52 }
      },
      "112": {
        "start": { "line": 257, "column": 4 },
        "end": { "line": 280, "column": 5 }
      },
      "113": {
        "start": { "line": 258, "column": 6 },
        "end": { "line": 258, "column": 27 }
      },
      "114": {
        "start": { "line": 259, "column": 36 },
        "end": { "line": 259, "column": 38 }
      },
      "115": {
        "start": { "line": 261, "column": 6 },
        "end": { "line": 261, "column": 27 }
      },
      "116": {
        "start": { "line": 262, "column": 6 },
        "end": { "line": 262, "column": 46 }
      },
      "117": {
        "start": { "line": 263, "column": 6 },
        "end": { "line": 263, "column": 62 }
      },
      "118": {
        "start": { "line": 265, "column": 29 },
        "end": { "line": 265, "column": 50 }
      },
      "119": {
        "start": { "line": 267, "column": 6 },
        "end": { "line": 271, "column": 7 }
      },
      "120": {
        "start": { "line": 268, "column": 8 },
        "end": { "line": 268, "column": 42 }
      },
      "121": {
        "start": { "line": 270, "column": 8 },
        "end": { "line": 270, "column": 48 }
      },
      "122": {
        "start": { "line": 273, "column": 6 },
        "end": { "line": 273, "column": 42 }
      },
      "123": {
        "start": { "line": 275, "column": 27 },
        "end": { "line": 275, "column": 50 }
      },
      "124": {
        "start": { "line": 277, "column": 6 },
        "end": { "line": 277, "column": 15 }
      },
      "125": {
        "start": { "line": 279, "column": 6 },
        "end": { "line": 279, "column": 25 }
      },
      "126": {
        "start": { "line": 284, "column": 15 },
        "end": { "line": 286, "column": 6 }
      },
      "127": {
        "start": { "line": 288, "column": 4 },
        "end": { "line": 292, "column": 5 }
      },
      "128": {
        "start": { "line": 289, "column": 6 },
        "end": { "line": 289, "column": 46 }
      },
      "129": {
        "start": { "line": 291, "column": 6 },
        "end": { "line": 291, "column": 17 }
      },
      "130": {
        "start": { "line": 294, "column": 4 },
        "end": { "line": 294, "column": 45 }
      },
      "131": {
        "start": { "line": 296, "column": 4 },
        "end": { "line": 296, "column": 16 }
      },
      "132": {
        "start": { "line": 300, "column": 4 },
        "end": { "line": 300, "column": 24 }
      },
      "133": {
        "start": { "line": 301, "column": 4 },
        "end": { "line": 301, "column": 19 }
      },
      "134": {
        "start": { "line": 305, "column": 4 },
        "end": { "line": 305, "column": 25 }
      },
      "135": {
        "start": { "line": 307, "column": 25 },
        "end": { "line": 309, "column": 6 }
      },
      "136": {
        "start": { "line": 311, "column": 4 },
        "end": { "line": 317, "column": 5 }
      },
      "137": {
        "start": { "line": 312, "column": 6 },
        "end": { "line": 312, "column": 58 }
      },
      "138": {
        "start": { "line": 313, "column": 6 },
        "end": { "line": 313, "column": 15 }
      },
      "139": {
        "start": { "line": 314, "column": 6 },
        "end": { "line": 314, "column": 21 }
      },
      "140": {
        "start": { "line": 316, "column": 6 },
        "end": { "line": 316, "column": 57 }
      },
      "141": {
        "start": { "line": 321, "column": 4 },
        "end": { "line": 321, "column": 22 }
      },
      "142": {
        "start": { "line": 322, "column": 4 },
        "end": { "line": 322, "column": 42 }
      },
      "143": {
        "start": { "line": 324, "column": 4 },
        "end": { "line": 324, "column": 43 }
      },
      "144": {
        "start": { "line": 325, "column": 31 },
        "end": { "line": 337, "column": 5 }
      },
      "145": {
        "start": { "line": 331, "column": 8 },
        "end": { "line": 335, "column": 9 }
      },
      "146": {
        "start": { "line": 339, "column": 29 },
        "end": { "line": 342, "column": 5 }
      },
      "147": {
        "start": { "line": 344, "column": 4 },
        "end": { "line": 344, "column": 43 }
      },
      "148": {
        "start": { "line": 345, "column": 4 },
        "end": { "line": 355, "column": 5 }
      },
      "149": {
        "start": { "line": 346, "column": 6 },
        "end": { "line": 346, "column": 48 }
      },
      "150": {
        "start": { "line": 347, "column": 6 },
        "end": { "line": 347, "column": 35 }
      },
      "151": {
        "start": { "line": 348, "column": 11 },
        "end": { "line": 355, "column": 5 }
      },
      "152": {
        "start": { "line": 349, "column": 6 },
        "end": { "line": 349, "column": 48 }
      },
      "153": {
        "start": { "line": 350, "column": 6 },
        "end": { "line": 350, "column": 35 }
      },
      "154": {
        "start": { "line": 352, "column": 6 },
        "end": { "line": 352, "column": 51 }
      },
      "155": {
        "start": { "line": 353, "column": 6 },
        "end": { "line": 353, "column": 36 }
      },
      "156": {
        "start": { "line": 354, "column": 6 },
        "end": { "line": 354, "column": 24 }
      },
      "157": {
        "start": { "line": 357, "column": 4 },
        "end": { "line": 357, "column": 35 }
      },
      "158": {
        "start": { "line": 358, "column": 4 },
        "end": { "line": 358, "column": 17 }
      },
      "159": {
        "start": { "line": 362, "column": 4 },
        "end": { "line": 362, "column": 25 }
      },
      "160": {
        "start": { "line": 364, "column": 21 },
        "end": { "line": 364, "column": 52 }
      },
      "161": {
        "start": { "line": 366, "column": 4 },
        "end": { "line": 398, "column": 5 }
      },
      "162": {
        "start": { "line": 367, "column": 36 },
        "end": { "line": 367, "column": 38 }
      },
      "163": {
        "start": { "line": 369, "column": 6 },
        "end": { "line": 369, "column": 27 }
      },
      "164": {
        "start": { "line": 370, "column": 6 },
        "end": { "line": 370, "column": 46 }
      },
      "165": {
        "start": { "line": 371, "column": 6 },
        "end": { "line": 371, "column": 62 }
      },
      "166": {
        "start": { "line": 373, "column": 29 },
        "end": { "line": 373, "column": 50 }
      },
      "167": {
        "start": { "line": 375, "column": 6 },
        "end": { "line": 382, "column": 7 }
      },
      "168": {
        "start": { "line": 379, "column": 8 },
        "end": { "line": 379, "column": 42 }
      },
      "169": {
        "start": { "line": 381, "column": 8 },
        "end": { "line": 381, "column": 48 }
      },
      "170": {
        "start": { "line": 384, "column": 6 },
        "end": { "line": 384, "column": 42 }
      },
      "171": {
        "start": { "line": 386, "column": 25 },
        "end": { "line": 388, "column": 8 }
      },
      "172": {
        "start": { "line": 390, "column": 6 },
        "end": { "line": 397, "column": 7 }
      },
      "173": {
        "start": { "line": 391, "column": 8 },
        "end": { "line": 391, "column": 17 }
      },
      "174": {
        "start": { "line": 392, "column": 8 },
        "end": { "line": 392, "column": 58 }
      },
      "175": {
        "start": { "line": 393, "column": 8 },
        "end": { "line": 393, "column": 27 }
      },
      "176": {
        "start": { "line": 394, "column": 8 },
        "end": { "line": 394, "column": 21 }
      },
      "177": {
        "start": { "line": 396, "column": 8 },
        "end": { "line": 396, "column": 57 }
      },
      "178": {
        "start": { "line": 402, "column": 4 },
        "end": { "line": 402, "column": 15 }
      },
      "179": {
        "start": { "line": 403, "column": 4 },
        "end": { "line": 403, "column": 42 }
      },
      "180": {
        "start": { "line": 405, "column": 4 },
        "end": { "line": 405, "column": 15 }
      },
      "181": {
        "start": { "line": 406, "column": 4 },
        "end": { "line": 406, "column": 34 }
      },
      "182": {
        "start": { "line": 407, "column": 4 },
        "end": { "line": 407, "column": 15 }
      },
      "183": {
        "start": { "line": 408, "column": 4 },
        "end": { "line": 408, "column": 18 }
      },
      "184": {
        "start": { "line": 410, "column": 4 },
        "end": { "line": 413, "column": 6 }
      },
      "185": {
        "start": { "line": 416, "column": 2 },
        "end": { "line": 463, "column": 3 }
      }
    },
    "fnMap": {
      "0": {
        "name": "(anonymous_0)",
        "decl": {
          "start": { "line": 29, "column": 21 },
          "end": { "line": 29, "column": 22 }
        },
        "loc": {
          "start": { "line": 29, "column": 30 },
          "end": { "line": 464, "column": 1 }
        },
        "line": 29
      },
      "1": {
        "name": "(anonymous_1)",
        "decl": {
          "start": { "line": 73, "column": 31 },
          "end": { "line": 73, "column": 32 }
        },
        "loc": {
          "start": { "line": 73, "column": 37 },
          "end": { "line": 85, "column": 3 }
        },
        "line": 73
      },
      "2": {
        "name": "(anonymous_2)",
        "decl": {
          "start": { "line": 79, "column": 6 },
          "end": { "line": 79, "column": 7 }
        },
        "loc": {
          "start": { "line": 79, "column": 49 },
          "end": { "line": 81, "column": 7 }
        },
        "line": 79
      },
      "3": {
        "name": "(anonymous_3)",
        "decl": {
          "start": { "line": 87, "column": 26 },
          "end": { "line": 87, "column": 27 }
        },
        "loc": {
          "start": { "line": 87, "column": 32 },
          "end": { "line": 98, "column": 3 }
        },
        "line": 87
      },
      "4": {
        "name": "(anonymous_4)",
        "decl": {
          "start": { "line": 92, "column": 6 },
          "end": { "line": 92, "column": 7 }
        },
        "loc": {
          "start": { "line": 92, "column": 49 },
          "end": { "line": 94, "column": 7 }
        },
        "line": 92
      },
      "5": {
        "name": "(anonymous_5)",
        "decl": {
          "start": { "line": 100, "column": 29 },
          "end": { "line": 100, "column": 30 }
        },
        "loc": {
          "start": { "line": 100, "column": 35 },
          "end": { "line": 111, "column": 3 }
        },
        "line": 100
      },
      "6": {
        "name": "(anonymous_6)",
        "decl": {
          "start": { "line": 105, "column": 6 },
          "end": { "line": 105, "column": 7 }
        },
        "loc": {
          "start": { "line": 105, "column": 49 },
          "end": { "line": 107, "column": 7 }
        },
        "line": 105
      },
      "7": {
        "name": "(anonymous_7)",
        "decl": {
          "start": { "line": 113, "column": 34 },
          "end": { "line": 113, "column": 35 }
        },
        "loc": {
          "start": { "line": 113, "column": 40 },
          "end": { "line": 124, "column": 3 }
        },
        "line": 113
      },
      "8": {
        "name": "(anonymous_8)",
        "decl": {
          "start": { "line": 118, "column": 6 },
          "end": { "line": 118, "column": 7 }
        },
        "loc": {
          "start": { "line": 118, "column": 49 },
          "end": { "line": 120, "column": 7 }
        },
        "line": 118
      },
      "9": {
        "name": "(anonymous_9)",
        "decl": {
          "start": { "line": 126, "column": 31 },
          "end": { "line": 126, "column": 32 }
        },
        "loc": {
          "start": { "line": 126, "column": 37 },
          "end": { "line": 137, "column": 3 }
        },
        "line": 126
      },
      "10": {
        "name": "(anonymous_10)",
        "decl": {
          "start": { "line": 131, "column": 6 },
          "end": { "line": 131, "column": 7 }
        },
        "loc": {
          "start": { "line": 131, "column": 49 },
          "end": { "line": 133, "column": 7 }
        },
        "line": 131
      },
      "11": {
        "name": "(anonymous_11)",
        "decl": {
          "start": { "line": 139, "column": 36 },
          "end": { "line": 139, "column": 37 }
        },
        "loc": {
          "start": { "line": 139, "column": 42 },
          "end": { "line": 150, "column": 3 }
        },
        "line": 139
      },
      "12": {
        "name": "(anonymous_12)",
        "decl": {
          "start": { "line": 144, "column": 6 },
          "end": { "line": 144, "column": 7 }
        },
        "loc": {
          "start": { "line": 144, "column": 37 },
          "end": { "line": 146, "column": 7 }
        },
        "line": 144
      },
      "13": {
        "name": "(anonymous_13)",
        "decl": {
          "start": { "line": 152, "column": 37 },
          "end": { "line": 152, "column": 38 }
        },
        "loc": {
          "start": { "line": 152, "column": 43 },
          "end": { "line": 161, "column": 3 }
        },
        "line": 152
      },
      "14": {
        "name": "(anonymous_14)",
        "decl": {
          "start": { "line": 163, "column": 10 },
[...]
          },
          {
            "start": { "line": 12, "column": 49 },
            "end": { "line": 12, "column": 63 }
          }
        ],
        "line": 12
      },
      "4": {
        "loc": {
          "start": { "line": 20, "column": 4 },
          "end": { "line": 22, "column": 10 }
        },
        "type": "cond-expr",
        "locations": [
          {
            "start": { "line": 21, "column": 8 },
            "end": { "line": 21, "column": 51 }
          },
          {
            "start": { "line": 22, "column": 8 },
            "end": { "line": 22, "column": 10 }
          }
        ],
        "line": 20
      },
      "5": {
        "loc": {
          "start": { "line": 20, "column": 4 },
          "end": { "line": 20, "column": 63 }
        },
        "type": "binary-expr",
        "locations": [
          {
            "start": { "line": 20, "column": 4 },
            "end": { "line": 20, "column": 20 }
          },
          {
            "start": { "line": 20, "column": 24 },
            "end": { "line": 20, "column": 45 }
          },
          {
            "start": { "line": 20, "column": 49 },
            "end": { "line": 20, "column": 63 }
          }
        ],
        "line": 20
      }
    },
    "s": { "0": 15, "1": 2, "2": 15, "3": 1, "4": 15, "5": 2 },
    "f": { "0": 2, "1": 1, "2": 2 },
    "b": {
      "0": [2, 0],
      "1": [2, 1],
      "2": [1, 0],
      "3": [1, 1, 0],
      "4": [1, 1],
      "5": [2, 2, 1]
    },
    "_coverageSchema": "1a1c01bbd47fc00a2c39e90264f33305004495a9",
    "hash": "90e03d0e8de383076d2372e8a44c95d05c728ddc"
  },
  "/Users/anabaptistao/Documents/Badges e Frente de loja/badges/react/utils/conditionsProps.tsx": {
    "path": "/Users/anabaptistao/Documents/Badges e Frente de loja/badges/react/utils/conditionsProps.tsx",
    "statementMap": {
      "0": {
        "start": { "line": 8, "column": 39 },
        "end": { "line": 26, "column": 1 }
      },
      "1": {
        "start": { "line": 13, "column": 19 },
        "end": { "line": 13, "column": 57 }
      },
      "2": {
        "start": { "line": 15, "column": 26 },
        "end": { "line": 19, "column": 12 }
      },
      "3": {
        "start": { "line": 16, "column": 4 },
        "end": { "line": 16, "column": 63 }
      },
      "4": {
        "start": { "line": 16, "column": 28 },
        "end": { "line": 16, "column": 63 }
      },
      "5": {
        "start": { "line": 18, "column": 4 },
        "end": { "line": 18, "column": 13 }
      },
      "6": {
        "start": { "line": 21, "column": 24 },
        "end": { "line": 23, "column": 4 }
      },
      "7": {
        "start": { "line": 22, "column": 4 },
        "end": { "line": 22, "column": 72 }
      },
      "8": {
        "start": { "line": 25, "column": 2 },
        "end": { "line": 25, "column": 22 }
      },
      "9": {
        "start": { "line": 34, "column": 17 },
        "end": { "line": 48, "column": 3 }
      },
      "10": {
        "start": { "line": 38, "column": 22 },
        "end": { "line": 38, "column": 57 }
      },
      "11": {
        "start": { "line": 40, "column": 25 },
        "end": { "line": 40, "column": 63 }
      },
      "12": {
        "start": { "line": 42, "column": 6 },
        "end": { "line": 46, "column": 7 }
      },
      "13": {
        "start": { "line": 50, "column": 2 },
        "end": { "line": 50, "column": 15 }
      },
      "14": {
        "start": { "line": 54, "column": 2 },
        "end": { "line": 56, "column": 3 }
      },
      "15": {
        "start": { "line": 55, "column": 4 },
        "end": { "line": 55, "column": 60 }
      },
      "16": {
        "start": { "line": 58, "column": 2 },
        "end": { "line": 60, "column": 3 }
      },
      "17": {
        "start": { "line": 59, "column": 4 },
        "end": { "line": 59, "column": 72 }
      },
      "18": {
        "start": { "line": 62, "column": 2 },
        "end": { "line": 62, "column": 55 }
      },
      "19": {
        "start": { "line": 66, "column": 2 },
        "end": { "line": 66, "column": 28 }
      },
      "20": {
        "start": { "line": 80, "column": 7 },
        "end": { "line": 80, "column": 9 }
      },
      "21": {
        "start": { "line": 82, "column": 2 },
        "end": { "line": 105, "column": 4 }
      },
      "22": {
        "start": { "line": 83, "column": 4 },
        "end": { "line": 104, "column": 5 }
      },
      "23": {
        "start": { "line": 84, "column": 19 },
        "end": { "line": 90, "column": 7 }
      },
      "24": {
        "start": { "line": 92, "column": 6 },
        "end": { "line": 92, "column": 22 }
      },
      "25": {
        "start": { "line": 94, "column": 19 },
        "end": { "line": 101, "column": 7 }
      },
      "26": {
        "start": { "line": 103, "column": 6 },
        "end": { "line": 103, "column": 22 }
      },
      "27": {
        "start": { "line": 107, "column": 2 },
        "end": { "line": 107, "column": 14 }
      }
    },
    "fnMap": {
      "0": {
        "name": "(anonymous_0)",
        "decl": {
          "start": { "line": 8, "column": 39 },
          "end": { "line": 8, "column": 40 }
        },
        "loc": {
          "start": { "line": 12, "column": 5 },
          "end": { "line": 26, "column": 1 }
        },
        "line": 12
      },
      "1": {
        "name": "(anonymous_1)",
        "decl": {
          "start": { "line": 15, "column": 34 },
          "end": { "line": 15, "column": 35 }
        },
        "loc": {
          "start": { "line": 15, "column": 40 },
          "end": { "line": 19, "column": 3 }
        },
        "line": 15
      },
      "2": {
        "name": "(anonymous_2)",
        "decl": {
          "start": { "line": 21, "column": 44 },
          "end": { "line": 21, "column": 45 }
        },
        "loc": {
          "start": { "line": 21, "column": 75 },
          "end": { "line": 23, "column": 3 }
        },
        "line": 21
      },
      "3": {
        "name": "conditionsPropsValues",
        "decl": {
          "start": { "line": 28, "column": 9 },
          "end": { "line": 28, "column": 30 }
        },
        "loc": {
          "start": { "line": 33, "column": 2 },
          "end": { "line": 51, "column": 1 }
        },
        "line": 33
      },
      "4": {
        "name": "(anonymous_4)",
        "decl": {
          "start": { "line": 37, "column": 10 },
          "end": { "line": 37, "column": 11 }
        },
        "loc": {
          "start": { "line": 37, "column": 16 },
          "end": { "line": 47, "column": 5 }
        },
        "line": 37
      },
      "5": {
        "name": "decisionBetweenTextImageHtml",
        "decl": {
          "start": { "line": 53, "column": 9 },
          "end": { "line": 53, "column": 37 }
        },
        "loc": {
          "start": { "line": 53, "column": 74 },
          "end": { "line": 63, "column": 1 }
        },
        "line": 53
      },
      "6": {
        "name": "createMarkup",
        "decl": {
          "start": { "line": 65, "column": 9 },
          "end": { "line": 65, "column": 21 }
        },
        "loc": {
          "start": { "line": 65, "column": 36 },
          "end": { "line": 67, "column": 1 }
        },
        "line": 65
      },
      "7": {
        "name": "conditionsFunction",
        "decl": {
          "start": { "line": 69, "column": 9 },
          "end": { "line": 69, "column": 27 }
        },
        "loc": {
          "start": { "line": 75, "column": 2 },
          "end": { "line": 108, "column": 1 }
        },
        "line": 75
      },
      "8": {
        "name": "(anonymous_8)",
        "decl": {
          "start": { "line": 82, "column": 15 },
          "end": { "line": 82, "column": 16 }
        },
        "loc": {
          "start": { "line": 82, "column": 26 },
          "end": { "line": 105, "column": 3 }
        },
        "line": 82
      }
    },
    "branchMap": {
      "0": {
        "loc": {
          "start": { "line": 16, "column": 4 },
          "end": { "line": 16, "column": 63 }
        },
        "type": "if",
        "locations": [
          {
            "start": { "line": 16, "column": 4 },
            "end": { "line": 16, "column": 63 }
          },
          {
            "start": { "line": 16, "column": 4 },
            "end": { "line": 16, "column": 63 }
          }
        ],
        "line": 16
      },
      "1": {
        "loc": {
          "start": { "line": 54, "column": 2 },
          "end": { "line": 56, "column": 3 }
        },
        "type": "if",
        "locations": [
          {
            "start": { "line": 54, "column": 2 },
            "end": { "line": 56, "column": 3 }
          },
          {
            "start": { "line": 54, "column": 2 },
            "end": { "line": 56, "column": 3 }
          }
        ],
        "line": 54
      },
      "2": {
        "loc": {
          "start": { "line": 58, "column": 2 },
          "end": { "line": 60, "column": 3 }
        },
        "type": "if",
        "locations": [
          {
            "start": { "line": 58, "column": 2 },
            "end": { "line": 60, "column": 3 }
          },
          {
            "start": { "line": 58, "column": 2 },
            "end": { "line": 60, "column": 3 }
          }
        ],
        "line": 58
      },
      "3": {
        "loc": {
          "start": { "line": 83, "column": 4 },
          "end": { "line": 104, "column": 5 }
        },
        "type": "if",
        "locations": [
          {
            "start": { "line": 83, "column": 4 },
            "end": { "line": 104, "column": 5 }
          },
          {
            "start": { "line": 83, "column": 4 },
            "end": { "line": 104, "column": 5 }
          }
        ],
        "line": 83
      }
    },
    "s": {
      "0": 0,
      "1": 0,
      "2": 0,
      "3": 0,
      "4": 0,
      "5": 0,
      "6": 0,
      "7": 0,
      "8": 0,
      "9": 0,
      "10": 0,
      "11": 0,
      "12": 0,
      "13": 0,
      "14": 0,
      "15": 0,
      "16": 0,
      "17": 0,
      "18": 0,
      "19": 0,
      "20": 0,
      "21": 0,
      "22": 0,
      "23": 0,
      "24": 0,
      "25": 0,
      "26": 0,
      "27": 0
    },
    "f": {
      "0": 0,
      "1": 0,
      "2": 0,
      "3": 0,
      "4": 0,
      "5": 0,
      "6": 0,
      "7": 0,
      "8": 0
    },
    "b": { "0": [0, 0], "1": [0, 0], "2": [0, 0], "3": [0, 0] }
  },
  "/Users/anabaptistao/Documents/Badges e Frente de loja/badges/react/utils/optionsConditions.tsx": {
    "path": "/Users/anabaptistao/Documents/Badges e Frente de loja/badges/react/utils/optionsConditions.tsx",
    "statementMap": {
      "0": {
        "start": { "line": 9, "column": 15 },
        "end": { "line": 9, "column": 24 }
      },
      "1": {
        "start": { "line": 11, "column": 2 },
        "end": { "line": 110, "column": 3 }
      },
      "2": {
        "start": { "line": 18, "column": 34 },
        "end": { "line": 18, "column": 79 }
      },
      "3": {
        "start": { "line": 23, "column": 34 },
        "end": { "line": 23, "column": 79 }
      },
      "4": {
        "start": { "line": 33, "column": 34 },
        "end": { "line": 33, "column": 76 }
      },
      "5": {
        "start": { "line": 38, "column": 34 },
        "end": { "line": 38, "column": 76 }
      },
      "6": {
        "start": { "line": 48, "column": 34 },
        "end": { "line": 48, "column": 78 }
      },
      "7": {
        "start": { "line": 53, "column": 34 },
        "end": { "line": 53, "column": 78 }
      },
      "8": {
        "start": { "line": 64, "column": 12 },
        "end": { "line": 64, "column": 62 }
      },
      "9": {
        "start": { "line": 71, "column": 12 },
        "end": { "line": 71, "column": 62 }
      },
      "10": {
        "start": { "line": 82, "column": 34 },
        "end": { "line": 82, "column": 77 }
      },
      "11": {
        "start": { "line": 87, "column": 34 },
        "end": { "line": 87, "column": 77 }
      },
      "12": {
        "start": { "line": 98, "column": 12 },
        "end": { "line": 98, "column": 61 }
      },
      "13": {
        "start": { "line": 105, "column": 12 },
        "end": { "line": 105, "column": 61 }
      }
    },
    "fnMap": {
      "0": {
        "name": "optionsFunctions",
        "decl": {
          "start": { "line": 8, "column": 16 },
          "end": { "line": 8, "column": 32 }
        },
        "loc": {
          "start": { "line": 8, "column": 35 },
          "end": { "line": 111, "column": 1 }
        },
        "line": 8
      },
      "1": {
        "name": "(anonymous_1)",
        "decl": {
          "start": { "line": 18, "column": 18 },
          "end": { "line": 18, "column": 19 }
        },
        "loc": {
          "start": { "line": 18, "column": 34 },
          "end": { "line": 18, "column": 79 }
        },
        "line": 18
      },
      "2": {
        "name": "(anonymous_2)",
        "decl": {
          "start": { "line": 23, "column": 18 },
          "end": { "line": 23, "column": 19 }
        },
        "loc": {
          "start": { "line": 23, "column": 34 },
          "end": { "line": 23, "column": 79 }
        },
        "line": 23
      },
      "3": {
        "name": "(anonymous_3)",
        "decl": {
          "start": { "line": 33, "column": 18 },
          "end": { "line": 33, "column": 19 }
        },
        "loc": {
          "start": { "line": 33, "column": 34 },
          "end": { "line": 33, "column": 76 }
        },
        "line": 33
      },
      "4": {
        "name": "(anonymous_4)",
        "decl": {
          "start": { "line": 38, "column": 18 },
          "end": { "line": 38, "column": 19 }
        },
        "loc": {
          "start": { "line": 38, "column": 34 },
          "end": { "line": 38, "column": 76 }
        },
        "line": 38
      },
      "5": {
        "name": "(anonymous_5)",
        "decl": {
          "start": { "line": 48, "column": 18 },
          "end": { "line": 48, "column": 19 }
        },
        "loc": {
          "start": { "line": 48, "column": 34 },
          "end": { "line": 48, "column": 78 }
        },
        "line": 48
      },
      "6": {
        "name": "(anonymous_6)",
        "decl": {
          "start": { "line": 53, "column": 18 },
          "end": { "line": 53, "column": 19 }
        },
        "loc": {
          "start": { "line": 53, "column": 34 },
          "end": { "line": 53, "column": 78 }
        },
        "line": 53
      },
      "7": {
        "name": "(anonymous_7)",
        "decl": {
          "start": { "line": 63, "column": 18 },
          "end": { "line": 63, "column": 19 }
        },
        "loc": {
          "start": { "line": 64, "column": 12 },
          "end": { "line": 64, "column": 62 }
        },
        "line": 64
      },
      "8": {
        "name": "(anonymous_8)",
        "decl": {
          "start": { "line": 70, "column": 18 },
          "end": { "line": 70, "column": 19 }
        },
        "loc": {
          "start": { "line": 71, "column": 12 },
          "end": { "line": 71, "column": 62 }
        },
        "line": 71
      },
      "9": {
        "name": "(anonymous_9)",
        "decl": {
          "start": { "line": 82, "column": 18 },
          "end": { "line": 82, "column": 19 }
        },
        "loc": {
          "start": { "line": 82, "column": 34 },
          "end": { "line": 82, "column": 77 }
        },
        "line": 82
      },
      "10": {
        "name": "(anonymous_10)",
        "decl": {
          "start": { "line": 87, "column": 18 },
          "end": { "line": 87, "column": 19 }
        },
        "loc": {
          "start": { "line": 87, "column": 34 },
          "end": { "line": 87, "column": 77 }
        },
        "line": 87
      },
      "11": {
        "name": "(anonymous_11)",
        "decl": {
          "start": { "line": 97, "column": 18 },
          "end": { "line": 97, "column": 19 }
        },
        "loc": {
          "start": { "line": 98, "column": 12 },
          "end": { "line": 98, "column": 61 }
        },
        "line": 98
      },
      "12": {
        "name": "(anonymous_12)",
        "decl": {
          "start": { "line": 104, "column": 18 },
          "end": { "line": 104, "column": 19 }
        },
        "loc": {
          "start": { "line": 105, "column": 12 },
          "end": { "line": 105, "column": 61 }
        },
        "line": 105
      }
    },
    "branchMap": {},
    "s": {
      "0": 26,
      "1": 26,
      "2": 1,
      "3": 1,
      "4": 1,
      "5": 1,
      "6": 1,
      "7": 1,
      "8": 1,
      "9": 1,
      "10": 1,
      "11": 1,
      "12": 1,
      "13": 1
    },
    "f": {
      "0": 26,
      "1": 1,
      "2": 1,
      "3": 1,
      "4": 1,
      "5": 1,
      "6": 1,
      "7": 1,
      "8": 1,
      "9": 1,
      "10": 1,
      "11": 1,
      "12": 1
    },
    "b": {},
    "_coverageSchema": "1a1c01bbd47fc00a2c39e90264f33305004495a9",
    "hash": "a2c10b5f74a9dac4e885b03528eb276fea26eecd"
  },
  "/Users/anabaptistao/Documents/Badges e Frente de loja/badges/react/utils/specificationValues.tsx": {
    "path": "/Users/anabaptistao/Documents/Badges e Frente de loja/badges/react/utils/specificationValues.tsx",
    "statementMap": {
      "0": {
        "start": { "line": 10, "column": 48 },
        "end": { "line": 54, "column": 1 }
      },
      "1": {
        "start": { "line": 17, "column": 2 },
        "end": { "line": 53, "column": 3 }
      },
      "2": {
        "start": { "line": 23, "column": 12 },
        "end": { "line": 27, "column": 14 }
      },
      "3": {
        "start": { "line": 41, "column": 12 },
        "end": { "line": 45, "column": 14 }
      }
    },
    "fnMap": {
      "0": {
        "name": "(anonymous_0)",
        "decl": {
          "start": { "line": 10, "column": 48 },
          "end": { "line": 10, "column": 49 }
        },
        "loc": {
          "start": { "line": 16, "column": 6 },
          "end": { "line": 54, "column": 1 }
        },
        "line": 16
      },
      "1": {
        "name": "(anonymous_1)",
        "decl": {
          "start": { "line": 22, "column": 20 },
          "end": { "line": 22, "column": 21 }
        },
        "loc": {
          "start": { "line": 23, "column": 12 },
          "end": { "line": 27, "column": 14 }
        },
        "line": 23
      },
      "2": {
        "name": "(anonymous_2)",
        "decl": {
          "start": { "line": 40, "column": 20 },
          "end": { "line": 40, "column": 21 }
        },
        "loc": {
          "start": { "line": 41, "column": 12 },
          "end": { "line": 45, "column": 14 }
        },
        "line": 41
      }
    },
    "branchMap": {
      "0": {
        "loc": {
          "start": { "line": 31, "column": 17 },
          "end": { "line": 31, "column": 34 }
        },
        "type": "binary-expr",
        "locations": [
          {
            "start": { "line": 31, "column": 17 },
            "end": { "line": 31, "column": 28 }
          },
          {
            "start": { "line": 31, "column": 32 },
            "end": { "line": 31, "column": 34 }
          }
        ],
        "line": 31
      },
      "1": {
        "loc": {
          "start": { "line": 49, "column": 17 },
          "end": { "line": 49, "column": 35 }
        },
        "type": "binary-expr",
        "locations": [
          {
            "start": { "line": 49, "column": 17 },
            "end": { "line": 49, "column": 29 }
          },
          {
            "start": { "line": 49, "column": 33 },
            "end": { "line": 49, "column": 35 }
          }
        ],
        "line": 49
      }
    },
    "s": { "0": 6, "1": 2, "2": 0, "3": 0 },
    "f": { "0": 2, "1": 0, "2": 0 },
    "b": { "0": [2, 0], "1": [2, 0] },
    "_coverageSchema": "1a1c01bbd47fc00a2c39e90264f33305004495a9",
    "hash": "7239113099aa005e833b9327000e40739974460f"
  }
}
