{
  "/Users/anabaptistao/Documents/Badges e Frente de loja/badges/react/BadgesArea.tsx": {
    "path": "/Users/anabaptistao/Documents/Badges e Frente de loja/badges/react/BadgesArea.tsx",
    "statementMap": {
      "0": {
        "start": { "line": 12, "column": 23 },
        "end": { "line": 48, "column": 1 }
      },
      "1": {
        "start": { "line": 13, "column": 24 },
        "end": { "line": 15, "column": 4 }
      },
      "2": {
        "start": { "line": 17, "column": 15 },
        "end": { "line": 17, "column": 24 }
      },
      "3": {
        "start": { "line": 19, "column": 2 },
        "end": { "line": 47, "column": 3 }
      },
      "4": {
        "start": { "line": 31, "column": 31 },
        "end": { "line": 31, "column": 56 }
      },
      "5": {
        "start": { "line": 38, "column": 31 },
        "end": { "line": 38, "column": 56 }
      }
    },
    "fnMap": {
      "0": {
        "name": "(anonymous_0)",
        "decl": {
          "start": { "line": 12, "column": 23 },
          "end": { "line": 12, "column": 24 }
        },
        "loc": {
          "start": { "line": 12, "column": 29 },
          "end": { "line": 48, "column": 1 }
        },
        "line": 12
      },
      "1": {
        "name": "(anonymous_1)",
        "decl": {
          "start": { "line": 31, "column": 25 },
          "end": { "line": 31, "column": 26 }
        },
        "loc": {
          "start": { "line": 31, "column": 31 },
          "end": { "line": 31, "column": 56 }
        },
        "line": 31
      },
      "2": {
        "name": "(anonymous_2)",
        "decl": {
          "start": { "line": 38, "column": 25 },
          "end": { "line": 38, "column": 26 }
        },
        "loc": {
          "start": { "line": 38, "column": 31 },
          "end": { "line": 38, "column": 56 }
        },
        "line": 38
      }
    },
    "branchMap": {},
    "s": { "0": 1, "1": 5, "2": 5, "3": 5, "4": 1, "5": 1 },
    "f": { "0": 5, "1": 1, "2": 1 },
    "b": {},
    "_coverageSchema": "1a1c01bbd47fc00a2c39e90264f33305004495a9",
    "hash": "48313d41574f9ea09d2e419e16dec8ccd16cafc0"
  },
  "/Users/anabaptistao/Documents/Badges e Frente de loja/badges/react/BadgesStore.tsx": {
    "path": "/Users/anabaptistao/Documents/Badges e Frente de loja/badges/react/BadgesStore.tsx",
    "statementMap": {
      "0": {
        "start": { "line": 9, "column": 20 },
        "end": { "line": 9, "column": 79 }
      },
      "1": {
        "start": { "line": 11, "column": 49 },
        "end": { "line": 36, "column": 1 }
      },
      "2": {
        "start": { "line": 12, "column": 37 },
        "end": { "line": 12, "column": 63 }
      },
      "3": {
        "start": { "line": 14, "column": 19 },
        "end": { "line": 14, "column": 57 }
      },
      "4": {
        "start": { "line": 16, "column": 26 },
        "end": { "line": 20, "column": 12 }
      },
      "5": {
        "start": { "line": 17, "column": 4 },
        "end": { "line": 17, "column": 63 }
      },
      "6": {
        "start": { "line": 17, "column": 28 },
        "end": { "line": 17, "column": 63 }
      },
      "7": {
        "start": { "line": 19, "column": 4 },
        "end": { "line": 19, "column": 13 }
      },
      "8": {
        "start": { "line": 22, "column": 32 },
        "end": { "line": 27, "column": 3 }
      },
      "9": {
        "start": { "line": 29, "column": 2 },
        "end": { "line": 35, "column": 3 }
      },
      "10": {
        "start": { "line": 32, "column": 8 },
        "end": { "line": 32, "column": 54 }
      }
    },
    "fnMap": {
      "0": {
        "name": "(anonymous_0)",
        "decl": {
          "start": { "line": 11, "column": 49 },
          "end": { "line": 11, "column": 50 }
        },
        "loc": {
          "start": { "line": 11, "column": 65 },
          "end": { "line": 36, "column": 1 }
        },
        "line": 11
      },
      "1": {
        "name": "(anonymous_1)",
        "decl": {
          "start": { "line": 16, "column": 34 },
          "end": { "line": 16, "column": 35 }
        },
        "loc": {
          "start": { "line": 16, "column": 40 },
          "end": { "line": 20, "column": 3 }
        },
        "line": 16
      },
      "2": {
        "name": "(anonymous_2)",
        "decl": {
          "start": { "line": 31, "column": 33 },
          "end": { "line": 31, "column": 34 }
        },
        "loc": {
          "start": { "line": 31, "column": 51 },
          "end": { "line": 33, "column": 7 }
        },
        "line": 31
      }
    },
    "branchMap": {
      "0": {
        "loc": {
          "start": { "line": 17, "column": 4 },
          "end": { "line": 17, "column": 63 }
        },
        "type": "if",
        "locations": [
          {
            "start": { "line": 17, "column": 4 },
            "end": { "line": 17, "column": 63 }
          },
          {
            "start": { "line": 17, "column": 4 },
            "end": { "line": 17, "column": 63 }
          }
        ],
        "line": 17
      }
    },
    "s": {
      "0": 1,
      "1": 1,
      "2": 1,
      "3": 1,
      "4": 1,
      "5": 1,
      "6": 0,
      "7": 1,
      "8": 1,
      "9": 1,
      "10": 0
    },
    "f": { "0": 1, "1": 1, "2": 0 },
    "b": { "0": [0, 1] },
    "_coverageSchema": "1a1c01bbd47fc00a2c39e90264f33305004495a9",
    "hash": "dac2b2998d09b44a2c61696f61198165bc15082a"
  },
  "/Users/anabaptistao/Documents/Badges e Frente de loja/badges/react/AddBadges/index.tsx": {
    "path": "/Users/anabaptistao/Documents/Badges e Frente de loja/badges/react/AddBadges/index.tsx",
    "statementMap": {
      "0": {
        "start": { "line": 15, "column": 21 },
        "end": { "line": 38, "column": 1 }
      },
      "1": {
        "start": { "line": 16, "column": 19 },
        "end": { "line": 16, "column": 38 }
      },
      "2": {
        "start": { "line": 18, "column": 21 },
        "end": { "line": 24, "column": 8 }
      },
      "3": {
        "start": { "line": 19, "column": 4 },
        "end": { "line": 19, "column": 48 }
      },
      "4": {
        "start": { "line": 19, "column": 28 },
        "end": { "line": 19, "column": 48 }
      },
      "5": {
        "start": { "line": 21, "column": 4 },
        "end": { "line": 21, "column": 61 }
      },
      "6": {
        "start": { "line": 21, "column": 27 },
        "end": { "line": 21, "column": 61 }
      },
      "7": {
        "start": { "line": 23, "column": 4 },
        "end": { "line": 23, "column": 23 }
      },
      "8": {
        "start": { "line": 26, "column": 2 },
        "end": { "line": 37, "column": 3 }
      }
    },
    "fnMap": {
      "0": {
        "name": "(anonymous_0)",
        "decl": {
          "start": { "line": 15, "column": 21 },
          "end": { "line": 15, "column": 22 }
        },
        "loc": {
          "start": { "line": 15, "column": 27 },
          "end": { "line": 38, "column": 1 }
        },
        "line": 15
      },
      "1": {
        "name": "(anonymous_1)",
        "decl": {
          "start": { "line": 18, "column": 33 },
          "end": { "line": 18, "column": 34 }
        },
        "loc": {
          "start": { "line": 18, "column": 43 },
          "end": { "line": 24, "column": 3 }
        },
        "line": 18
      }
    },
    "branchMap": {
      "0": {
        "loc": {
          "start": { "line": 19, "column": 4 },
          "end": { "line": 19, "column": 48 }
        },
        "type": "if",
        "locations": [
          {
            "start": { "line": 19, "column": 4 },
            "end": { "line": 19, "column": 48 }
          },
          {
            "start": { "line": 19, "column": 4 },
            "end": { "line": 19, "column": 48 }
          }
        ],
        "line": 19
      },
      "1": {
        "loc": {
          "start": { "line": 21, "column": 4 },
          "end": { "line": 21, "column": 61 }
        },
        "type": "if",
        "locations": [
          {
            "start": { "line": 21, "column": 4 },
            "end": { "line": 21, "column": 61 }
          },
          {
            "start": { "line": 21, "column": 4 },
            "end": { "line": 21, "column": 61 }
          }
        ],
        "line": 21
      }
    },
    "s": {
      "0": 2,
      "1": 24,
      "2": 24,
      "3": 24,
      "4": 22,
      "5": 2,
      "6": 1,
      "7": 1,
      "8": 24
    },
    "f": { "0": 24, "1": 24 },
    "b": { "0": [22, 2], "1": [1, 1] },
    "_coverageSchema": "1a1c01bbd47fc00a2c39e90264f33305004495a9",
    "hash": "bde1878b0392c67430f519f0e7d333a74c76867e"
  },
  "/Users/anabaptistao/Documents/Badges e Frente de loja/badges/react/Components/alert.tsx": {
    "path": "/Users/anabaptistao/Documents/Badges e Frente de loja/badges/react/Components/alert.tsx",
    "statementMap": {
      "0": {
        "start": { "line": 10, "column": 22 },
        "end": { "line": 32, "column": 1 }
      },
      "1": {
        "start": { "line": 11, "column": 15 },
        "end": { "line": 11, "column": 24 }
      },
      "2": {
        "start": { "line": 13, "column": 19 },
        "end": { "line": 13, "column": 38 }
      },
      "3": {
        "start": { "line": 15, "column": 2 },
        "end": { "line": 21, "column": 3 }
      },
      "4": {
        "start": { "line": 16, "column": 4 },
        "end": { "line": 20, "column": 5 }
      },
      "5": {
        "start": { "line": 23, "column": 2 },
        "end": { "line": 29, "column": 3 }
      },
      "6": {
        "start": { "line": 24, "column": 4 },
        "end": { "line": 28, "column": 5 }
      },
      "7": {
        "start": { "line": 31, "column": 2 },
        "end": { "line": 31, "column": 13 }
      }
    },
    "fnMap": {
      "0": {
        "name": "(anonymous_0)",
        "decl": {
          "start": { "line": 10, "column": 22 },
          "end": { "line": 10, "column": 23 }
        },
        "loc": {
          "start": { "line": 10, "column": 28 },
          "end": { "line": 32, "column": 1 }
        },
        "line": 10
      }
    },
    "branchMap": {
      "0": {
        "loc": {
          "start": { "line": 15, "column": 2 },
          "end": { "line": 21, "column": 3 }
        },
        "type": "if",
        "locations": [
          {
            "start": { "line": 15, "column": 2 },
            "end": { "line": 21, "column": 3 }
          },
          {
            "start": { "line": 15, "column": 2 },
            "end": { "line": 21, "column": 3 }
          }
        ],
        "line": 15
      },
      "1": {
        "loc": {
          "start": { "line": 23, "column": 2 },
          "end": { "line": 29, "column": 3 }
        },
        "type": "if",
        "locations": [
          {
            "start": { "line": 23, "column": 2 },
            "end": { "line": 29, "column": 3 }
          },
          {
            "start": { "line": 23, "column": 2 },
            "end": { "line": 29, "column": 3 }
          }
        ],
        "line": 23
      }
    },
    "s": {
      "0": 5,
      "1": 41,
      "2": 41,
      "3": 41,
      "4": 1,
      "5": 40,
      "6": 19,
      "7": 21
    },
    "f": { "0": 41 },
    "b": { "0": [1, 40], "1": [19, 21] },
    "_coverageSchema": "1a1c01bbd47fc00a2c39e90264f33305004495a9",
    "hash": "113f344214c7420b576b3c70be46c736bd670765"
  },
  "/Users/anabaptistao/Documents/Badges e Frente de loja/badges/react/Components/button.tsx": {
    "path": "/Users/anabaptistao/Documents/Badges e Frente de loja/badges/react/Components/button.tsx",
    "statementMap": {
      "0": {
        "start": { "line": 9, "column": 23 },
        "end": { "line": 44, "column": 1 }
      },
      "1": {
        "start": { "line": 10, "column": 19 },
        "end": { "line": 10, "column": 38 }
      },
      "2": {
        "start": { "line": 12, "column": 15 },
        "end": { "line": 12, "column": 24 }
      },
      "3": {
        "start": { "line": 14, "column": 2 },
        "end": { "line": 43, "column": 3 }
      },
      "4": {
        "start": { "line": 21, "column": 27 },
        "end": { "line": 21, "column": 54 }
      },
      "5": {
        "start": { "line": 28, "column": 27 },
        "end": { "line": 28, "column": 53 }
      },
      "6": {
        "start": { "line": 35, "column": 27 },
        "end": { "line": 35, "column": 53 }
      }
    },
    "fnMap": {
      "0": {
        "name": "(anonymous_0)",
        "decl": {
          "start": { "line": 9, "column": 23 },
          "end": { "line": 9, "column": 24 }
        },
        "loc": {
          "start": { "line": 9, "column": 29 },
          "end": { "line": 44, "column": 1 }
        },
        "line": 9
      },
      "1": {
        "name": "(anonymous_1)",
        "decl": {
          "start": { "line": 21, "column": 21 },
          "end": { "line": 21, "column": 22 }
        },
        "loc": {
          "start": { "line": 21, "column": 27 },
          "end": { "line": 21, "column": 54 }
        },
        "line": 21
      },
      "2": {
        "name": "(anonymous_2)",
        "decl": {
          "start": { "line": 28, "column": 21 },
          "end": { "line": 28, "column": 22 }
        },
        "loc": {
          "start": { "line": 28, "column": 27 },
          "end": { "line": 28, "column": 53 }
        },
        "line": 28
      },
      "3": {
        "name": "(anonymous_3)",
        "decl": {
          "start": { "line": 35, "column": 21 },
          "end": { "line": 35, "column": 22 }
        },
        "loc": {
          "start": { "line": 35, "column": 27 },
          "end": { "line": 35, "column": 53 }
        },
        "line": 35
      }
    },
    "branchMap": {},
    "s": { "0": 5, "1": 45, "2": 45, "3": 45, "4": 1, "5": 1, "6": 1 },
    "f": { "0": 45, "1": 1, "2": 1, "3": 1 },
    "b": {},
    "_coverageSchema": "1a1c01bbd47fc00a2c39e90264f33305004495a9",
    "hash": "3817760768322096f3e7e23cd50d8dd5ea68b952"
  },
  "/Users/anabaptistao/Documents/Badges e Frente de loja/badges/react/Components/buttonSave.tsx": {
    "path": "/Users/anabaptistao/Documents/Badges e Frente de loja/badges/react/Components/buttonSave.tsx",
    "statementMap": {
      "0": {
        "start": { "line": 9, "column": 27 },
        "end": { "line": 23, "column": 1 }
      },
      "1": {
        "start": { "line": 10, "column": 19 },
        "end": { "line": 10, "column": 38 }
      },
      "2": {
        "start": { "line": 12, "column": 15 },
        "end": { "line": 12, "column": 24 }
      },
      "3": {
        "start": { "line": 14, "column": 2 },
        "end": { "line": 22, "column": 3 }
      }
    },
    "fnMap": {
      "0": {
        "name": "(anonymous_0)",
        "decl": {
          "start": { "line": 9, "column": 27 },
          "end": { "line": 9, "column": 28 }
        },
        "loc": {
          "start": { "line": 9, "column": 33 },
          "end": { "line": 23, "column": 1 }
        },
        "line": 9
      }
    },
    "branchMap": {},
    "s": { "0": 3, "1": 26, "2": 26, "3": 26 },
    "f": { "0": 26 },
    "b": {},
    "_coverageSchema": "1a1c01bbd47fc00a2c39e90264f33305004495a9",
    "hash": "b3625008794584266fde54101c9af60fa123b069"
  },
  "/Users/anabaptistao/Documents/Badges e Frente de loja/badges/react/Components/conditions.tsx": {
    "path": "/Users/anabaptistao/Documents/Badges e Frente de loja/badges/react/Components/conditions.tsx",
    "statementMap": {
      "0": {
        "start": { "line": 10, "column": 27 },
        "end": { "line": 45, "column": 1 }
      },
      "1": {
        "start": { "line": 11, "column": 19 },
        "end": { "line": 11, "column": 38 }
      },
      "2": {
        "start": { "line": 13, "column": 24 },
        "end": { "line": 13, "column": 42 }
      },
      "3": {
        "start": { "line": 15, "column": 15 },
        "end": { "line": 15, "column": 24 }
      },
      "4": {
        "start": { "line": 17, "column": 2 },
        "end": { "line": 44, "column": 3 }
      },
      "5": {
        "start": { "line": 25, "column": 12 },
        "end": { "line": 25, "column": 54 }
      }
    },
    "fnMap": {
      "0": {
        "name": "(anonymous_0)",
        "decl": {
          "start": { "line": 10, "column": 27 },
          "end": { "line": 10, "column": 28 }
        },
        "loc": {
          "start": { "line": 10, "column": 33 },
          "end": { "line": 45, "column": 1 }
        },
        "line": 10
      },
      "1": {
        "name": "(anonymous_1)",
        "decl": {
          "start": { "line": 24, "column": 30 },
          "end": { "line": 24, "column": 31 }
        },
        "loc": {
          "start": { "line": 24, "column": 50 },
          "end": { "line": 26, "column": 11 }
        },
        "line": 24
      }
    },
    "branchMap": {},
    "s": { "0": 5, "1": 40, "2": 40, "3": 40, "4": 40, "5": 0 },
    "f": { "0": 40, "1": 0 },
    "b": {},
    "_coverageSchema": "1a1c01bbd47fc00a2c39e90264f33305004495a9",
    "hash": "417655f65b123ec0d2ab3d2986e4ba7fff196ffd"
  },
  "/Users/anabaptistao/Documents/Badges e Frente de loja/badges/react/Components/divider.tsx": {
    "path": "/Users/anabaptistao/Documents/Badges e Frente de loja/badges/react/Components/divider.tsx",
    "statementMap": {
      "0": {
        "start": { "line": 5, "column": 24 },
        "end": { "line": 11, "column": 1 }
      },
      "1": {
        "start": { "line": 6, "column": 2 },
        "end": { "line": 10, "column": 3 }
      }
    },
    "fnMap": {
      "0": {
        "name": "(anonymous_0)",
        "decl": {
          "start": { "line": 5, "column": 24 },
          "end": { "line": 5, "column": 25 }
        },
        "loc": {
          "start": { "line": 5, "column": 30 },
          "end": { "line": 11, "column": 1 }
        },
        "line": 5
      }
    },
    "branchMap": {},
    "s": { "0": 5, "1": 39 },
    "f": { "0": 39 },
    "b": {},
    "_coverageSchema": "1a1c01bbd47fc00a2c39e90264f33305004495a9",
    "hash": "04cdb1e3ca2a8bc881cfa6690b7eb8c30547e653"
  },
  "/Users/anabaptistao/Documents/Badges e Frente de loja/badges/react/Components/file.tsx": {
    "path": "/Users/anabaptistao/Documents/Badges e Frente de loja/badges/react/Components/file.tsx",
    "statementMap": {
      "0": {
        "start": { "line": 9, "column": 22 },
        "end": { "line": 38, "column": 1 }
      },
      "1": {
        "start": { "line": 10, "column": 19 },
        "end": { "line": 10, "column": 38 }
      },
      "2": {
        "start": { "line": 11, "column": 15 },
        "end": { "line": 11, "column": 24 }
      },
      "3": {
        "start": { "line": 13, "column": 2 },
        "end": { "line": 37, "column": 3 }
      }
    },
    "fnMap": {
      "0": {
        "name": "(anonymous_0)",
        "decl": {
          "start": { "line": 9, "column": 22 },
          "end": { "line": 9, "column": 23 }
        },
        "loc": {
          "start": { "line": 9, "column": 28 },
          "end": { "line": 38, "column": 1 }
        },
        "line": 9
      }
    },
    "branchMap": {},
    "s": { "0": 3, "1": 23, "2": 23, "3": 23 },
    "f": { "0": 23 },
    "b": {},
    "_coverageSchema": "1a1c01bbd47fc00a2c39e90264f33305004495a9",
    "hash": "efed6c19582f1e711c14623ad6e0a4597800ae3f"
  },
  "/Users/anabaptistao/Documents/Badges e Frente de loja/badges/react/Components/imageEdit.tsx": {
    "path": "/Users/anabaptistao/Documents/Badges e Frente de loja/badges/react/Components/imageEdit.tsx",
    "statementMap": {
      "0": {
        "start": { "line": 9, "column": 22 },
        "end": { "line": 69, "column": 1 }
      },
      "1": {
        "start": { "line": 10, "column": 19 },
        "end": { "line": 10, "column": 38 }
      },
      "2": {
        "start": { "line": 12, "column": 15 },
        "end": { "line": 12, "column": 24 }
      },
      "3": {
        "start": { "line": 14, "column": 2 },
        "end": { "line": 31, "column": 3 }
      },
      "4": {
        "start": { "line": 15, "column": 4 },
        "end": { "line": 30, "column": 5 }
      },
      "5": {
        "start": { "line": 23, "column": 12 },
        "end": { "line": 23, "column": 30 }
      },
      "6": {
        "start": { "line": 24, "column": 12 },
        "end": { "line": 24, "column": 40 }
      },
      "7": {
        "start": { "line": 33, "column": 2 },
        "end": { "line": 68, "column": 3 }
      },
      "8": {
        "start": { "line": 58, "column": 14 },
        "end": { "line": 58, "column": 32 }
      },
      "9": {
        "start": { "line": 59, "column": 14 },
        "end": { "line": 59, "column": 41 }
      }
    },
    "fnMap": {
      "0": {
        "name": "(anonymous_0)",
        "decl": {
          "start": { "line": 9, "column": 22 },
          "end": { "line": 9, "column": 23 }
        },
        "loc": {
          "start": { "line": 9, "column": 28 },
          "end": { "line": 69, "column": 1 }
        },
        "line": 9
      },
      "1": {
        "name": "(anonymous_1)",
        "decl": {
          "start": { "line": 22, "column": 19 },
          "end": { "line": 22, "column": 20 }
        },
        "loc": {
          "start": { "line": 22, "column": 42 },
          "end": { "line": 25, "column": 11 }
        },
        "line": 22
      },
      "2": {
        "name": "(anonymous_2)",
        "decl": {
          "start": { "line": 57, "column": 21 },
          "end": { "line": 57, "column": 22 }
        },
        "loc": {
          "start": { "line": 57, "column": 44 },
          "end": { "line": 60, "column": 13 }
        },
        "line": 57
      }
    },
    "branchMap": {
      "0": {
        "loc": {
          "start": { "line": 14, "column": 2 },
          "end": { "line": 31, "column": 3 }
        },
        "type": "if",
        "locations": [
          {
            "start": { "line": 14, "column": 2 },
            "end": { "line": 31, "column": 3 }
          },
          {
            "start": { "line": 14, "column": 2 },
            "end": { "line": 31, "column": 3 }
          }
        ],
        "line": 14
      },
      "1": {
        "loc": {
          "start": { "line": 55, "column": 9 },
          "end": { "line": 65, "column": 9 }
        },
        "type": "binary-expr",
        "locations": [
          {
            "start": { "line": 55, "column": 9 },
            "end": { "line": 55, "column": 29 }
          },
          {
            "start": { "line": 56, "column": 10 },
            "end": { "line": 64, "column": 19 }
          }
        ],
        "line": 55
      }
    },
    "s": {
      "0": 4,
      "1": 14,
      "2": 14,
      "3": 14,
      "4": 2,
      "5": 1,
      "6": 1,
      "7": 12,
      "8": 1,
      "9": 1
    },
    "f": { "0": 14, "1": 1, "2": 1 },
    "b": { "0": [2, 12], "1": [12, 3] },
    "_coverageSchema": "1a1c01bbd47fc00a2c39e90264f33305004495a9",
    "hash": "93906275de6e1d03d77ad5a5ade78087be541ca8"
  },
  "/Users/anabaptistao/Documents/Badges e Frente de loja/badges/react/Components/input.tsx": {
    "path": "/Users/anabaptistao/Documents/Badges e Frente de loja/badges/react/Components/input.tsx",
    "statementMap": {
      "0": {
        "start": { "line": 14, "column": 29 },
        "end": { "line": 54, "column": 1 }
      },
      "1": {
        "start": { "line": 15, "column": 19 },
        "end": { "line": 15, "column": 38 }
      },
      "2": {
        "start": { "line": 17, "column": 15 },
        "end": { "line": 17, "column": 24 }
      },
      "3": {
        "start": { "line": 19, "column": 26 },
        "end": { "line": 21, "column": 3 }
      },
      "4": {
        "start": { "line": 20, "column": 4 },
        "end": { "line": 20, "column": 40 }
      },
      "5": {
        "start": { "line": 23, "column": 26 },
        "end": { "line": 25, "column": 3 }
      },
      "6": {
        "start": { "line": 24, "column": 4 },
        "end": { "line": 24, "column": 40 }
      },
      "7": {
        "start": { "line": 27, "column": 2 },
        "end": { "line": 39, "column": 3 }
      },
      "8": {
        "start": { "line": 28, "column": 4 },
        "end": { "line": 38, "column": 5 }
      },
      "9": {
        "start": { "line": 41, "column": 2 },
        "end": { "line": 53, "column": 3 }
      }
    },
    "fnMap": {
      "0": {
        "name": "(anonymous_0)",
        "decl": {
          "start": { "line": 14, "column": 29 },
          "end": { "line": 14, "column": 30 }
        },
        "loc": {
          "start": { "line": 14, "column": 50 },
          "end": { "line": 54, "column": 1 }
        },
        "line": 14
      },
      "1": {
        "name": "(anonymous_1)",
        "decl": {
          "start": { "line": 19, "column": 26 },
          "end": { "line": 19, "column": 27 }
        },
        "loc": {
          "start": { "line": 19, "column": 74 },
          "end": { "line": 21, "column": 3 }
        },
        "line": 19
      },
      "2": {
        "name": "(anonymous_2)",
        "decl": {
          "start": { "line": 23, "column": 26 },
          "end": { "line": 23, "column": 27 }
        },
        "loc": {
          "start": { "line": 23, "column": 74 },
          "end": { "line": 25, "column": 3 }
        },
        "line": 23
      }
    },
    "branchMap": {
      "0": {
        "loc": {
          "start": { "line": 27, "column": 2 },
          "end": { "line": 39, "column": 3 }
        },
        "type": "if",
        "locations": [
          {
            "start": { "line": 27, "column": 2 },
            "end": { "line": 39, "column": 3 }
          },
          {
            "start": { "line": 27, "column": 2 },
            "end": { "line": 39, "column": 3 }
          }
        ],
        "line": 27
      }
    },
    "s": {
      "0": 5,
      "1": 45,
      "2": 45,
      "3": 45,
      "4": 1,
      "5": 45,
      "6": 1,
      "7": 45,
      "8": 40,
      "9": 5
    },
    "f": { "0": 45, "1": 1, "2": 1 },
    "b": { "0": [40, 5] },
    "_coverageSchema": "1a1c01bbd47fc00a2c39e90264f33305004495a9",
    "hash": "ea51e7dc81e5e6d6d0c1600e21ca5652df6ee720"
  },
  "/Users/anabaptistao/Documents/Badges e Frente de loja/badges/react/Components/modalDelete.tsx": {
    "path": "/Users/anabaptistao/Documents/Badges e Frente de loja/badges/react/Components/modalDelete.tsx",
    "statementMap": {
      "0": {
        "start": { "line": 9, "column": 24 },
        "end": { "line": 61, "column": 1 }
      },
      "1": {
        "start": { "line": 10, "column": 19 },
        "end": { "line": 10, "column": 38 }
      },
      "2": {
        "start": { "line": 12, "column": 15 },
        "end": { "line": 12, "column": 24 }
      },
      "3": {
        "start": { "line": 15, "column": 4 },
        "end": { "line": 15, "column": 34 }
      },
      "4": {
        "start": { "line": 18, "column": 2 },
        "end": { "line": 60, "column": 3 }
      },
      "5": {
        "start": { "line": 30, "column": 16 },
        "end": { "line": 30, "column": 34 }
      },
      "6": {
        "start": { "line": 31, "column": 16 },
        "end": { "line": 31, "column": 28 }
      },
      "7": {
        "start": { "line": 42, "column": 16 },
        "end": { "line": 42, "column": 34 }
      },
      "8": {
        "start": { "line": 43, "column": 16 },
        "end": { "line": 43, "column": 39 }
      },
      "9": {
        "start": { "line": 52, "column": 8 },
        "end": { "line": 52, "column": 24 }
      },
      "10": {
        "start": { "line": 53, "column": 8 },
        "end": { "line": 53, "column": 20 }
      }
    },
    "fnMap": {
      "0": {
        "name": "(anonymous_0)",
        "decl": {
          "start": { "line": 9, "column": 24 },
          "end": { "line": 9, "column": 25 }
        },
        "loc": {
          "start": { "line": 9, "column": 30 },
          "end": { "line": 61, "column": 1 }
        },
        "line": 9
      },
      "1": {
        "name": "closeModal",
        "decl": {
          "start": { "line": 14, "column": 11 },
          "end": { "line": 14, "column": 21 }
        },
        "loc": {
          "start": { "line": 14, "column": 24 },
          "end": { "line": 16, "column": 3 }
        },
        "line": 14
      },
      "2": {
        "name": "(anonymous_2)",
        "decl": {
          "start": { "line": 29, "column": 23 },
          "end": { "line": 29, "column": 24 }
        },
        "loc": {
          "start": { "line": 29, "column": 46 },
          "end": { "line": 32, "column": 15 }
        },
        "line": 29
      },
      "3": {
        "name": "(anonymous_3)",
        "decl": {
          "start": { "line": 41, "column": 23 },
          "end": { "line": 41, "column": 24 }
        },
        "loc": {
          "start": { "line": 41, "column": 46 },
          "end": { "line": 44, "column": 15 }
        },
        "line": 41
      },
      "4": {
        "name": "(anonymous_4)",
        "decl": {
          "start": { "line": 51, "column": 15 },
          "end": { "line": 51, "column": 16 }
        },
        "loc": {
          "start": { "line": 51, "column": 38 },
          "end": { "line": 54, "column": 7 }
        },
        "line": 51
      }
    },
    "branchMap": {},
    "s": {
      "0": 3,
      "1": 4,
      "2": 4,
      "3": 1,
      "4": 4,
      "5": 1,
      "6": 1,
      "7": 1,
      "8": 1,
      "9": 0,
      "10": 0
    },
    "f": { "0": 4, "1": 1, "2": 1, "3": 1, "4": 0 },
    "b": {},
    "_coverageSchema": "1a1c01bbd47fc00a2c39e90264f33305004495a9",
    "hash": "cc9fcc9ef6e03e1f9c282f78f46db90cca8b9be2"
  },
  "/Users/anabaptistao/Documents/Badges e Frente de loja/badges/react/Components/modalEdit.tsx": {
    "path": "/Users/anabaptistao/Documents/Badges e Frente de loja/badges/react/Components/modalEdit.tsx",
    "statementMap": {
      "0": {
        "start": { "line": 18, "column": 22 },
        "end": { "line": 83, "column": 1 }
      },
      "1": {
        "start": { "line": 19, "column": 19 },
        "end": { "line": 19, "column": 38 }
      },
      "2": {
        "start": { "line": 21, "column": 21 },
        "end": { "line": 27, "column": 8 }
      },
      "3": {
        "start": { "line": 22, "column": 4 },
        "end": { "line": 22, "column": 60 }
      },
      "4": {
        "start": { "line": 22, "column": 40 },
        "end": { "line": 22, "column": 60 }
      },
      "5": {
        "start": { "line": 24, "column": 4 },
        "end": { "line": 24, "column": 73 }
      },
      "6": {
        "start": { "line": 24, "column": 39 },
        "end": { "line": 24, "column": 73 }
      },
      "7": {
        "start": { "line": 26, "column": 4 },
        "end": { "line": 26, "column": 23 }
      },
      "8": {
        "start": { "line": 29, "column": 15 },
        "end": { "line": 29, "column": 24 }
      },
      "9": {
        "start": { "line": 32, "column": 4 },
        "end": { "line": 32, "column": 32 }
      },
      "10": {
        "start": { "line": 33, "column": 4 },
        "end": { "line": 33, "column": 25 }
      },
      "11": {
        "start": { "line": 36, "column": 2 },
        "end": { "line": 82, "column": 3 }
      },
      "12": {
        "start": { "line": 48, "column": 16 },
        "end": { "line": 48, "column": 32 }
      },
      "13": {
        "start": { "line": 49, "column": 16 },
        "end": { "line": 49, "column": 28 }
      },
      "14": {
        "start": { "line": 60, "column": 16 },
        "end": { "line": 60, "column": 32 }
      },
      "15": {
        "start": { "line": 61, "column": 16 },
        "end": { "line": 61, "column": 37 }
      },
      "16": {
        "start": { "line": 70, "column": 8 },
        "end": { "line": 70, "column": 24 }
      },
      "17": {
        "start": { "line": 71, "column": 8 },
        "end": { "line": 71, "column": 20 }
      }
    },
    "fnMap": {
      "0": {
        "name": "(anonymous_0)",
        "decl": {
          "start": { "line": 18, "column": 22 },
          "end": { "line": 18, "column": 23 }
        },
        "loc": {
          "start": { "line": 18, "column": 28 },
          "end": { "line": 83, "column": 1 }
        },
        "line": 18
      },
      "1": {
        "name": "(anonymous_1)",
        "decl": {
          "start": { "line": 21, "column": 33 },
          "end": { "line": 21, "column": 34 }
        },
        "loc": {
          "start": { "line": 21, "column": 43 },
          "end": { "line": 27, "column": 3 }
        },
        "line": 21
      },
      "2": {
        "name": "closeModal",
        "decl": {
          "start": { "line": 31, "column": 11 },
          "end": { "line": 31, "column": 21 }
        },
        "loc": {
          "start": { "line": 31, "column": 24 },
          "end": { "line": 34, "column": 3 }
        },
        "line": 31
      },
      "3": {
        "name": "(anonymous_3)",
        "decl": {
          "start": { "line": 47, "column": 23 },
          "end": { "line": 47, "column": 24 }
        },
        "loc": {
          "start": { "line": 47, "column": 46 },
          "end": { "line": 50, "column": 15 }
        },
        "line": 47
      },
      "4": {
        "name": "(anonymous_4)",
        "decl": {
          "start": { "line": 59, "column": 23 },
          "end": { "line": 59, "column": 24 }
        },
        "loc": {
          "start": { "line": 59, "column": 46 },
          "end": { "line": 62, "column": 15 }
        },
        "line": 59
      },
      "5": {
        "name": "(anonymous_5)",
        "decl": {
          "start": { "line": 69, "column": 15 },
          "end": { "line": 69, "column": 16 }
        },
        "loc": {
          "start": { "line": 69, "column": 38 },
          "end": { "line": 72, "column": 7 }
        },
        "line": 69
      }
    },
    "branchMap": {
      "0": {
        "loc": {
          "start": { "line": 22, "column": 4 },
          "end": { "line": 22, "column": 60 }
        },
        "type": "if",
        "locations": [
          {
            "start": { "line": 22, "column": 4 },
            "end": { "line": 22, "column": 60 }
          },
          {
            "start": { "line": 22, "column": 4 },
            "end": { "line": 22, "column": 60 }
          }
        ],
        "line": 22
      },
      "1": {
        "loc": {
          "start": { "line": 24, "column": 4 },
          "end": { "line": 24, "column": 73 }
        },
        "type": "if",
        "locations": [
          {
            "start": { "line": 24, "column": 4 },
            "end": { "line": 24, "column": 73 }
          },
          {
            "start": { "line": 24, "column": 4 },
            "end": { "line": 24, "column": 73 }
          }
        ],
        "line": 24
      }
    },
    "s": {
      "0": 3,
      "1": 7,
      "2": 7,
      "3": 7,
      "4": 5,
      "5": 2,
      "6": 1,
      "7": 1,
      "8": 7,
      "9": 1,
      "10": 1,
      "11": 7,
      "12": 1,
      "13": 1,
      "14": 1,
      "15": 1,
      "16": 0,
      "17": 0
    },
    "f": { "0": 7, "1": 7, "2": 1, "3": 1, "4": 1, "5": 0 },
    "b": { "0": [5, 2], "1": [1, 1] },
    "_coverageSchema": "1a1c01bbd47fc00a2c39e90264f33305004495a9",
    "hash": "5c8ed2e06cd4ec265a3ef2d56c048089c1cdb398"
  },
  "/Users/anabaptistao/Documents/Badges e Frente de loja/badges/react/Components/textarea.tsx": {
    "path": "/Users/anabaptistao/Documents/Badges e Frente de loja/badges/react/Components/textarea.tsx",
    "statementMap": {
      "0": {
        "start": { "line": 9, "column": 21 },
        "end": { "line": 28, "column": 1 }
      },
      "1": {
        "start": { "line": 10, "column": 19 },
        "end": { "line": 10, "column": 38 }
      },
      "2": {
        "start": { "line": 12, "column": 15 },
        "end": { "line": 12, "column": 24 }
      },
      "3": {
        "start": { "line": 14, "column": 2 },
        "end": { "line": 27, "column": 3 }
      },
      "4": {
        "start": { "line": 20, "column": 12 },
        "end": { "line": 20, "column": 44 }
      }
    },
    "fnMap": {
      "0": {
        "name": "(anonymous_0)",
        "decl": {
          "start": { "line": 9, "column": 21 },
          "end": { "line": 9, "column": 22 }
        },
        "loc": {
          "start": { "line": 9, "column": 27 },
          "end": { "line": 28, "column": 1 }
        },
        "line": 9
      },
      "1": {
        "name": "(anonymous_1)",
        "decl": {
          "start": { "line": 19, "column": 20 },
          "end": { "line": 19, "column": 21 }
        },
        "loc": {
          "start": { "line": 19, "column": 32 },
          "end": { "line": 21, "column": 11 }
        },
        "line": 19
      }
    },
    "branchMap": {},
    "s": { "0": 5, "1": 5, "2": 5, "3": 5, "4": 1 },
    "f": { "0": 5, "1": 1 },
    "b": {},
    "_coverageSchema": "1a1c01bbd47fc00a2c39e90264f33305004495a9",
    "hash": "f2386b3cdb61770d2ec2e6900be50a2cd9f618dd"
  },
  "/Users/anabaptistao/Documents/Badges e Frente de loja/badges/react/Components/validations.tsx": {
    "path": "/Users/anabaptistao/Documents/Badges e Frente de loja/badges/react/Components/validations.tsx",
    "statementMap": {
      "0": {
        "start": { "line": 6, "column": 27 },
        "end": { "line": 20, "column": 1 }
      },
      "1": {
        "start": { "line": 7, "column": 19 },
        "end": { "line": 7, "column": 38 }
      },
      "2": {
        "start": { "line": 9, "column": 2 },
        "end": { "line": 19, "column": 3 }
      },
      "3": {
        "start": { "line": 12, "column": 8 },
        "end": { "line": 16, "column": 9 }
      }
    },
    "fnMap": {
      "0": {
        "name": "(anonymous_0)",
        "decl": {
          "start": { "line": 6, "column": 27 },
          "end": { "line": 6, "column": 28 }
        },
        "loc": {
          "start": { "line": 6, "column": 33 },
          "end": { "line": 20, "column": 1 }
        },
        "line": 6
      },
      "1": {
        "name": "(anonymous_1)",
        "decl": {
          "start": { "line": 11, "column": 33 },
          "end": { "line": 11, "column": 34 }
        },
        "loc": {
          "start": { "line": 11, "column": 44 },
          "end": { "line": 17, "column": 7 }
        },
        "line": 11
      }
    },
    "branchMap": {},
    "s": { "0": 5, "1": 40, "2": 40, "3": 21 },
    "f": { "0": 40, "1": 21 },
    "b": {},
    "_coverageSchema": "1a1c01bbd47fc00a2c39e90264f33305004495a9",
    "hash": "74c85a248133a76cf6aebb662bd6ec97535c1c2a"
  },
  "/Users/anabaptistao/Documents/Badges e Frente de loja/badges/react/Context/context.tsx": {
    "path": "/Users/anabaptistao/Documents/Badges e Frente de loja/badges/react/Context/context.tsx",
    "statementMap": {
      "0": {
        "start": { "line": 65, "column": 16 },
        "end": { "line": 114, "column": 2 }
      }
    },
    "fnMap": {
      "0": {
        "name": "(anonymous_0)",
        "decl": {
          "start": { "line": 67, "column": 13 },
          "end": { "line": 67, "column": 14 }
        },
        "loc": {
          "start": { "line": 67, "column": 19 },
          "end": { "line": 67, "column": 21 }
        },
        "line": 67
      },
      "1": {
        "name": "(anonymous_1)",
        "decl": {
          "start": { "line": 69, "column": 11 },
          "end": { "line": 69, "column": 12 }
        },
        "loc": {
          "start": { "line": 69, "column": 17 },
          "end": { "line": 69, "column": 19 }
        },
        "line": 69
      },
      "2": {
        "name": "(anonymous_2)",
        "decl": {
          "start": { "line": 71, "column": 11 },
          "end": { "line": 71, "column": 12 }
        },
        "loc": {
          "start": { "line": 71, "column": 17 },
          "end": { "line": 71, "column": 19 }
        },
        "line": 71
      },
      "3": {
        "name": "(anonymous_3)",
        "decl": {
          "start": { "line": 72, "column": 14 },
          "end": { "line": 72, "column": 15 }
        },
        "loc": {
          "start": { "line": 72, "column": 20 },
          "end": { "line": 72, "column": 22 }
        },
        "line": 72
      },
      "4": {
        "name": "(anonymous_4)",
        "decl": {
          "start": { "line": 75, "column": 11 },
          "end": { "line": 75, "column": 12 }
        },
        "loc": {
          "start": { "line": 75, "column": 17 },
          "end": { "line": 75, "column": 19 }
        },
        "line": 75
      },
      "5": {
        "name": "(anonymous_5)",
        "decl": {
          "start": { "line": 77, "column": 25 },
          "end": { "line": 77, "column": 26 }
        },
        "loc": {
          "start": { "line": 77, "column": 31 },
          "end": { "line": 77, "column": 33 }
        },
        "line": 77
      },
      "6": {
        "name": "(anonymous_6)",
        "decl": {
          "start": { "line": 78, "column": 24 },
          "end": { "line": 78, "column": 25 }
        },
        "loc": {
          "start": { "line": 78, "column": 30 },
          "end": { "line": 78, "column": 32 }
        },
        "line": 78
      },
      "7": {
        "name": "(anonymous_7)",
        "decl": {
          "start": { "line": 81, "column": 20 },
          "end": { "line": 81, "column": 21 }
        },
        "loc": {
          "start": { "line": 81, "column": 26 },
          "end": { "line": 81, "column": 28 }
        },
        "line": 81
      },
      "8": {
        "name": "(anonymous_8)",
        "decl": {
          "start": { "line": 88, "column": 17 },
          "end": { "line": 88, "column": 18 }
        },
        "loc": {
          "start": { "line": 88, "column": 23 },
          "end": { "line": 88, "column": 25 }
        },
        "line": 88
      },
      "9": {
        "name": "(anonymous_9)",
        "decl": {
          "start": { "line": 91, "column": 16 },
          "end": { "line": 91, "column": 17 }
        },
        "loc": {
          "start": { "line": 91, "column": 22 },
          "end": { "line": 91, "column": 24 }
        },
        "line": 91
      },
      "10": {
        "name": "(anonymous_10)",
        "decl": {
          "start": { "line": 93, "column": 18 },
          "end": { "line": 93, "column": 19 }
        },
        "loc": {
          "start": { "line": 93, "column": 24 },
          "end": { "line": 93, "column": 26 }
        },
        "line": 93
      },
      "11": {
        "name": "(anonymous_11)",
        "decl": {
          "start": { "line": 94, "column": 15 },
          "end": { "line": 94, "column": 16 }
        },
        "loc": {
          "start": { "line": 94, "column": 21 },
          "end": { "line": 94, "column": 23 }
        },
        "line": 94
      },
      "12": {
        "name": "(anonymous_12)",
        "decl": {
          "start": { "line": 95, "column": 14 },
          "end": { "line": 95, "column": 15 }
        },
        "loc": {
          "start": { "line": 95, "column": 20 },
          "end": { "line": 95, "column": 22 }
        },
        "line": 95
      },
      "13": {
        "name": "(anonymous_13)",
        "decl": {
          "start": { "line": 96, "column": 13 },
          "end": { "line": 96, "column": 14 }
        },
        "loc": {
          "start": { "line": 96, "column": 19 },
          "end": { "line": 96, "column": 21 }
        },
        "line": 96
      },
      "14": {
        "name": "(anonymous_14)",
        "decl": {
          "start": { "line": 97, "column": 16 },
          "end": { "line": 97, "column": 17 }
        },
        "loc": {
          "start": { "line": 97, "column": 22 },
          "end": { "line": 97, "column": 24 }
        },
        "line": 97
      },
      "15": {
        "name": "(anonymous_15)",
        "decl": {
          "start": { "line": 100, "column": 16 },
          "end": { "line": 100, "column": 17 }
        },
        "loc": {
          "start": { "line": 100, "column": 22 },
          "end": { "line": 100, "column": 24 }
        },
        "line": 100
      },
      "16": {
        "name": "(anonymous_16)",
        "decl": {
          "start": { "line": 101, "column": 14 },
          "end": { "line": 101, "column": 15 }
        },
        "loc": {
          "start": { "line": 101, "column": 20 },
          "end": { "line": 101, "column": 22 }
        },
        "line": 101
      },
      "17": {
        "name": "(anonymous_17)",
        "decl": {
          "start": { "line": 102, "column": 8 },
          "end": { "line": 102, "column": 9 }
        },
        "loc": {
          "start": { "line": 102, "column": 14 },
          "end": { "line": 102, "column": 16 }
        },
        "line": 102
      },
      "18": {
        "name": "(anonymous_18)",
        "decl": {
          "start": { "line": 109, "column": 25 },
          "end": { "line": 109, "column": 26 }
        },
        "loc": {
          "start": { "line": 109, "column": 31 },
          "end": { "line": 109, "column": 33 }
        },
        "line": 109
      },
      "19": {
        "name": "(anonymous_19)",
        "decl": {
          "start": { "line": 112, "column": 13 },
          "end": { "line": 112, "column": 14 }
        },
        "loc": {
          "start": { "line": 112, "column": 19 },
          "end": { "line": 112, "column": 21 }
        },
        "line": 112
      }
    },
    "branchMap": {},
    "s": { "0": 17 },
    "f": {
      "0": 0,
      "1": 0,
      "2": 0,
      "3": 0,
      "4": 0,
      "5": 0,
      "6": 0,
      "7": 0,
      "8": 0,
      "9": 0,
      "10": 0,
      "11": 0,
      "12": 0,
      "13": 0,
      "14": 0,
      "15": 0,
      "16": 0,
      "17": 0,
      "18": 0,
      "19": 0
    },
    "b": {},
    "_coverageSchema": "1a1c01bbd47fc00a2c39e90264f33305004495a9",
    "hash": "0fa20d4ac71bc03dedfda07657342f6c278b64fe"
  },
  "/Users/anabaptistao/Documents/Badges e Frente de loja/badges/react/EditBadges/index.tsx": {
    "path": "/Users/anabaptistao/Documents/Badges e Frente de loja/badges/react/EditBadges/index.tsx",
    "statementMap": {
      "0": {
        "start": { "line": 11, "column": 23 },
        "end": { "line": 114, "column": 1 }
      },
      "1": {
        "start": { "line": 12, "column": 15 },
        "end": { "line": 12, "column": 24 }
      },
      "2": {
        "start": { "line": 13, "column": 19 },
        "end": { "line": 13, "column": 38 }
      },
      "3": {
        "start": { "line": 14, "column": 24 },
        "end": { "line": 23, "column": 3 }
      },
      "4": {
        "start": { "line": 25, "column": 22 },
        "end": { "line": 39, "column": 3 }
      },
      "5": {
        "start": { "line": 27, "column": 19 },
        "end": { "line": 27, "column": 27 }
      },
      "6": {
        "start": { "line": 29, "column": 8 },
        "end": { "line": 29, "column": 53 }
      },
      "7": {
        "start": { "line": 33, "column": 19 },
        "end": { "line": 33, "column": 28 }
      },
      "8": {
        "start": { "line": 36, "column": 8 },
        "end": { "line": 36, "column": 40 }
      },
      "9": {
        "start": { "line": 42, "column": 20 },
        "end": { "line": 42, "column": 56 }
      },
      "10": {
        "start": { "line": 43, "column": 21 },
        "end": { "line": 43, "column": 59 }
      },
      "11": {
        "start": { "line": 44, "column": 19 },
        "end": { "line": 44, "column": 61 }
      },
      "12": {
        "start": { "line": 46, "column": 4 },
        "end": { "line": 46, "column": 39 }
      },
      "13": {
        "start": { "line": 50, "column": 4 },
        "end": { "line": 50, "column": 54 }
      },
      "14": {
        "start": { "line": 50, "column": 48 },
        "end": { "line": 50, "column": 54 }
      },
      "15": {
        "start": { "line": 51, "column": 20 },
        "end": { "line": 51, "column": 56 }
      },
      "16": {
        "start": { "line": 53, "column": 6 },
        "end": { "line": 53, "column": 77 }
      },
      "17": {
        "start": { "line": 55, "column": 19 },
        "end": { "line": 55, "column": 59 }
      },
      "18": {
        "start": { "line": 57, "column": 4 },
        "end": { "line": 57, "column": 39 }
      },
      "19": {
        "start": { "line": 65, "column": 4 },
        "end": { "line": 69, "column": 6 }
      },
      "20": {
        "start": { "line": 73, "column": 4 },
        "end": { "line": 76, "column": 6 }
      },
      "21": {
        "start": { "line": 79, "column": 2 },
        "end": { "line": 79, "column": 62 }
      },
      "22": {
        "start": { "line": 79, "column": 28 },
        "end": { "line": 79, "column": 62 }
      },
      "23": {
        "start": { "line": 80, "column": 2 },
        "end": { "line": 80, "column": 56 }
      },
      "24": {
        "start": { "line": 80, "column": 26 },
        "end": { "line": 80, "column": 56 }
      },
      "25": {
        "start": { "line": 82, "column": 2 },
        "end": { "line": 113, "column": 3 }
      },
      "26": {
        "start": { "line": 92, "column": 14 },
        "end": { "line": 92, "column": 32 }
      },
      "27": {
        "start": { "line": 93, "column": 14 },
        "end": { "line": 93, "column": 31 }
      },
      "28": {
        "start": { "line": 96, "column": 14 },
        "end": { "line": 96, "column": 32 }
      },
      "29": {
        "start": { "line": 97, "column": 14 },
        "end": { "line": 97, "column": 31 }
      },
      "30": {
        "start": { "line": 102, "column": 14 },
        "end": { "line": 102, "column": 32 }
      },
      "31": {
        "start": { "line": 103, "column": 14 },
        "end": { "line": 103, "column": 40 }
      }
    },
    "fnMap": {
      "0": {
        "name": "(anonymous_0)",
        "decl": {
          "start": { "line": 11, "column": 23 },
          "end": { "line": 11, "column": 24 }
        },
        "loc": {
          "start": { "line": 11, "column": 29 },
          "end": { "line": 114, "column": 1 }
        },
        "line": 11
      },
      "1": {
        "name": "(anonymous_1)",
        "decl": {
          "start": { "line": 27, "column": 13 },
          "end": { "line": 27, "column": 14 }
        },
        "loc": {
          "start": { "line": 27, "column": 19 },
          "end": { "line": 27, "column": 27 }
        },
        "line": 27
      },
      "2": {
        "name": "(anonymous_2)",
        "decl": {
          "start": { "line": 28, "column": 15 },
          "end": { "line": 28, "column": 16 }
        },
        "loc": {
          "start": { "line": 28, "column": 50 },
          "end": { "line": 30, "column": 7 }
        },
        "line": 28
      },
      "3": {
        "name": "(anonymous_3)",
        "decl": {
          "start": { "line": 33, "column": 13 },
          "end": { "line": 33, "column": 14 }
        },
        "loc": {
          "start": { "line": 33, "column": 19 },
          "end": { "line": 33, "column": 28 }
        },
        "line": 33
      },
      "4": {
        "name": "(anonymous_4)",
        "decl": {
          "start": { "line": 35, "column": 15 },
          "end": { "line": 35, "column": 16 }
        },
        "loc": {
          "start": { "line": 35, "column": 50 },
          "end": { "line": 37, "column": 7 }
        },
        "line": 35
      },
      "5": {
        "name": "handleNextClick",
        "decl": {
          "start": { "line": 41, "column": 11 },
          "end": { "line": 41, "column": 26 }
        },
        "loc": {
          "start": { "line": 41, "column": 29 },
          "end": { "line": 47, "column": 3 }
        },
        "line": 41
      },
      "6": {
        "name": "handlePrevClick",
        "decl": {
          "start": { "line": 49, "column": 11 },
          "end": { "line": 49, "column": 26 }
        },
        "loc": {
          "start": { "line": 49, "column": 29 },
          "end": { "line": 58, "column": 3 }
        },
        "line": 49
      },
      "7": {
        "name": "goToPage",
        "decl": {
          "start": { "line": 60, "column": 11 },
          "end": { "line": 60, "column": 19 }
        },
        "loc": {
          "start": { "line": 64, "column": 4 },
          "end": { "line": 70, "column": 3 }
        },
        "line": 64
      },
      "8": {
        "name": "handleRowsChange",
        "decl": {
          "start": { "line": 72, "column": 11 },
          "end": { "line": 72, "column": 27 }
        },
        "loc": {
          "start": { "line": 72, "column": 51 },
          "end": { "line": 77, "column": 3 }
        },
        "line": 72
      },
      "9": {
        "name": "(anonymous_9)",
        "decl": {
          "start": { "line": 91, "column": 25 },
          "end": { "line": 91, "column": 26 }
        },
        "loc": {
          "start": { "line": 91, "column": 48 },
          "end": { "line": 94, "column": 13 }
        },
        "line": 91
      },
      "10": {
        "name": "(anonymous_10)",
        "decl": {
          "start": { "line": 95, "column": 25 },
          "end": { "line": 95, "column": 26 }
        },
        "loc": {
          "start": { "line": 95, "column": 48 },
          "end": { "line": 98, "column": 13 }
        },
        "line": 95
      },
      "11": {
        "name": "(anonymous_11)",
        "decl": {
          "start": { "line": 101, "column": 26 },
          "end": { "line": 101, "column": 27 }
        },
        "loc": {
          "start": { "line": 101, "column": 64 },
          "end": { "line": 104, "column": 13 }
        },
        "line": 101
      }
    },
    "branchMap": {
      "0": {
        "loc": {
          "start": { "line": 50, "column": 4 },
          "end": { "line": 50, "column": 54 }
        },
        "type": "if",
        "locations": [
          {
            "start": { "line": 50, "column": 4 },
            "end": { "line": 50, "column": 54 }
          },
          {
            "start": { "line": 50, "column": 4 },
            "end": { "line": 50, "column": 54 }
          }
        ],
        "line": 50
      },
      "1": {
        "loc": {
          "start": { "line": 79, "column": 2 },
          "end": { "line": 79, "column": 62 }
        },
        "type": "if",
        "locations": [
          {
            "start": { "line": 79, "column": 2 },
            "end": { "line": 79, "column": 62 }
          },
          {
            "start": { "line": 79, "column": 2 },
            "end": { "line": 79, "column": 62 }
          }
        ],
        "line": 79
      },
      "2": {
        "loc": {
          "start": { "line": 80, "column": 2 },
          "end": { "line": 80, "column": 56 }
        },
        "type": "if",
        "locations": [
          {
            "start": { "line": 80, "column": 2 },
            "end": { "line": 80, "column": 56 }
          },
          {
            "start": { "line": 80, "column": 2 },
            "end": { "line": 80, "column": 56 }
          }
        ],
        "line": 80
      }
    },
    "s": {
      "0": 2,
      "1": 15,
      "2": 15,
      "3": 15,
      "4": 15,
      "5": 0,
      "6": 0,
      "7": 0,
      "8": 0,
      "9": 1,
      "10": 1,
      "11": 1,
      "12": 1,
      "13": 1,
      "14": 0,
      "15": 1,
      "16": 1,
      "17": 1,
      "18": 1,
      "19": 2,
      "20": 1,
      "21": 15,
      "22": 1,
      "23": 14,
      "24": 1,
      "25": 13,
      "26": 1,
      "27": 1,
      "28": 1,
      "29": 1,
      "30": 1,
      "31": 1
    },
    "f": {
      "0": 15,
      "1": 0,
      "2": 0,
      "3": 0,
      "4": 0,
      "5": 1,
      "6": 1,
      "7": 2,
      "8": 1,
      "9": 1,
      "10": 1,
      "11": 1
    },
    "b": { "0": [0, 1], "1": [1, 14], "2": [1, 13] },
    "_coverageSchema": "1a1c01bbd47fc00a2c39e90264f33305004495a9",
    "hash": "edca0b14eb79e002a082b49d9fbcc646c5a327fb"
  },
  "/Users/anabaptistao/Documents/Badges e Frente de loja/badges/react/Provider/provider.tsx": {
    "path": "/Users/anabaptistao/Documents/Badges e Frente de loja/badges/react/Provider/provider.tsx",
    "statementMap": {
      "0": {
        "start": { "line": 29, "column": 21 },
        "end": { "line": 464, "column": 1 }
      },
      "1": {
        "start": { "line": 30, "column": 15 },
        "end": { "line": 30, "column": 24 }
      },
      "2": {
        "start": { "line": 31, "column": 24 },
        "end": { "line": 31, "column": 48 }
      },
      "3": {
        "start": { "line": 32, "column": 30 },
        "end": { "line": 32, "column": 59 }
      },
      "4": {
        "start": { "line": 33, "column": 26 },
        "end": { "line": 33, "column": 38 }
      },
      "5": {
        "start": { "line": 34, "column": 26 },
        "end": { "line": 34, "column": 38 }
      },
      "6": {
        "start": { "line": 35, "column": 26 },
        "end": { "line": 35, "column": 65 }
      },
      "7": {
        "start": { "line": 36, "column": 26 },
        "end": { "line": 36, "column": 38 }
      },
      "8": {
        "start": { "line": 37, "column": 38 },
        "end": { "line": 40, "column": 4 }
      },
      "9": {
        "start": { "line": 42, "column": 39 },
        "end": { "line": 47, "column": 4 }
      },
      "10": {
        "start": { "line": 49, "column": 62 },
        "end": { "line": 49, "column": 73 }
      },
      "11": {
        "start": { "line": 50, "column": 36 },
        "end": { "line": 50, "column": 70 }
      },
      "12": {
        "start": { "line": 51, "column": 42 },
        "end": { "line": 51, "column": 66 }
      },
      "13": {
        "start": { "line": 52, "column": 40 },
        "end": { "line": 52, "column": 55 }
      },
      "14": {
        "start": { "line": 53, "column": 36 },
        "end": { "line": 53, "column": 51 }
      },
      "15": {
        "start": { "line": 54, "column": 36 },
        "end": { "line": 54, "column": 51 }
      },
      "16": {
        "start": { "line": 56, "column": 34 },
        "end": { "line": 56, "column": 52 }
      },
      "17": {
        "start": { "line": 57, "column": 30 },
        "end": { "line": 57, "column": 48 }
      },
      "18": {
        "start": { "line": 59, "column": 4 },
        "end": { "line": 59, "column": 46 }
      },
      "19": {
        "start": { "line": 61, "column": 37 },
        "end": { "line": 61, "column": 66 }
      },
      "20": {
        "start": { "line": 62, "column": 35 },
        "end": { "line": 62, "column": 62 }
      },
      "21": {
        "start": { "line": 63, "column": 35 },
        "end": { "line": 63, "column": 64 }
      },
      "22": {
        "start": { "line": 64, "column": 25 },
        "end": { "line": 64, "column": 48 }
      },
      "23": {
        "start": { "line": 66, "column": 38 },
        "end": { "line": 66, "column": 63 }
      },
      "24": {
        "start": { "line": 67, "column": 33 },
        "end": { "line": 67, "column": 55 }
      },
      "25": {
        "start": { "line": 68, "column": 36 },
        "end": { "line": 68, "column": 60 }
      },
      "26": {
        "start": { "line": 69, "column": 41 },
        "end": { "line": 69, "column": 70 }
      },
      "27": {
        "start": { "line": 70, "column": 38 },
        "end": { "line": 70, "column": 63 }
      },
      "28": {
        "start": { "line": 71, "column": 43 },
        "end": { "line": 71, "column": 73 }
      },
      "29": {
        "start": { "line": 73, "column": 23 },
        "end": { "line": 85, "column": 25 }
      },
      "30": {
        "start": { "line": 74, "column": 4 },
        "end": { "line": 74, "column": 47 }
      },
      "31": {
        "start": { "line": 74, "column": 41 },
        "end": { "line": 74, "column": 47 }
      },
      "32": {
        "start": { "line": 76, "column": 65 },
        "end": { "line": 76, "column": 67 }
      },
      "33": {
        "start": { "line": 78, "column": 4 },
        "end": { "line": 82, "column": 5 }
      },
      "34": {
        "start": { "line": 80, "column": 8 },
        "end": { "line": 80, "column": 68 }
      },
      "35": {
        "start": { "line": 84, "column": 4 },
        "end": { "line": 84, "column": 22 }
      },
      "36": {
        "start": { "line": 87, "column": 18 },
        "end": { "line": 98, "column": 20 }
      },
      "37": {
        "start": { "line": 88, "column": 4 },
        "end": { "line": 88, "column": 42 }
      },
      "38": {
        "start": { "line": 88, "column": 36 },
        "end": { "line": 88, "column": 42 }
      },
      "39": {
        "start": { "line": 89, "column": 65 },
        "end": { "line": 89, "column": 67 }
      },
      "40": {
        "start": { "line": 91, "column": 4 },
        "end": { "line": 95, "column": 5 }
      },
      "41": {
        "start": { "line": 93, "column": 8 },
        "end": { "line": 93, "column": 68 }
      },
      "42": {
        "start": { "line": 97, "column": 4 },
        "end": { "line": 97, "column": 22 }
      },
      "43": {
        "start": { "line": 100, "column": 21 },
        "end": { "line": 111, "column": 23 }
      },
      "44": {
        "start": { "line": 101, "column": 4 },
        "end": { "line": 101, "column": 45 }
      },
      "45": {
        "start": { "line": 101, "column": 39 },
        "end": { "line": 101, "column": 45 }
      },
      "46": {
        "start": { "line": 102, "column": 65 },
        "end": { "line": 102, "column": 67 }
      },
      "47": {
        "start": { "line": 104, "column": 4 },
        "end": { "line": 108, "column": 5 }
      },
      "48": {
        "start": { "line": 106, "column": 8 },
        "end": { "line": 106, "column": 68 }
      },
      "49": {
        "start": { "line": 110, "column": 4 },
        "end": { "line": 110, "column": 22 }
      },
      "50": {
        "start": { "line": 113, "column": 26 },
        "end": { "line": 124, "column": 28 }
      },
      "51": {
        "start": { "line": 114, "column": 4 },
        "end": { "line": 114, "column": 50 }
      },
      "52": {
        "start": { "line": 114, "column": 44 },
        "end": { "line": 114, "column": 50 }
      },
      "53": {
        "start": { "line": 115, "column": 65 },
        "end": { "line": 115, "column": 67 }
      },
      "54": {
        "start": { "line": 117, "column": 4 },
        "end": { "line": 121, "column": 5 }
      },
      "55": {
        "start": { "line": 119, "column": 8 },
        "end": { "line": 119, "column": 68 }
      },
      "56": {
        "start": { "line": 123, "column": 4 },
        "end": { "line": 123, "column": 22 }
      },
      "57": {
        "start": { "line": 126, "column": 23 },
        "end": { "line": 137, "column": 25 }
      },
      "58": {
        "start": { "line": 127, "column": 4 },
        "end": { "line": 127, "column": 47 }
      },
      "59": {
        "start": { "line": 127, "column": 41 },
        "end": { "line": 127, "column": 47 }
      },
      "60": {
        "start": { "line": 128, "column": 65 },
        "end": { "line": 128, "column": 67 }
      },
      "61": {
        "start": { "line": 130, "column": 4 },
        "end": { "line": 134, "column": 5 }
      },
      "62": {
        "start": { "line": 132, "column": 8 },
        "end": { "line": 132, "column": 68 }
      },
      "63": {
        "start": { "line": 136, "column": 4 },
        "end": { "line": 136, "column": 22 }
      },
      "64": {
        "start": { "line": 139, "column": 28 },
        "end": { "line": 150, "column": 30 }
      },
      "65": {
        "start": { "line": 140, "column": 4 },
        "end": { "line": 140, "column": 52 }
      },
      "66": {
        "start": { "line": 140, "column": 46 },
        "end": { "line": 140, "column": 52 }
      },
      "67": {
        "start": { "line": 141, "column": 65 },
        "end": { "line": 141, "column": 67 }
      },
      "68": {
        "start": { "line": 143, "column": 4 },
        "end": { "line": 147, "column": 5 }
      },
      "69": {
        "start": { "line": 145, "column": 8 },
        "end": { "line": 145, "column": 70 }
      },
      "70": {
        "start": { "line": 149, "column": 4 },
        "end": { "line": 149, "column": 22 }
      },
      "71": {
        "start": { "line": 152, "column": 29 },
        "end": { "line": 160, "column": 12 }
      },
      "72": {
        "start": { "line": 153, "column": 4 },
        "end": { "line": 157, "column": 5 }
      },
      "73": {
        "start": { "line": 154, "column": 6 },
        "end": { "line": 154, "column": 73 }
      },
      "74": {
        "start": { "line": 156, "column": 6 },
        "end": { "line": 156, "column": 41 }
      },
      "75": {
        "start": { "line": 159, "column": 4 },
        "end": { "line": 159, "column": 13 }
      },
      "76": {
        "start": { "line": 162, "column": 2 },
        "end": { "line": 169, "column": 19 }
      },
      "77": {
        "start": { "line": 163, "column": 4 },
        "end": { "line": 168, "column": 6 }
      },
      "78": {
        "start": { "line": 171, "column": 25 },
        "end": { "line": 182, "column": 26 }
      },
      "79": {
        "start": { "line": 172, "column": 4 },
        "end": { "line": 181, "column": 5 }
      },
      "80": {
        "start": { "line": 174, "column": 8 },
        "end": { "line": 179, "column": 9 }
      },
      "81": {
        "start": { "line": 186, "column": 6 },
        "end": { "line": 192, "column": 24 }
      },
      "82": {
        "start": { "line": 187, "column": 4 },
        "end": { "line": 191, "column": 5 }
      },
      "83": {
        "start": { "line": 194, "column": 27 },
        "end": { "line": 196, "column": 3 }
      },
      "84": {
        "start": { "line": 195, "column": 4 },
        "end": { "line": 195, "column": 42 }
      },
      "85": {
        "start": { "line": 199, "column": 4 },
        "end": { "line": 199, "column": 46 }
      },
      "86": {
        "start": { "line": 203, "column": 4 },
        "end": { "line": 203, "column": 73 }
      },
      "87": {
        "start": { "line": 207, "column": 4 },
        "end": { "line": 207, "column": 63 }
      },
      "88": {
        "start": { "line": 211, "column": 4 },
        "end": { "line": 211, "column": 52 }
      },
      "89": {
        "start": { "line": 215, "column": 4 },
        "end": { "line": 223, "column": 5 }
      },
      "90": {
        "start": { "line": 216, "column": 18 },
        "end": { "line": 218, "column": 8 }
      },
      "91": {
        "start": { "line": 220, "column": 6 },
        "end": { "line": 220, "column": 57 }
      },
      "92": {
        "start": { "line": 220, "column": 23 },
        "end": { "line": 220, "column": 57 }
      },
      "93": {
        "start": { "line": 222, "column": 6 },
        "end": { "line": 222, "column": 17 }
      },
      "94": {
        "start": { "line": 227, "column": 23 },
        "end": { "line": 227, "column": 25 }
      },
      "95": {
        "start": { "line": 229, "column": 4 },
        "end": { "line": 231, "column": 5 }
      },
      "96": {
        "start": { "line": 230, "column": 6 },
        "end": { "line": 230, "column": 61 }
      },
      "97": {
        "start": { "line": 233, "column": 27 },
        "end": { "line": 233, "column": 48 }
      },
      "98": {
        "start": { "line": 235, "column": 29 },
        "end": { "line": 235, "column": 74 }
      },
      "99": {
        "start": { "line": 237, "column": 4 },
        "end": { "line": 237, "column": 59 }
      },
      "100": {
        "start": { "line": 237, "column": 26 },
        "end": { "line": 237, "column": 59 }
      },
      "101": {
        "start": { "line": 239, "column": 4 },
        "end": { "line": 241, "column": 5 }
      },
      "102": {
        "start": { "line": 240, "column": 6 },
        "end": { "line": 240, "column": 72 }
      },
      "103": {
        "start": { "line": 243, "column": 4 },
        "end": { "line": 243, "column": 44 }
      },
      "104": {
        "start": { "line": 243, "column": 33 },
        "end": { "line": 243, "column": 44 }
      },
      "105": {
        "start": { "line": 245, "column": 4 },
        "end": { "line": 245, "column": 31 }
      },
      "106": {
        "start": { "line": 247, "column": 4 },
        "end": { "line": 247, "column": 16 }
      },
      "107": {
        "start": { "line": 251, "column": 4 },
        "end": { "line": 251, "column": 42 }
      },
      "108": {
        "start": { "line": 252, "column": 4 },
        "end": { "line": 252, "column": 25 }
      },
      "109": {
        "start": { "line": 253, "column": 21 },
        "end": { "line": 253, "column": 52 }
      },
      "110": {
        "start": { "line": 255, "column": 4 },
        "end": { "line": 278, "column": 5 }
      },
      "111": {
        "start": { "line": 256, "column": 6 },
        "end": { "line": 256, "column": 27 }
      },
      "112": {
        "start": { "line": 257, "column": 36 },
        "end": { "line": 257, "column": 38 }
      },
      "113": {
        "start": { "line": 259, "column": 6 },
        "end": { "line": 259, "column": 27 }
      },
      "114": {
        "start": { "line": 260, "column": 6 },
        "end": { "line": 260, "column": 46 }
      },
      "115": {
        "start": { "line": 261, "column": 6 },
        "end": { "line": 261, "column": 62 }
      },
      "116": {
        "start": { "line": 263, "column": 29 },
        "end": { "line": 263, "column": 50 }
      },
      "117": {
        "start": { "line": 265, "column": 6 },
        "end": { "line": 269, "column": 7 }
      },
      "118": {
        "start": { "line": 266, "column": 8 },
        "end": { "line": 266, "column": 42 }
      },
      "119": {
        "start": { "line": 268, "column": 8 },
        "end": { "line": 268, "column": 48 }
      },
      "120": {
        "start": { "line": 271, "column": 6 },
        "end": { "line": 271, "column": 42 }
      },
      "121": {
        "start": { "line": 273, "column": 27 },
        "end": { "line": 273, "column": 50 }
      },
      "122": {
        "start": { "line": 275, "column": 6 },
        "end": { "line": 275, "column": 15 }
      },
      "123": {
        "start": { "line": 277, "column": 6 },
        "end": { "line": 277, "column": 25 }
      },
      "124": {
        "start": { "line": 282, "column": 15 },
        "end": { "line": 284, "column": 6 }
      },
      "125": {
        "start": { "line": 286, "column": 4 },
        "end": { "line": 290, "column": 5 }
      },
      "126": {
        "start": { "line": 287, "column": 6 },
        "end": { "line": 287, "column": 46 }
      },
      "127": {
        "start": { "line": 289, "column": 6 },
        "end": { "line": 289, "column": 17 }
      },
      "128": {
        "start": { "line": 292, "column": 4 },
        "end": { "line": 292, "column": 45 }
      },
      "129": {
        "start": { "line": 294, "column": 4 },
        "end": { "line": 294, "column": 16 }
      },
      "130": {
        "start": { "line": 298, "column": 4 },
        "end": { "line": 298, "column": 24 }
      },
      "131": {
        "start": { "line": 299, "column": 4 },
        "end": { "line": 299, "column": 19 }
      },
      "132": {
        "start": { "line": 303, "column": 4 },
        "end": { "line": 303, "column": 25 }
      },
      "133": {
        "start": { "line": 305, "column": 25 },
        "end": { "line": 307, "column": 6 }
      },
      "134": {
        "start": { "line": 309, "column": 4 },
        "end": { "line": 315, "column": 5 }
      },
      "135": {
        "start": { "line": 310, "column": 6 },
        "end": { "line": 310, "column": 58 }
      },
      "136": {
        "start": { "line": 311, "column": 6 },
        "end": { "line": 311, "column": 15 }
      },
      "137": {
        "start": { "line": 312, "column": 6 },
        "end": { "line": 312, "column": 21 }
      },
      "138": {
        "start": { "line": 314, "column": 6 },
        "end": { "line": 314, "column": 57 }
      },
      "139": {
        "start": { "line": 319, "column": 4 },
        "end": { "line": 319, "column": 22 }
      },
      "140": {
        "start": { "line": 320, "column": 4 },
        "end": { "line": 320, "column": 42 }
      },
      "141": {
        "start": { "line": 322, "column": 31 },
        "end": { "line": 334, "column": 5 }
      },
      "142": {
        "start": { "line": 328, "column": 8 },
        "end": { "line": 332, "column": 9 }
      },
      "143": {
        "start": { "line": 336, "column": 29 },
        "end": { "line": 339, "column": 5 }
      },
      "144": {
        "start": { "line": 341, "column": 4 },
        "end": { "line": 341, "column": 43 }
      },
      "145": {
        "start": { "line": 342, "column": 4 },
        "end": { "line": 352, "column": 5 }
      },
      "146": {
        "start": { "line": 343, "column": 6 },
        "end": { "line": 343, "column": 48 }
      },
      "147": {
        "start": { "line": 344, "column": 6 },
        "end": { "line": 344, "column": 35 }
      },
      "148": {
        "start": { "line": 345, "column": 11 },
        "end": { "line": 352, "column": 5 }
      },
      "149": {
        "start": { "line": 346, "column": 6 },
        "end": { "line": 346, "column": 48 }
      },
      "150": {
        "start": { "line": 347, "column": 6 },
        "end": { "line": 347, "column": 35 }
      },
      "151": {
        "start": { "line": 349, "column": 6 },
        "end": { "line": 349, "column": 51 }
      },
      "152": {
        "start": { "line": 350, "column": 6 },
        "end": { "line": 350, "column": 36 }
      },
      "153": {
        "start": { "line": 351, "column": 6 },
        "end": { "line": 351, "column": 24 }
      },
      "154": {
        "start": { "line": 354, "column": 4 },
        "end": { "line": 354, "column": 35 }
      },
      "155": {
        "start": { "line": 355, "column": 4 },
        "end": { "line": 355, "column": 17 }
      },
      "156": {
        "start": { "line": 359, "column": 4 },
        "end": { "line": 359, "column": 25 }
      },
      "157": {
        "start": { "line": 361, "column": 21 },
        "end": { "line": 361, "column": 52 }
      },
      "158": {
        "start": { "line": 363, "column": 4 },
        "end": { "line": 395, "column": 5 }
      },
      "159": {
        "start": { "line": 364, "column": 36 },
        "end": { "line": 364, "column": 38 }
      },
      "160": {
        "start": { "line": 366, "column": 6 },
        "end": { "line": 366, "column": 27 }
      },
      "161": {
        "start": { "line": 367, "column": 6 },
        "end": { "line": 367, "column": 46 }
      },
      "162": {
        "start": { "line": 368, "column": 6 },
        "end": { "line": 368, "column": 62 }
      },
      "163": {
        "start": { "line": 370, "column": 29 },
        "end": { "line": 370, "column": 50 }
      },
      "164": {
        "start": { "line": 372, "column": 6 },
        "end": { "line": 379, "column": 7 }
      },
      "165": {
        "start": { "line": 376, "column": 8 },
        "end": { "line": 376, "column": 42 }
      },
      "166": {
        "start": { "line": 378, "column": 8 },
        "end": { "line": 378, "column": 48 }
      },
      "167": {
        "start": { "line": 381, "column": 6 },
        "end": { "line": 381, "column": 42 }
      },
      "168": {
        "start": { "line": 383, "column": 25 },
        "end": { "line": 385, "column": 8 }
      },
      "169": {
        "start": { "line": 387, "column": 6 },
        "end": { "line": 394, "column": 7 }
      },
      "170": {
        "start": { "line": 388, "column": 8 },
        "end": { "line": 388, "column": 17 }
      },
      "171": {
        "start": { "line": 389, "column": 8 },
        "end": { "line": 389, "column": 58 }
      },
      "172": {
        "start": { "line": 390, "column": 8 },
        "end": { "line": 390, "column": 27 }
      },
      "173": {
        "start": { "line": 391, "column": 8 },
        "end": { "line": 391, "column": 21 }
      },
      "174": {
        "start": { "line": 393, "column": 8 },
        "end": { "line": 393, "column": 57 }
      },
      "175": {
        "start": { "line": 399, "column": 4 },
        "end": { "line": 399, "column": 15 }
      },
      "176": {
        "start": { "line": 400, "column": 4 },
        "end": { "line": 400, "column": 42 }
      },
      "177": {
        "start": { "line": 402, "column": 4 },
        "end": { "line": 402, "column": 15 }
      },
      "178": {
        "start": { "line": 403, "column": 4 },
        "end": { "line": 403, "column": 34 }
      },
      "179": {
        "start": { "line": 404, "column": 4 },
        "end": { "line": 404, "column": 15 }
      },
      "180": {
        "start": { "line": 405, "column": 4 },
        "end": { "line": 405, "column": 18 }
      },
      "181": {
        "start": { "line": 407, "column": 4 },
        "end": { "line": 410, "column": 6 }
      },
      "182": {
        "start": { "line": 413, "column": 2 },
        "end": { "line": 463, "column": 3 }
      }
    },
    "fnMap": {
      "0": {
        "name": "(anonymous_0)",
        "decl": {
          "start": { "line": 29, "column": 21 },
          "end": { "line": 29, "column": 22 }
        },
        "loc": {
          "start": { "line": 29, "column": 30 },
          "end": { "line": 464, "column": 1 }
        },
        "line": 29
      },
      "1": {
        "name": "(anonymous_1)",
        "decl": {
          "start": { "line": 73, "column": 31 },
          "end": { "line": 73, "column": 32 }
        },
        "loc": {
          "start": { "line": 73, "column": 37 },
          "end": { "line": 85, "column": 3 }
        },
        "line": 73
      },
      "2": {
        "name": "(anonymous_2)",
        "decl": {
          "start": { "line": 79, "column": 6 },
          "end": { "line": 79, "column": 7 }
        },
        "loc": {
          "start": { "line": 79, "column": 49 },
          "end": { "line": 81, "column": 7 }
        },
        "line": 79
      },
      "3": {
        "name": "(anonymous_3)",
        "decl": {
          "start": { "line": 87, "column": 26 },
          "end": { "line": 87, "column": 27 }
        },
        "loc": {
          "start": { "line": 87, "column": 32 },
          "end": { "line": 98, "column": 3 }
        },
        "line": 87
      },
      "4": {
        "name": "(anonymous_4)",
        "decl": {
          "start": { "line": 92, "column": 6 },
          "end": { "line": 92, "column": 7 }
        },
        "loc": {
          "start": { "line": 92, "column": 49 },
          "end": { "line": 94, "column": 7 }
        },
        "line": 92
      },
      "5": {
        "name": "(anonymous_5)",
        "decl": {
          "start": { "line": 100, "column": 29 },
          "end": { "line": 100, "column": 30 }
        },
        "loc": {
          "start": { "line": 100, "column": 35 },
          "end": { "line": 111, "column": 3 }
        },
        "line": 100
      },
      "6": {
        "name": "(anonymous_6)",
        "decl": {
          "start": { "line": 105, "column": 6 },
          "end": { "line": 105, "column": 7 }
        },
        "loc": {
          "start": { "line": 105, "column": 49 },
          "end": { "line": 107, "column": 7 }
        },
        "line": 105
      },
      "7": {
        "name": "(anonymous_7)",
        "decl": {
          "start": { "line": 113, "column": 34 },
          "end": { "line": 113, "column": 35 }
        },
        "loc": {
          "start": { "line": 113, "column": 40 },
          "end": { "line": 124, "column": 3 }
        },
        "line": 113
      },
      "8": {
        "name": "(anonymous_8)",
        "decl": {
          "start": { "line": 118, "column": 6 },
          "end": { "line": 118, "column": 7 }
        },
        "loc": {
          "start": { "line": 118, "column": 49 },
          "end": { "line": 120, "column": 7 }
        },
[...]
            "start": { "line": 4, "column": 24 },
            "end": { "line": 4, "column": 45 }
          }
        ],
        "line": 4
      },
      "2": {
        "loc": {
          "start": { "line": 12, "column": 4 },
          "end": { "line": 14, "column": 10 }
        },
        "type": "cond-expr",
        "locations": [
          {
            "start": { "line": 13, "column": 8 },
            "end": { "line": 13, "column": 52 }
          },
          {
            "start": { "line": 14, "column": 8 },
            "end": { "line": 14, "column": 10 }
          }
        ],
        "line": 12
      },
      "3": {
        "loc": {
          "start": { "line": 12, "column": 4 },
          "end": { "line": 12, "column": 63 }
        },
        "type": "binary-expr",
        "locations": [
          {
            "start": { "line": 12, "column": 4 },
            "end": { "line": 12, "column": 20 }
          },
          {
            "start": { "line": 12, "column": 24 },
            "end": { "line": 12, "column": 45 }
          },
          {
            "start": { "line": 12, "column": 49 },
            "end": { "line": 12, "column": 63 }
          }
        ],
        "line": 12
      },
      "4": {
        "loc": {
          "start": { "line": 20, "column": 4 },
          "end": { "line": 22, "column": 10 }
        },
        "type": "cond-expr",
        "locations": [
          {
            "start": { "line": 21, "column": 8 },
            "end": { "line": 21, "column": 51 }
          },
          {
            "start": { "line": 22, "column": 8 },
            "end": { "line": 22, "column": 10 }
          }
        ],
        "line": 20
      },
      "5": {
        "loc": {
          "start": { "line": 20, "column": 4 },
          "end": { "line": 20, "column": 63 }
        },
        "type": "binary-expr",
        "locations": [
          {
            "start": { "line": 20, "column": 4 },
            "end": { "line": 20, "column": 20 }
          },
          {
            "start": { "line": 20, "column": 24 },
            "end": { "line": 20, "column": 45 }
          },
          {
            "start": { "line": 20, "column": 49 },
            "end": { "line": 20, "column": 63 }
          }
        ],
        "line": 20
      }
    },
    "s": { "0": 16, "1": 3, "2": 16, "3": 1, "4": 16, "5": 5 },
    "f": { "0": 3, "1": 1, "2": 5 },
    "b": {
      "0": [2, 1],
      "1": [3, 2],
      "2": [1, 0],
      "3": [1, 1, 0],
      "4": [1, 4],
      "5": [5, 5, 4]
    },
    "_coverageSchema": "1a1c01bbd47fc00a2c39e90264f33305004495a9",
    "hash": "90e03d0e8de383076d2372e8a44c95d05c728ddc"
  },
  "/Users/anabaptistao/Documents/Badges e Frente de loja/badges/react/utils/conditionsProps.tsx": {
    "path": "/Users/anabaptistao/Documents/Badges e Frente de loja/badges/react/utils/conditionsProps.tsx",
    "statementMap": {
      "0": {
        "start": { "line": 5, "column": 39 },
        "end": { "line": 19, "column": 1 }
      },
      "1": {
        "start": { "line": 11, "column": 2 },
        "end": { "line": 11, "column": 51 }
      },
      "2": {
        "start": { "line": 12, "column": 24 },
        "end": { "line": 14, "column": 4 }
      },
      "3": {
        "start": { "line": 13, "column": 4 },
        "end": { "line": 13, "column": 72 }
      },
      "4": {
        "start": { "line": 16, "column": 2 },
        "end": { "line": 16, "column": 35 }
      },
      "5": {
        "start": { "line": 18, "column": 2 },
        "end": { "line": 18, "column": 22 }
      },
      "6": {
        "start": { "line": 27, "column": 2 },
        "end": { "line": 27, "column": 30 }
      },
      "7": {
        "start": { "line": 28, "column": 17 },
        "end": { "line": 42, "column": 3 }
      },
      "8": {
        "start": { "line": 32, "column": 22 },
        "end": { "line": 32, "column": 57 }
      },
      "9": {
        "start": { "line": 34, "column": 25 },
        "end": { "line": 34, "column": 63 }
      },
      "10": {
        "start": { "line": 36, "column": 6 },
        "end": { "line": 40, "column": 7 }
      },
      "11": {
        "start": { "line": 44, "column": 2 },
        "end": { "line": 44, "column": 15 }
      },
      "12": {
        "start": { "line": 48, "column": 2 },
        "end": { "line": 50, "column": 3 }
      },
      "13": {
        "start": { "line": 49, "column": 4 },
        "end": { "line": 49, "column": 60 }
      },
      "14": {
        "start": { "line": 52, "column": 2 },
        "end": { "line": 54, "column": 3 }
      },
      "15": {
        "start": { "line": 53, "column": 4 },
        "end": { "line": 53, "column": 72 }
      },
      "16": {
        "start": { "line": 56, "column": 2 },
        "end": { "line": 56, "column": 55 }
      },
      "17": {
        "start": { "line": 60, "column": 2 },
        "end": { "line": 60, "column": 28 }
      },
      "18": {
        "start": { "line": 74, "column": 7 },
        "end": { "line": 74, "column": 9 }
      },
      "19": {
        "start": { "line": 76, "column": 2 },
        "end": { "line": 99, "column": 4 }
      },
      "20": {
        "start": { "line": 77, "column": 4 },
        "end": { "line": 98, "column": 5 }
      },
      "21": {
        "start": { "line": 78, "column": 19 },
        "end": { "line": 84, "column": 7 }
      },
      "22": {
        "start": { "line": 86, "column": 6 },
        "end": { "line": 86, "column": 22 }
      },
      "23": {
        "start": { "line": 88, "column": 19 },
        "end": { "line": 95, "column": 7 }
      },
      "24": {
        "start": { "line": 97, "column": 6 },
        "end": { "line": 97, "column": 22 }
      },
      "25": {
        "start": { "line": 101, "column": 2 },
        "end": { "line": 101, "column": 14 }
      }
    },
    "fnMap": {
      "0": {
        "name": "(anonymous_0)",
        "decl": {
          "start": { "line": 5, "column": 39 },
          "end": { "line": 5, "column": 40 }
        },
        "loc": {
          "start": { "line": 10, "column": 5 },
          "end": { "line": 19, "column": 1 }
        },
        "line": 10
      },
      "1": {
        "name": "(anonymous_1)",
        "decl": {
          "start": { "line": 12, "column": 44 },
          "end": { "line": 12, "column": 45 }
        },
        "loc": {
          "start": { "line": 12, "column": 75 },
          "end": { "line": 14, "column": 3 }
        },
        "line": 12
      },
      "2": {
        "name": "conditionsPropsValues",
        "decl": {
          "start": { "line": 21, "column": 9 },
          "end": { "line": 21, "column": 30 }
        },
        "loc": {
          "start": { "line": 26, "column": 2 },
          "end": { "line": 45, "column": 1 }
        },
        "line": 26
      },
      "3": {
        "name": "(anonymous_3)",
        "decl": {
          "start": { "line": 31, "column": 10 },
          "end": { "line": 31, "column": 11 }
        },
        "loc": {
          "start": { "line": 31, "column": 16 },
          "end": { "line": 41, "column": 5 }
        },
        "line": 31
      },
      "4": {
        "name": "decisionBetweenTextImageHtml",
        "decl": {
          "start": { "line": 47, "column": 9 },
          "end": { "line": 47, "column": 37 }
        },
        "loc": {
          "start": { "line": 47, "column": 74 },
          "end": { "line": 57, "column": 1 }
        },
        "line": 47
      },
      "5": {
        "name": "createMarkup",
        "decl": {
          "start": { "line": 59, "column": 9 },
          "end": { "line": 59, "column": 21 }
        },
        "loc": {
          "start": { "line": 59, "column": 36 },
          "end": { "line": 61, "column": 1 }
        },
        "line": 59
      },
      "6": {
        "name": "conditionsFunction",
        "decl": {
          "start": { "line": 63, "column": 9 },
          "end": { "line": 63, "column": 27 }
        },
        "loc": {
          "start": { "line": 69, "column": 2 },
          "end": { "line": 102, "column": 1 }
        },
        "line": 69
      },
      "7": {
        "name": "(anonymous_7)",
        "decl": {
          "start": { "line": 76, "column": 15 },
          "end": { "line": 76, "column": 16 }
        },
        "loc": {
          "start": { "line": 76, "column": 26 },
          "end": { "line": 99, "column": 3 }
        },
        "line": 76
      }
    },
    "branchMap": {
      "0": {
        "loc": {
          "start": { "line": 48, "column": 2 },
          "end": { "line": 50, "column": 3 }
        },
        "type": "if",
        "locations": [
          {
            "start": { "line": 48, "column": 2 },
            "end": { "line": 50, "column": 3 }
          },
          {
            "start": { "line": 48, "column": 2 },
            "end": { "line": 50, "column": 3 }
          }
        ],
        "line": 48
      },
      "1": {
        "loc": {
          "start": { "line": 52, "column": 2 },
          "end": { "line": 54, "column": 3 }
        },
        "type": "if",
        "locations": [
          {
            "start": { "line": 52, "column": 2 },
            "end": { "line": 54, "column": 3 }
          },
          {
            "start": { "line": 52, "column": 2 },
            "end": { "line": 54, "column": 3 }
          }
        ],
        "line": 52
      },
      "2": {
        "loc": {
          "start": { "line": 77, "column": 4 },
          "end": { "line": 98, "column": 5 }
        },
        "type": "if",
        "locations": [
          {
            "start": { "line": 77, "column": 4 },
            "end": { "line": 98, "column": 5 }
          },
          {
            "start": { "line": 77, "column": 4 },
            "end": { "line": 98, "column": 5 }
          }
        ],
        "line": 77
      }
    },
    "s": {
      "0": 2,
      "1": 4,
      "2": 4,
      "3": 3,
      "4": 4,
      "5": 4,
      "6": 3,
      "7": 3,
      "8": 3,
      "9": 3,
      "10": 3,
      "11": 3,
      "12": 3,
      "13": 1,
      "14": 2,
      "15": 1,
      "16": 1,
      "17": 1,
      "18": 3,
      "19": 3,
      "20": 4,
      "21": 2,
      "22": 2,
      "23": 2,
      "24": 2,
      "25": 3
    },
    "f": { "0": 4, "1": 3, "2": 3, "3": 3, "4": 3, "5": 1, "6": 3, "7": 4 },
    "b": { "0": [1, 2], "1": [1, 1], "2": [2, 2] },
    "_coverageSchema": "1a1c01bbd47fc00a2c39e90264f33305004495a9",
    "hash": "c7326f6d84767fe40197609a74b29812d998a91d"
  },
  "/Users/anabaptistao/Documents/Badges e Frente de loja/badges/react/utils/optionsConditions.tsx": {
    "path": "/Users/anabaptistao/Documents/Badges e Frente de loja/badges/react/utils/optionsConditions.tsx",
    "statementMap": {
      "0": {
        "start": { "line": 9, "column": 15 },
        "end": { "line": 9, "column": 24 }
      },
      "1": {
        "start": { "line": 11, "column": 2 },
        "end": { "line": 110, "column": 3 }
      },
      "2": {
        "start": { "line": 18, "column": 34 },
        "end": { "line": 18, "column": 79 }
      },
      "3": {
        "start": { "line": 23, "column": 34 },
        "end": { "line": 23, "column": 79 }
      },
      "4": {
        "start": { "line": 33, "column": 34 },
        "end": { "line": 33, "column": 76 }
      },
      "5": {
        "start": { "line": 38, "column": 34 },
        "end": { "line": 38, "column": 76 }
      },
      "6": {
        "start": { "line": 48, "column": 34 },
        "end": { "line": 48, "column": 78 }
      },
      "7": {
        "start": { "line": 53, "column": 34 },
        "end": { "line": 53, "column": 78 }
      },
      "8": {
        "start": { "line": 64, "column": 12 },
        "end": { "line": 64, "column": 62 }
      },
      "9": {
        "start": { "line": 71, "column": 12 },
        "end": { "line": 71, "column": 62 }
      },
      "10": {
        "start": { "line": 82, "column": 34 },
        "end": { "line": 82, "column": 77 }
      },
      "11": {
        "start": { "line": 87, "column": 34 },
        "end": { "line": 87, "column": 77 }
      },
      "12": {
        "start": { "line": 98, "column": 12 },
        "end": { "line": 98, "column": 61 }
      },
      "13": {
        "start": { "line": 105, "column": 12 },
        "end": { "line": 105, "column": 61 }
      }
    },
    "fnMap": {
      "0": {
        "name": "optionsFunctions",
        "decl": {
          "start": { "line": 8, "column": 16 },
          "end": { "line": 8, "column": 32 }
        },
        "loc": {
          "start": { "line": 8, "column": 35 },
          "end": { "line": 111, "column": 1 }
        },
        "line": 8
      },
      "1": {
        "name": "(anonymous_1)",
        "decl": {
          "start": { "line": 18, "column": 18 },
          "end": { "line": 18, "column": 19 }
        },
        "loc": {
          "start": { "line": 18, "column": 34 },
          "end": { "line": 18, "column": 79 }
        },
        "line": 18
      },
      "2": {
        "name": "(anonymous_2)",
        "decl": {
          "start": { "line": 23, "column": 18 },
          "end": { "line": 23, "column": 19 }
        },
        "loc": {
          "start": { "line": 23, "column": 34 },
          "end": { "line": 23, "column": 79 }
        },
        "line": 23
      },
      "3": {
        "name": "(anonymous_3)",
        "decl": {
          "start": { "line": 33, "column": 18 },
          "end": { "line": 33, "column": 19 }
        },
        "loc": {
          "start": { "line": 33, "column": 34 },
          "end": { "line": 33, "column": 76 }
        },
        "line": 33
      },
      "4": {
        "name": "(anonymous_4)",
        "decl": {
          "start": { "line": 38, "column": 18 },
          "end": { "line": 38, "column": 19 }
        },
        "loc": {
          "start": { "line": 38, "column": 34 },
          "end": { "line": 38, "column": 76 }
        },
        "line": 38
      },
      "5": {
        "name": "(anonymous_5)",
        "decl": {
          "start": { "line": 48, "column": 18 },
          "end": { "line": 48, "column": 19 }
        },
        "loc": {
          "start": { "line": 48, "column": 34 },
          "end": { "line": 48, "column": 78 }
        },
        "line": 48
      },
      "6": {
        "name": "(anonymous_6)",
        "decl": {
          "start": { "line": 53, "column": 18 },
          "end": { "line": 53, "column": 19 }
        },
        "loc": {
          "start": { "line": 53, "column": 34 },
          "end": { "line": 53, "column": 78 }
        },
        "line": 53
      },
      "7": {
        "name": "(anonymous_7)",
        "decl": {
          "start": { "line": 63, "column": 18 },
          "end": { "line": 63, "column": 19 }
        },
        "loc": {
          "start": { "line": 64, "column": 12 },
          "end": { "line": 64, "column": 62 }
        },
        "line": 64
      },
      "8": {
        "name": "(anonymous_8)",
        "decl": {
          "start": { "line": 70, "column": 18 },
          "end": { "line": 70, "column": 19 }
        },
        "loc": {
          "start": { "line": 71, "column": 12 },
          "end": { "line": 71, "column": 62 }
        },
        "line": 71
      },
      "9": {
        "name": "(anonymous_9)",
        "decl": {
          "start": { "line": 82, "column": 18 },
          "end": { "line": 82, "column": 19 }
        },
        "loc": {
          "start": { "line": 82, "column": 34 },
          "end": { "line": 82, "column": 77 }
        },
        "line": 82
      },
      "10": {
        "name": "(anonymous_10)",
        "decl": {
          "start": { "line": 87, "column": 18 },
          "end": { "line": 87, "column": 19 }
        },
        "loc": {
          "start": { "line": 87, "column": 34 },
          "end": { "line": 87, "column": 77 }
        },
        "line": 87
      },
      "11": {
        "name": "(anonymous_11)",
        "decl": {
          "start": { "line": 97, "column": 18 },
          "end": { "line": 97, "column": 19 }
        },
        "loc": {
          "start": { "line": 98, "column": 12 },
          "end": { "line": 98, "column": 61 }
        },
        "line": 98
      },
      "12": {
        "name": "(anonymous_12)",
        "decl": {
          "start": { "line": 104, "column": 18 },
          "end": { "line": 104, "column": 19 }
        },
        "loc": {
          "start": { "line": 105, "column": 12 },
          "end": { "line": 105, "column": 61 }
        },
        "line": 105
      }
    },
    "branchMap": {},
    "s": {
      "0": 46,
      "1": 46,
      "2": 1,
      "3": 1,
      "4": 1,
      "5": 1,
      "6": 1,
      "7": 1,
      "8": 1,
      "9": 1,
      "10": 1,
      "11": 1,
      "12": 1,
      "13": 1
    },
    "f": {
      "0": 46,
      "1": 1,
      "2": 1,
      "3": 1,
      "4": 1,
      "5": 1,
      "6": 1,
      "7": 1,
      "8": 1,
      "9": 1,
      "10": 1,
      "11": 1,
      "12": 1
    },
    "b": {},
    "_coverageSchema": "1a1c01bbd47fc00a2c39e90264f33305004495a9",
    "hash": "a2c10b5f74a9dac4e885b03528eb276fea26eecd"
  },
  "/Users/anabaptistao/Documents/Badges e Frente de loja/badges/react/utils/specificationValues.tsx": {
    "path": "/Users/anabaptistao/Documents/Badges e Frente de loja/badges/react/utils/specificationValues.tsx",
    "statementMap": {
      "0": {
        "start": { "line": 10, "column": 48 },
        "end": { "line": 54, "column": 1 }
      },
      "1": {
        "start": { "line": 17, "column": 2 },
        "end": { "line": 53, "column": 3 }
      },
      "2": {
        "start": { "line": 23, "column": 12 },
        "end": { "line": 27, "column": 14 }
      },
      "3": {
        "start": { "line": 41, "column": 12 },
        "end": { "line": 45, "column": 14 }
      }
    },
    "fnMap": {
      "0": {
        "name": "(anonymous_0)",
        "decl": {
          "start": { "line": 10, "column": 48 },
          "end": { "line": 10, "column": 49 }
        },
        "loc": {
          "start": { "line": 16, "column": 6 },
          "end": { "line": 54, "column": 1 }
        },
        "line": 16
      },
      "1": {
        "name": "(anonymous_1)",
        "decl": {
          "start": { "line": 22, "column": 20 },
          "end": { "line": 22, "column": 21 }
        },
        "loc": {
          "start": { "line": 23, "column": 12 },
          "end": { "line": 27, "column": 14 }
        },
        "line": 23
      },
      "2": {
        "name": "(anonymous_2)",
        "decl": {
          "start": { "line": 40, "column": 20 },
          "end": { "line": 40, "column": 21 }
        },
        "loc": {
          "start": { "line": 41, "column": 12 },
          "end": { "line": 45, "column": 14 }
        },
        "line": 41
      }
    },
    "branchMap": {
      "0": {
        "loc": {
          "start": { "line": 31, "column": 17 },
          "end": { "line": 31, "column": 34 }
        },
        "type": "binary-expr",
        "locations": [
          {
            "start": { "line": 31, "column": 17 },
            "end": { "line": 31, "column": 28 }
          },
          {
            "start": { "line": 31, "column": 32 },
            "end": { "line": 31, "column": 34 }
          }
        ],
        "line": 31
      },
      "1": {
        "loc": {
          "start": { "line": 49, "column": 17 },
          "end": { "line": 49, "column": 35 }
        },
        "type": "binary-expr",
        "locations": [
          {
            "start": { "line": 49, "column": 17 },
            "end": { "line": 49, "column": 29 }
          },
          {
            "start": { "line": 49, "column": 33 },
            "end": { "line": 49, "column": 35 }
          }
        ],
        "line": 49
      }
    },
    "s": { "0": 7, "1": 2, "2": 0, "3": 0 },
    "f": { "0": 2, "1": 0, "2": 0 },
    "b": { "0": [2, 0], "1": [2, 0] },
    "_coverageSchema": "1a1c01bbd47fc00a2c39e90264f33305004495a9",
    "hash": "7239113099aa005e833b9327000e40739974460f"
  }
}
