TN:
SF:Components/alert.tsx
FN:10,(anonymous_0)
FNF:1
FNH:1
FNDA:3,(anonymous_0)
DA:10,1
DA:11,3
DA:13,3
DA:15,3
DA:16,1
DA:23,2
DA:24,1
DA:31,1
LF:8
LH:8
BRDA:15,0,0,1
BRDA:15,0,1,2
BRDA:23,1,0,1
BRDA:23,1,1,1
BRF:4
BRH:4
end_of_record
TN:
SF:Components/button.tsx
FN:9,(anonymous_0)
FN:21,(anonymous_1)
FN:28,(anonymous_2)
FN:35,(anonymous_3)
FNF:4
FNH:4
FNDA:7,(anonymous_0)
FNDA:1,(anonymous_1)
FNDA:1,(anonymous_2)
FNDA:1,(anonymous_3)
DA:9,1
DA:10,7
DA:12,7
DA:14,7
DA:21,1
DA:28,1
DA:35,1
LF:7
LH:7
BRF:0
BRH:0
end_of_record
TN:
SF:Components/buttonSave.tsx
FN:9,(anonymous_0)
FNF:1
FNH:1
FNDA:2,(anonymous_0)
DA:9,1
DA:10,2
DA:12,2
DA:14,2
LF:4
LH:4
BRF:0
BRH:0
end_of_record
TN:
SF:Context/context.tsx
FN:65,(anonymous_0)
FN:67,(anonymous_1)
FN:69,(anonymous_2)
FN:70,(anonymous_3)
FN:73,(anonymous_4)
FN:75,(anonymous_5)
FN:76,(anonymous_6)
FN:79,(anonymous_7)
FN:86,(anonymous_8)
FN:87,(anonymous_9)
FN:90,(anonymous_10)
FN:92,(anonymous_11)
FN:93,(anonymous_12)
FN:94,(anonymous_13)
FN:95,(anonymous_14)
FN:96,(anonymous_15)
FN:99,(anonymous_16)
FN:100,(anonymous_17)
FN:101,(anonymous_18)
FN:108,(anonymous_19)
FNF:20
FNH:0
FNDA:0,(anonymous_0)
FNDA:0,(anonymous_1)
FNDA:0,(anonymous_2)
FNDA:0,(anonymous_3)
FNDA:0,(anonymous_4)
FNDA:0,(anonymous_5)
FNDA:0,(anonymous_6)
FNDA:0,(anonymous_7)
FNDA:0,(anonymous_8)
FNDA:0,(anonymous_9)
FNDA:0,(anonymous_10)
FNDA:0,(anonymous_11)
FNDA:0,(anonymous_12)
FNDA:0,(anonymous_13)
FNDA:0,(anonymous_14)
FNDA:0,(anonymous_15)
FNDA:0,(anonymous_16)
FNDA:0,(anonymous_17)
FNDA:0,(anonymous_18)
FNDA:0,(anonymous_19)
DA:63,3
DA:87,0
LF:2
LH:1
BRF:0
BRH:0
end_of_record
TN:
SF:utils/buttonOptions.tsx
FN:3,(anonymous_0)
FN:11,(anonymous_1)
FN:19,(anonymous_2)
FNF:3
FNH:0
FNDA:0,(anonymous_0)
FNDA:0,(anonymous_1)
FNDA:0,(anonymous_2)
DA:1,3
DA:4,0
DA:9,3
DA:12,0
DA:17,3
DA:20,0
LF:6
LH:3
BRDA:4,0,0,0
BRDA:4,0,1,0
BRDA:4,1,0,0
BRDA:4,1,1,0
BRDA:12,2,0,0
BRDA:12,2,1,0
BRDA:12,3,0,0
BRDA:12,3,1,0
BRDA:12,3,2,0
BRDA:20,4,0,0
BRDA:20,4,1,0
BRDA:20,5,0,0
BRDA:20,5,1,0
BRDA:20,5,2,0
BRF:14
BRH:0
end_of_record
TN:
SF:utils/definedMessages.ts
FNF:0
FNH:0
DA:3,3
DA:8,3
DA:15,3
DA:19,3
DA:31,3
DA:38,3
DA:45,3
DA:49,3
DA:56,3
DA:68,3
DA:79,3
DA:85,3
DA:100,3
DA:109,3
LF:14
LH:14
BRF:0
BRH:0
end_of_record
TN:
SF:utils/showAlertOptions.ts
FNF:0
FNH:0
LF:0
LH:0
BRF:0
BRH:0
end_of_record
