TN:
SF:BadgesArea.tsx
FN:12,(anonymous_0)
FN:31,(anonymous_1)
FN:38,(anonymous_2)
FNF:3
FNH:0
FNDA:0,(anonymous_0)
FNDA:0,(anonymous_1)
FNDA:0,(anonymous_2)
DA:12,0
DA:13,0
DA:17,0
DA:19,0
DA:31,0
DA:38,0
LF:6
LH:0
BRF:0
BRH:0
end_of_record
TN:
SF:BadgesStore.tsx
FN:9,(anonymous_0)
FN:20,(anonymous_1)
FNF:2
FNH:0
FNDA:0,(anonymous_0)
FNDA:0,(anonymous_1)
DA:7,0
DA:9,0
DA:10,0
DA:12,0
DA:18,0
DA:21,0
LF:6
LH:0
BRF:0
BRH:0
end_of_record
TN:
SF:AddBadges/index.tsx
FN:15,(anonymous_0)
FN:18,(anonymous_1)
FNF:2
FNH:2
FNDA:4,(anonymous_0)
FNDA:4,(anonymous_1)
DA:15,1
DA:16,4
DA:18,4
DA:19,4
DA:21,2
DA:23,1
DA:26,4
LF:7
LH:7
BRDA:19,0,0,2
BRDA:19,0,1,2
BRDA:21,1,0,1
BRDA:21,1,1,1
BRF:4
BRH:4
end_of_record
TN:
SF:Components/alert.tsx
FN:10,(anonymous_0)
FNF:1
FNH:1
FNDA:21,(anonymous_0)
DA:10,4
DA:11,21
DA:13,21
DA:15,21
DA:16,1
DA:23,20
DA:24,19
DA:31,1
LF:8
LH:8
BRDA:15,0,0,1
BRDA:15,0,1,20
BRDA:23,1,0,19
BRDA:23,1,1,1
BRF:4
BRH:4
end_of_record
TN:
SF:Components/button.tsx
FN:9,(anonymous_0)
FN:21,(anonymous_1)
FN:28,(anonymous_2)
FN:35,(anonymous_3)
FNF:4
FNH:4
FNDA:25,(anonymous_0)
FNDA:1,(anonymous_1)
FNDA:1,(anonymous_2)
FNDA:1,(anonymous_3)
DA:9,4
DA:10,25
DA:12,25
DA:14,25
DA:21,1
DA:28,1
DA:35,1
LF:7
LH:7
BRF:0
BRH:0
end_of_record
TN:
SF:Components/buttonSave.tsx
FN:9,(anonymous_0)
FNF:1
FNH:1
FNDA:6,(anonymous_0)
DA:9,2
DA:10,6
DA:12,6
DA:14,6
LF:4
LH:4
BRF:0
BRH:0
end_of_record
TN:
SF:Components/conditions.tsx
FN:10,(anonymous_0)
FN:24,(anonymous_1)
FNF:2
FNH:1
FNDA:20,(anonymous_0)
FNDA:0,(anonymous_1)
DA:10,4
DA:11,20
DA:13,20
DA:15,20
DA:17,20
DA:25,0
LF:6
LH:5
BRF:0
BRH:0
end_of_record
TN:
SF:Components/divider.tsx
FN:5,(anonymous_0)
FNF:1
FNH:1
FNDA:19,(anonymous_0)
DA:5,4
DA:6,19
LF:2
LH:2
BRF:0
BRH:0
end_of_record
TN:
SF:Components/file.tsx
FN:9,(anonymous_0)
FNF:1
FNH:1
FNDA:3,(anonymous_0)
DA:9,2
DA:10,3
DA:11,3
DA:13,3
LF:4
LH:4
BRF:0
BRH:0
end_of_record
TN:
SF:Components/imageEdit.tsx
FN:9,(anonymous_0)
FN:22,(anonymous_1)
FN:57,(anonymous_2)
FNF:3
FNH:3
FNDA:14,(anonymous_0)
FNDA:1,(anonymous_1)
FNDA:1,(anonymous_2)
DA:9,3
DA:10,14
DA:12,14
DA:14,14
DA:15,2
DA:23,1
DA:24,1
DA:33,12
DA:58,1
DA:59,1
LF:10
LH:10
BRDA:14,0,0,2
BRDA:14,0,1,12
BRDA:55,1,0,12
BRDA:55,1,1,3
BRF:4
BRH:4
end_of_record
TN:
SF:Components/input.tsx
FN:14,(anonymous_0)
FN:19,(anonymous_1)
FN:23,(anonymous_2)
FNF:3
FNH:3
FNDA:25,(anonymous_0)
FNDA:1,(anonymous_1)
FNDA:1,(anonymous_2)
DA:14,4
DA:15,25
DA:17,25
DA:19,25
DA:20,1
DA:23,25
DA:24,1
DA:27,25
DA:28,20
DA:41,5
LF:10
LH:10
BRDA:27,0,0,20
BRDA:27,0,1,5
BRF:2
BRH:2
end_of_record
TN:
SF:Components/modalDelete.tsx
FN:9,(anonymous_0)
FN:14,closeModal
FN:29,(anonymous_2)
FN:41,(anonymous_3)
FN:51,(anonymous_4)
FNF:5
FNH:4
FNDA:4,(anonymous_0)
FNDA:1,closeModal
FNDA:1,(anonymous_2)
FNDA:1,(anonymous_3)
FNDA:0,(anonymous_4)
DA:9,2
DA:10,4
DA:12,4
DA:15,1
DA:18,4
DA:30,1
DA:31,1
DA:42,1
DA:43,1
DA:52,0
DA:53,0
LF:11
LH:9
BRF:0
BRH:0
end_of_record
TN:
SF:Components/modalEdit.tsx
FN:18,(anonymous_0)
FN:21,(anonymous_1)
FN:31,closeModal
FN:47,(anonymous_3)
FN:59,(anonymous_4)
FN:69,(anonymous_5)
FNF:6
FNH:5
FNDA:7,(anonymous_0)
FNDA:7,(anonymous_1)
FNDA:1,closeModal
FNDA:1,(anonymous_3)
FNDA:1,(anonymous_4)
FNDA:0,(anonymous_5)
DA:18,2
DA:19,7
DA:21,7
DA:22,7
DA:24,2
DA:26,1
DA:29,7
DA:32,1
DA:33,1
DA:36,7
DA:48,1
DA:49,1
DA:60,1
DA:61,1
DA:70,0
DA:71,0
LF:16
LH:14
BRDA:22,0,0,5
BRDA:22,0,1,2
BRDA:24,1,0,1
BRDA:24,1,1,1
BRF:4
BRH:4
end_of_record
TN:
SF:Components/textarea.tsx
FN:9,(anonymous_0)
FN:19,(anonymous_1)
FNF:2
FNH:2
FNDA:5,(anonymous_0)
FNDA:1,(anonymous_1)
DA:9,4
DA:10,5
DA:12,5
DA:14,5
DA:20,1
LF:5
LH:5
BRF:0
BRH:0
end_of_record
TN:
SF:Components/validations.tsx
FN:6,(anonymous_0)
FN:11,(anonymous_1)
FNF:2
FNH:2
FNDA:20,(anonymous_0)
FNDA:1,(anonymous_1)
DA:6,4
DA:7,20
DA:9,20
DA:12,1
LF:4
LH:4
BRF:0
BRH:0
end_of_record
TN:
SF:Context/context.tsx
FN:64,(anonymous_0)
FN:66,(anonymous_1)
FN:68,(anonymous_2)
FN:69,(anonymous_3)
FN:72,(anonymous_4)
FN:74,(anonymous_5)
FN:75,(anonymous_6)
FN:78,(anonymous_7)
FN:85,(anonymous_8)
FN:88,(anonymous_9)
FN:90,(anonymous_10)
FN:91,(anonymous_11)
FN:92,(anonymous_12)
FN:93,(anonymous_13)
FN:94,(anonymous_14)
FN:97,(anonymous_15)
FN:98,(anonymous_16)
FN:99,(anonymous_17)
FN:106,(anonymous_18)
FNF:19
FNH:0
FNDA:0,(anonymous_0)
FNDA:0,(anonymous_1)
FNDA:0,(anonymous_2)
FNDA:0,(anonymous_3)
FNDA:0,(anonymous_4)
FNDA:0,(anonymous_5)
FNDA:0,(anonymous_6)
FNDA:0,(anonymous_7)
FNDA:0,(anonymous_8)
FNDA:0,(anonymous_9)
FNDA:0,(anonymous_10)
FNDA:0,(anonymous_11)
FNDA:0,(anonymous_12)
FNDA:0,(anonymous_13)
FNDA:0,(anonymous_14)
FNDA:0,(anonymous_15)
FNDA:0,(anonymous_16)
FNDA:0,(anonymous_17)
FNDA:0,(anonymous_18)
DA:62,16
LF:1
LH:1
BRF:0
BRH:0
end_of_record
TN:
SF:EditBadges/index.tsx
FN:11,(anonymous_0)
FN:27,(anonymous_1)
FN:28,(anonymous_2)
FN:33,(anonymous_3)
FN:35,(anonymous_4)
FN:41,handleNextClick
FN:49,handlePrevClick
FN:60,goToPage
FN:72,handleRowsChange
FN:91,(anonymous_9)
FN:95,(anonymous_10)
FN:101,(anonymous_11)
FNF:12
FNH:8
FNDA:6,(anonymous_0)
FNDA:0,(anonymous_1)
FNDA:0,(anonymous_2)
FNDA:0,(anonymous_3)
FNDA:0,(anonymous_4)
FNDA:1,handleNextClick
FNDA:1,handlePrevClick
FNDA:2,goToPage
FNDA:1,handleRowsChange
FNDA:1,(anonymous_9)
FNDA:1,(anonymous_10)
FNDA:1,(anonymous_11)
DA:11,1
DA:12,6
DA:13,6
DA:14,6
DA:25,6
DA:27,0
DA:29,0
DA:33,0
DA:36,0
DA:42,1
DA:43,1
DA:44,1
DA:46,1
DA:50,1
DA:51,1
DA:53,1
DA:55,1
DA:57,1
DA:65,2
DA:73,1
DA:79,6
DA:80,5
DA:82,4
DA:92,1
DA:93,1
DA:96,1
DA:97,1
DA:102,1
DA:103,1
LF:29
LH:25
BRDA:50,0,0,0
BRDA:50,0,1,1
BRDA:79,1,0,1
BRDA:79,1,1,5
BRDA:80,2,0,1
BRDA:80,2,1,4
BRF:6
BRH:5
end_of_record
TN:
SF:Provider/provider.tsx
FN:29,(anonymous_0)
FN:73,(anonymous_1)
FN:79,(anonymous_2)
FN:87,(anonymous_3)
FN:92,(anonymous_4)
FN:100,(anonymous_5)
FN:105,(anonymous_6)
FN:113,(anonymous_7)
FN:118,(anonymous_8)
FN:126,(anonymous_9)
FN:131,(anonymous_10)
FN:139,(anonymous_11)
FN:144,(anonymous_12)
FN:152,(anonymous_13)
FN:163,(anonymous_14)
FN:173,(anonymous_15)
FN:175,(anonymous_16)
FN:188,(anonymous_17)
FN:196,(anonymous_18)
FN:200,chooseFile
FN:204,setConditionsFunction
FN:208,handleToggleOperator
FN:212,setPaginationFunction
FN:216,getUrl
FN:228,validateIfAllFieldsIsComplete
FN:252,save
FN:283,saving
FN:299,clickDelete
FN:304,deleteBadges
FN:320,clickEdit
FN:326,(anonymous_30)
FN:361,editBadges
FN:401,clearValue
FNF:33
FNH:28
FNDA:57,(anonymous_0)
FNDA:14,(anonymous_1)
FNDA:6,(anonymous_2)
FNDA:14,(anonymous_3)
FNDA:6,(anonymous_4)
FNDA:14,(anonymous_5)
FNDA:9,(anonymous_6)
FNDA:14,(anonymous_7)
FNDA:3,(anonymous_8)
FNDA:14,(anonymous_9)
FNDA:3,(anonymous_10)
FNDA:14,(anonymous_11)
FNDA:6,(anonymous_12)
FNDA:11,(anonymous_13)
FNDA:12,(anonymous_14)
FNDA:11,(anonymous_15)
FNDA:0,(anonymous_16)
FNDA:14,(anonymous_17)
FNDA:1,(anonymous_18)
FNDA:2,chooseFile
FNDA:1,setConditionsFunction
FNDA:1,handleToggleOperator
FNDA:1,setPaginationFunction
FNDA:0,getUrl
FNDA:2,validateIfAllFieldsIsComplete
FNDA:2,save
FNDA:1,saving
FNDA:2,clickDelete
FNDA:1,deleteBadges
FNDA:0,clickEdit
FNDA:0,(anonymous_30)
FNDA:0,editBadges
FNDA:1,clearValue
DA:29,1
DA:30,57
DA:31,57
DA:32,57
DA:33,57
DA:34,57
DA:35,57
DA:36,57
DA:37,57
DA:42,57
DA:49,57
DA:50,57
DA:51,57
DA:52,57
DA:53,57
DA:54,57
DA:56,57
DA:57,57
DA:59,57
DA:61,57
DA:62,57
DA:63,57
DA:64,57
DA:66,57
DA:67,57
DA:68,57
DA:69,57
DA:70,57
DA:71,57
DA:73,57
DA:74,14
DA:76,3
DA:78,3
DA:80,6
DA:84,3
DA:87,57
DA:88,14
DA:89,3
DA:91,3
DA:93,6
DA:97,3
DA:100,57
DA:101,14
DA:102,3
DA:104,3
DA:106,9
DA:110,3
DA:113,57
DA:114,14
DA:115,3
DA:117,3
DA:119,3
DA:123,3
DA:126,57
DA:127,14
DA:128,3
DA:130,3
DA:132,3
DA:136,3
DA:139,57
DA:140,14
DA:141,3
DA:143,3
DA:145,6
DA:149,3
DA:152,57
DA:153,11
DA:154,11
DA:155,0
DA:157,0
DA:160,11
DA:163,57
DA:164,12
DA:165,12
DA:173,57
DA:174,11
DA:176,0
DA:188,57
DA:189,14
DA:196,57
DA:197,1
DA:201,2
DA:205,1
DA:209,1
DA:213,1
DA:217,0
DA:218,0
DA:222,0
DA:224,0
DA:229,2
DA:231,2
DA:232,1
DA:235,2
DA:237,2
DA:239,2
DA:241,2
DA:242,1
DA:245,2
DA:247,1
DA:249,1
DA:253,2
DA:254,2
DA:255,2
DA:257,2
DA:258,1
DA:259,1
DA:261,1
DA:262,1
DA:263,1
DA:265,1
DA:267,1
DA:268,0
DA:270,1
DA:273,1
DA:275,1
DA:277,1
DA:279,0
DA:284,1
DA:288,1
DA:289,1
DA:291,1
DA:294,0
DA:296,0
DA:300,2
DA:301,2
DA:305,1
DA:307,1
DA:311,1
DA:312,1
DA:313,1
DA:314,0
DA:316,0
DA:321,0
DA:322,0
DA:324,0
DA:325,0
DA:331,0
DA:339,0
DA:344,0
DA:345,0
DA:346,0
DA:347,0
DA:348,0
DA:349,0
DA:350,0
DA:352,0
DA:353,0
DA:354,0
DA:357,0
DA:358,0
DA:362,0
DA:364,0
DA:366,0
DA:367,0
DA:369,0
DA:370,0
DA:371,0
DA:373,0
DA:375,0
DA:379,0
DA:381,0
DA:384,0
DA:386,0
DA:390,0
DA:391,0
DA:392,0
DA:393,0
DA:394,0
DA:396,0
DA:402,1
DA:403,1
DA:405,1
DA:406,1
DA:407,1
DA:408,1
DA:410,1
DA:416,57
LF:177
LH:127
BRDA:74,0,0,11
BRDA:74,0,1,3
BRDA:88,1,0,11
BRDA:88,1,1,3
BRDA:101,2,0,11
BRDA:101,2,1,3
BRDA:114,3,0,11
BRDA:114,3,1,3
BRDA:127,4,0,11
BRDA:127,4,1,3
BRDA:140,5,0,11
BRDA:140,5,1,3
BRDA:154,6,0,0
BRDA:154,6,1,11
BRDA:217,7,0,0
BRDA:217,7,1,0
BRDA:222,8,0,0
BRDA:222,8,1,0
BRDA:231,9,0,1
BRDA:231,9,1,1
BRDA:239,10,0,1
BRDA:239,10,1,1
BRDA:241,11,0,1
BRDA:241,11,1,1
BRDA:245,12,0,1
BRDA:245,12,1,1
BRDA:257,13,0,1
BRDA:257,13,1,1
BRDA:267,14,0,0
BRDA:267,14,1,1
BRDA:288,15,0,1
BRDA:288,15,1,0
BRDA:311,16,0,1
BRDA:311,16,1,0
BRDA:334,17,0,0
BRDA:334,17,1,0
BRDA:345,18,0,0
BRDA:345,18,1,0
BRDA:348,19,0,0
BRDA:348,19,1,0
BRDA:366,20,0,0
BRDA:366,20,1,0
BRDA:375,21,0,0
BRDA:375,21,1,0
BRDA:376,22,0,0
BRDA:376,22,1,0
BRDA:390,23,0,0
BRDA:390,23,1,0
BRF:48
BRH:26
end_of_record
TN:
SF:utils/autoComplete.tsx
FN:23,(anonymous_0)
FN:38,(anonymous_1)
FN:56,(anonymous_2)
FN:58,(anonymous_3)
FN:62,(anonymous_4)
FN:65,(anonymous_5)
FN:71,(anonymous_6)
FN:81,(anonymous_7)
FN:88,(anonymous_8)
FN:97,(anonymous_9)
FNF:10
FNH:5
FNDA:1,(anonymous_0)
FNDA:1,(anonymous_1)
FNDA:1,(anonymous_2)
FNDA:1,(anonymous_3)
FNDA:1,(anonymous_4)
FNDA:0,(anonymous_5)
FNDA:0,(anonymous_6)
FNDA:0,(anonymous_7)
FNDA:0,(anonymous_8)
FNDA:0,(anonymous_9)
DA:23,6
DA:32,1
DA:33,1
DA:34,1
DA:36,1
DA:38,1
DA:39,1
DA:56,1
DA:58,1
DA:59,1
DA:62,1
DA:63,1
DA:64,1
DA:67,0
DA:72,0
DA:80,1
DA:82,0
DA:83,0
DA:84,0
DA:85,0
DA:88,0
DA:89,0
DA:90,0
DA:91,0
DA:94,0
DA:97,0
DA:102,1
LF:27
LH:15
BRDA:59,0,0,0
BRDA:59,0,1,1
BRDA:63,1,0,1
BRDA:63,1,1,0
BRDA:69,2,0,1
BRDA:69,2,1,0
BRDA:72,3,0,0
BRDA:72,3,1,0
BRDA:82,4,0,0
BRDA:82,4,1,0
BRDA:84,5,0,0
BRDA:84,5,1,0
BRDA:99,6,0,0
BRDA:99,6,1,1
BRF:14
BRH:4
end_of_record
TN:
SF:utils/buttonOptions.tsx
FN:3,(anonymous_0)
FN:11,(anonymous_1)
FN:19,(anonymous_2)
FNF:3
FNH:3
FNDA:2,(anonymous_0)
FNDA:1,(anonymous_1)
FNDA:2,(anonymous_2)
DA:1,15
DA:4,2
DA:9,15
DA:12,1
DA:17,15
DA:20,2
LF:6
LH:6
BRDA:4,0,0,2
BRDA:4,0,1,0
BRDA:4,1,0,2
BRDA:4,1,1,1
BRDA:12,2,0,1
BRDA:12,2,1,0
BRDA:12,3,0,1
BRDA:12,3,1,1
BRDA:12,3,2,0
BRDA:20,4,0,1
BRDA:20,4,1,1
BRDA:20,5,0,2
BRDA:20,5,1,2
BRDA:20,5,2,1
BRF:14
BRH:11
end_of_record
TN:
SF:utils/conditionsProps.tsx
FN:8,(anonymous_0)
FN:15,(anonymous_1)
FN:21,(anonymous_2)
FN:28,conditionsPropsValues
FN:37,(anonymous_4)
FN:53,decisionBetweenTextImageHtml
FN:65,createMarkup
FN:69,conditionsFunction
FN:82,(anonymous_8)
FNF:9
FNH:0
FNDA:0,(anonymous_0)
FNDA:0,(anonymous_1)
FNDA:0,(anonymous_2)
FNDA:0,conditionsPropsValues
FNDA:0,(anonymous_4)
FNDA:0,decisionBetweenTextImageHtml
FNDA:0,createMarkup
FNDA:0,conditionsFunction
FNDA:0,(anonymous_8)
DA:8,0
DA:13,0
DA:15,0
DA:16,0
DA:18,0
DA:21,0
DA:22,0
DA:25,0
DA:34,0
DA:38,0
DA:40,0
DA:42,0
DA:50,0
DA:54,0
DA:55,0
DA:58,0
DA:59,0
DA:62,0
DA:66,0
DA:80,0
DA:82,0
DA:83,0
DA:84,0
DA:92,0
DA:94,0
DA:103,0
DA:107,0
LF:27
LH:0
BRDA:16,0,0,0
BRDA:16,0,1,0
BRDA:54,1,0,0
BRDA:54,1,1,0
BRDA:58,2,0,0
BRDA:58,2,1,0
BRDA:83,3,0,0
BRDA:83,3,1,0
BRF:8
BRH:0
end_of_record
TN:
SF:utils/optionsConditions.tsx
FN:8,optionsFunctions
FN:18,(anonymous_1)
FN:23,(anonymous_2)
FN:33,(anonymous_3)
FN:38,(anonymous_4)
FN:48,(anonymous_5)
FN:53,(anonymous_6)
FN:63,(anonymous_7)
FN:70,(anonymous_8)
FN:82,(anonymous_9)
FN:87,(anonymous_10)
FN:97,(anonymous_11)
FN:104,(anonymous_12)
FNF:13
FNH:13
FNDA:26,optionsFunctions
FNDA:1,(anonymous_1)
FNDA:1,(anonymous_2)
FNDA:1,(anonymous_3)
FNDA:1,(anonymous_4)
FNDA:1,(anonymous_5)
FNDA:1,(anonymous_6)
FNDA:1,(anonymous_7)
FNDA:1,(anonymous_8)
FNDA:1,(anonymous_9)
FNDA:1,(anonymous_10)
FNDA:1,(anonymous_11)
FNDA:1,(anonymous_12)
DA:9,26
DA:11,26
DA:18,1
DA:23,1
DA:33,1
DA:38,1
DA:48,1
DA:53,1
DA:64,1
DA:71,1
DA:82,1
DA:87,1
DA:98,1
DA:105,1
LF:14
LH:14
BRF:0
BRH:0
end_of_record
TN:
SF:utils/specificationValues.tsx
FN:10,(anonymous_0)
FN:22,(anonymous_1)
FN:40,(anonymous_2)
FNF:3
FNH:1
FNDA:2,(anonymous_0)
FNDA:0,(anonymous_1)
FNDA:0,(anonymous_2)
DA:10,6
DA:17,2
DA:23,0
DA:41,0
LF:4
LH:2
BRDA:31,0,0,2
BRDA:31,0,1,0
BRDA:49,1,0,2
BRDA:49,1,1,0
BRF:4
BRH:2
end_of_record
